2024-09-29 19:00:33,439 - INFO - Loaded existing files tracker from S3.
2024-09-29 19:00:35,617 - INFO - Working on 2024 files
2024-09-29 19:00:35,956 - INFO - Loaded existing files tracker from S3.
2024-09-29 19:00:36,135 - INFO - Year 2024 processed: 0 new files uploaded to S3 bucket sipsa-bucket.
2024-09-29 19:00:37,043 - INFO - Working on 2023 files
2024-09-29 19:00:37,488 - INFO - Loaded existing files tracker from S3.
2024-09-29 19:00:37,647 - INFO - Year 2023 processed: 0 new files uploaded to S3 bucket sipsa-bucket.
2024-09-29 19:00:38,501 - INFO - Working on 2022 files
2024-09-29 19:00:38,941 - INFO - Loaded existing files tracker from S3.
2024-09-29 19:00:38,967 - ERROR - Failed to download file from https://www.dane.gov.cohttps://www.dane.gov.co/files/investigaciones/agropecuario/sipsa/anex_22oct_al_28oct_2022.xlsx: HTTPSConnectionPool(host='www.dane.gov.cohttps', port=443): Max retries exceeded with url: /www.dane.gov.co/files/investigaciones/agropecuario/sipsa/anex_22oct_al_28oct_2022.xlsx (Caused by NewConnectionError('<urllib3.connection.HTTPSConnection object at 0x000002551EDCCCA0>: Failed to establish a new connection: [Errno 11001] getaddrinfo failed'))
2024-09-29 19:00:38,975 - ERROR - Failed to download file from https://www.dane.gov.cohttps://www.dane.gov.co/files/investigaciones/agropecuario/sipsa/anex_15oct_al_21oct_2022.xlsx: HTTPSConnectionPool(host='www.dane.gov.cohttps', port=443): Max retries exceeded with url: /www.dane.gov.co/files/investigaciones/agropecuario/sipsa/anex_15oct_al_21oct_2022.xlsx (Caused by NewConnectionError('<urllib3.connection.HTTPSConnection object at 0x000002551EDCCD00>: Failed to establish a new connection: [Errno 11001] getaddrinfo failed'))
2024-09-29 19:00:39,135 - INFO - Year 2022 processed: 0 new files uploaded to S3 bucket sipsa-bucket.
2024-09-29 19:00:40,154 - INFO - Working on 2021 files
2024-09-29 19:00:40,623 - INFO - Loaded existing files tracker from S3.
2024-09-29 19:00:40,771 - INFO - Year 2021 processed: 0 new files uploaded to S3 bucket sipsa-bucket.
2024-09-29 19:00:41,607 - INFO - Working on 2020 files
2024-09-29 19:00:41,968 - INFO - Loaded existing files tracker from S3.
2024-09-29 19:00:42,136 - INFO - Year 2020 processed: 0 new files uploaded to S3 bucket sipsa-bucket.
2024-09-29 19:00:42,989 - INFO - Working on 2019 files
2024-09-29 19:00:43,432 - INFO - Loaded existing files tracker from S3.
2024-09-29 19:00:43,587 - INFO - Year 2019 processed: 0 new files uploaded to S3 bucket sipsa-bucket.
2024-09-29 19:00:44,413 - INFO - Working on 2018 files
2024-09-29 19:00:44,868 - INFO - Loaded existing files tracker from S3.
2024-09-29 19:00:45,019 - INFO - Year 2018 processed: 0 new files uploaded to S3 bucket sipsa-bucket.
2024-09-29 19:00:45,862 - INFO - Working on 2017 files
2024-09-29 19:00:46,327 - INFO - Loaded existing files tracker from S3.
2024-09-29 19:00:46,565 - INFO - Year 2017 processed: 0 new files uploaded to S3 bucket sipsa-bucket.
2024-09-29 19:00:47,471 - INFO - Working on 2016 files
2024-09-29 19:00:49,086 - INFO - Loaded existing files tracker from S3.
2024-09-29 19:00:49,254 - INFO - Year 2016 processed: 0 new files uploaded to S3 bucket sipsa-bucket.
2024-09-29 19:00:50,043 - INFO - Working on 2015 files
2024-09-29 19:00:50,382 - INFO - Loaded existing files tracker from S3.
2024-09-29 19:00:50,569 - INFO - Year 2015 processed: 0 new files uploaded to S3 bucket sipsa-bucket.
2024-09-29 19:00:51,423 - INFO - Working on 14-1 files
2024-09-29 19:00:51,742 - INFO - Loaded existing files tracker from S3.
2024-09-29 19:00:51,888 - INFO - Year 14-1 processed: 0 new files uploaded to S3 bucket sipsa-bucket.
2024-09-29 19:00:52,724 - INFO - Working on 13-1 files
2024-09-29 19:00:53,033 - INFO - Loaded existing files tracker from S3.
2024-09-29 19:00:53,204 - INFO - Year 13-1 processed: 0 new files uploaded to S3 bucket sipsa-bucket.
2024-09-29 19:00:53,997 - INFO - Working on 12-1 files
2024-09-29 19:00:54,309 - INFO - Loaded existing files tracker from S3.
2024-09-29 19:00:54,438 - INFO - Year 12-1 processed: 0 new files uploaded to S3 bucket sipsa-bucket.
2024-09-29 19:00:54,438 - INFO - Log file logfile uploaded successfully to S3 bucket sipsa-bucket.
2024-09-29 19:00:54,438 - INFO - Fetching first format paths from bucket: sipsa-bucket
2024-09-29 19:00:54,999 - INFO - Found 285 files for the first format.
2024-09-29 19:00:54,999 - INFO - Fetching second format paths from bucket: sipsa-bucket
2024-09-29 19:00:55,484 - INFO - Found 333 files for the second format.
2024-09-29 19:00:55,484 - INFO - Started working on first batch of files
2024-09-29 19:00:58,896 - WARNING - Invalid rows found and removed
2024-09-29 19:01:00,565 - INFO - Data successfully inserted into product_prices.
2024-09-29 19:01:03,670 - WARNING - Invalid rows found and removed
2024-09-29 19:01:04,845 - INFO - Data successfully inserted into product_prices.
2024-09-29 19:01:08,091 - WARNING - Invalid rows found and removed
2024-09-29 19:01:09,205 - INFO - Data successfully inserted into product_prices.
2024-09-29 19:01:09,755 - ERROR - Failed to read Excel file reports/2012/week_4_Anexo_Bol_Semanal_SIPSA_Diciembre_1_2012.xls with xlrd: Excel xlsx file; not supported
2024-09-29 19:01:12,827 - WARNING - Invalid rows found and removed
2024-09-29 19:01:13,940 - INFO - Data successfully inserted into product_prices.
2024-09-29 19:01:17,014 - WARNING - Invalid rows found and removed
2024-09-29 19:01:18,065 - INFO - Data successfully inserted into product_prices.
2024-09-29 19:01:18,373 - ERROR - Failed to read Excel file reports/2012/week_7_Anexo_Bol_Semanal_SIPSA_Diciembre_28_2012.xls with xlrd: Excel xlsx file; not supported
2024-09-29 19:01:21,435 - WARNING - Invalid rows found and removed
2024-09-29 19:01:22,597 - INFO - Data successfully inserted into product_prices.
2024-09-29 19:01:25,983 - WARNING - Invalid rows found and removed
2024-09-29 19:01:27,065 - INFO - Data successfully inserted into product_prices.
2024-09-29 19:01:30,374 - WARNING - Invalid rows found and removed
2024-09-29 19:01:31,518 - INFO - Data successfully inserted into product_prices.
2024-09-29 19:01:35,092 - WARNING - Invalid rows found and removed
2024-09-29 19:01:36,323 - INFO - Data successfully inserted into product_prices.
2024-09-29 19:01:39,813 - WARNING - Invalid rows found and removed
2024-09-29 19:01:40,989 - INFO - Data successfully inserted into product_prices.
2024-09-29 19:01:41,273 - ERROR - Failed to read Excel file reports/2013/week_15_Anexo_Bol_Semanal_SIPSA_abril6_2013.xls with xlrd: Excel xlsx file; not supported
2024-09-29 19:01:44,864 - WARNING - Invalid rows found and removed
2024-09-29 19:01:45,880 - INFO - Data successfully inserted into product_prices.
2024-09-29 19:01:50,380 - WARNING - Invalid rows found and removed
2024-09-29 19:01:51,541 - INFO - Data successfully inserted into product_prices.
2024-09-29 19:01:55,249 - WARNING - Invalid rows found and removed
2024-09-29 19:01:56,641 - INFO - Data successfully inserted into product_prices.
2024-09-29 19:02:01,549 - WARNING - Invalid rows found and removed
2024-09-29 19:02:02,771 - INFO - Data successfully inserted into product_prices.
2024-09-29 19:02:08,188 - WARNING - Invalid rows found and removed
2024-09-29 19:02:09,481 - INFO - Data successfully inserted into product_prices.
2024-09-29 19:02:18,479 - WARNING - Invalid rows found and removed
2024-09-29 19:02:19,784 - INFO - Data successfully inserted into product_prices.
2024-09-29 19:02:29,649 - WARNING - Invalid rows found and removed
2024-09-29 19:02:30,953 - INFO - Data successfully inserted into product_prices.
2024-09-29 19:02:38,101 - WARNING - Invalid rows found and removed
2024-09-29 19:02:39,400 - INFO - Data successfully inserted into product_prices.
2024-09-29 19:02:44,733 - WARNING - Invalid rows found and removed
2024-09-29 19:02:46,306 - INFO - Data successfully inserted into product_prices.
2024-09-29 19:02:51,168 - WARNING - Invalid rows found and removed
2024-09-29 19:02:52,478 - INFO - Data successfully inserted into product_prices.
2024-09-29 19:02:57,024 - WARNING - Invalid rows found and removed
2024-09-29 19:02:58,374 - INFO - Data successfully inserted into product_prices.
2024-09-29 19:03:02,625 - WARNING - Invalid rows found and removed
2024-09-29 19:03:04,082 - INFO - Data successfully inserted into product_prices.
2024-09-29 19:03:07,872 - WARNING - Invalid rows found and removed
2024-09-29 19:03:09,102 - INFO - Data successfully inserted into product_prices.
2024-09-29 19:03:13,347 - WARNING - Invalid rows found and removed
2024-09-29 19:03:14,526 - INFO - Data successfully inserted into product_prices.
2024-09-29 19:03:19,441 - WARNING - Invalid rows found and removed
2024-09-29 19:03:20,569 - INFO - Data successfully inserted into product_prices.
2024-09-29 19:03:23,453 - WARNING - Invalid rows found and removed
2024-09-29 19:03:24,577 - INFO - Data successfully inserted into product_prices.
2024-09-29 19:03:28,357 - WARNING - Invalid rows found and removed
2024-09-29 19:03:29,755 - INFO - Data successfully inserted into product_prices.
2024-09-29 19:03:31,919 - WARNING - Invalid rows found and removed
2024-09-29 19:03:33,008 - INFO - Data successfully inserted into product_prices.
2024-09-29 19:03:33,338 - ERROR - Failed to read Excel file reports/2013/week_32_Anexo_Bol_Semanal_ago10_2013.xls with xlrd: Excel xlsx file; not supported
2024-09-29 19:03:36,164 - WARNING - Invalid rows found and removed
2024-09-29 19:03:37,260 - INFO - Data successfully inserted into product_prices.
2024-09-29 19:03:41,480 - WARNING - Invalid rows found and removed
2024-09-29 19:03:42,512 - INFO - Data successfully inserted into product_prices.
2024-09-29 19:03:46,084 - WARNING - Invalid rows found and removed
2024-09-29 19:03:47,262 - INFO - Data successfully inserted into product_prices.
2024-09-29 19:03:50,462 - WARNING - Invalid rows found and removed
2024-09-29 19:03:51,762 - INFO - Data successfully inserted into product_prices.
2024-09-29 19:03:56,776 - WARNING - Invalid rows found and removed
2024-09-29 19:03:58,088 - INFO - Data successfully inserted into product_prices.
2024-09-29 19:04:02,519 - WARNING - Invalid rows found and removed
2024-09-29 19:04:03,810 - INFO - Data successfully inserted into product_prices.
2024-09-29 19:04:11,145 - WARNING - Invalid rows found and removed
2024-09-29 19:04:12,542 - INFO - Data successfully inserted into product_prices.
2024-09-29 19:04:13,279 - ERROR - Failed to read Excel file reports/2013/week_3_Anexo_Bol_Semanal_SIPSA_enero_12_2013.xls with xlrd: Excel xlsx file; not supported
2024-09-29 19:04:20,346 - WARNING - Invalid rows found and removed
2024-09-29 19:04:21,637 - INFO - Data successfully inserted into product_prices.
2024-09-29 19:04:27,415 - WARNING - Invalid rows found and removed
2024-09-29 19:04:28,627 - INFO - Data successfully inserted into product_prices.
2024-09-29 19:04:34,048 - WARNING - Invalid rows found and removed
2024-09-29 19:04:35,435 - INFO - Data successfully inserted into product_prices.
2024-09-29 19:04:40,362 - WARNING - Invalid rows found and removed
2024-09-29 19:04:41,630 - INFO - Data successfully inserted into product_prices.
2024-09-29 19:04:47,262 - WARNING - Invalid rows found and removed
2024-09-29 19:04:48,358 - INFO - Data successfully inserted into product_prices.
2024-09-29 19:04:53,524 - WARNING - Invalid rows found and removed
2024-09-29 19:04:54,719 - INFO - Data successfully inserted into product_prices.
2024-09-29 19:04:59,039 - WARNING - Invalid rows found and removed
2024-09-29 19:05:00,360 - INFO - Data successfully inserted into product_prices.
2024-09-29 19:05:04,600 - WARNING - Invalid rows found and removed
2024-09-29 19:05:06,874 - INFO - Data successfully inserted into product_prices.
2024-09-29 19:05:07,532 - ERROR - Failed to read Excel file reports/2013/week_48_Anexo_Bol_Semanal_nov29_2013.xls with xlrd: Excel xlsx file; not supported
2024-09-29 19:05:12,387 - WARNING - Invalid rows found and removed
2024-09-29 19:05:14,168 - INFO - Data successfully inserted into product_prices.
2024-09-29 19:05:21,457 - WARNING - Invalid rows found and removed
2024-09-29 19:05:22,576 - INFO - Data successfully inserted into product_prices.
2024-09-29 19:05:27,820 - WARNING - Invalid rows found and removed
2024-09-29 19:05:29,108 - INFO - Data successfully inserted into product_prices.
2024-09-29 19:05:35,693 - WARNING - Invalid rows found and removed
2024-09-29 19:05:36,897 - INFO - Data successfully inserted into product_prices.
2024-09-29 19:05:42,931 - WARNING - Invalid rows found and removed
2024-09-29 19:05:44,475 - INFO - Data successfully inserted into product_prices.
2024-09-29 19:05:45,607 - ERROR - Failed to read Excel file reports/2013/week_6_Anexo_Bol_Semanal_SIPSA_febrero_2_2013.xls with xlrd: Excel xlsx file; not supported
2024-09-29 19:05:45,738 - ERROR - Failed to read Excel file reports/2013/week_7_Anexo_Bol_Semanal_SIPSA_febrero_9_2013.xls with xlrd: Excel xlsx file; not supported
2024-09-29 19:05:49,152 - WARNING - Invalid rows found and removed
2024-09-29 19:05:50,225 - INFO - Data successfully inserted into product_prices.
2024-09-29 19:05:54,627 - WARNING - Invalid rows found and removed
2024-09-29 19:05:55,787 - INFO - Data successfully inserted into product_prices.
2024-09-29 19:05:59,416 - WARNING - Invalid rows found and removed
2024-09-29 19:06:00,767 - INFO - Data successfully inserted into product_prices.
2024-09-29 19:06:04,838 - WARNING - Invalid rows found and removed
2024-09-29 19:06:06,190 - INFO - Data successfully inserted into product_prices.
2024-09-29 19:06:09,838 - WARNING - Invalid rows found and removed
2024-09-29 19:06:11,100 - INFO - Data successfully inserted into product_prices.
2024-09-29 19:06:11,491 - ERROR - Failed to read Excel file reports/2014/week_13_Anexo_Bol_Semanal_mar22_2014.xls with xlrd: Excel xlsx file; not supported
2024-09-29 19:06:14,963 - WARNING - Invalid rows found and removed
2024-09-29 19:06:16,236 - INFO - Data successfully inserted into product_prices.
2024-09-29 19:06:20,073 - WARNING - Invalid rows found and removed
2024-09-29 19:06:21,416 - INFO - Data successfully inserted into product_prices.
2024-09-29 19:06:25,735 - WARNING - Invalid rows found and removed
2024-09-29 19:06:26,872 - INFO - Data successfully inserted into product_prices.
2024-09-29 19:06:30,841 - WARNING - Invalid rows found and removed
2024-09-29 19:06:32,822 - INFO - Data successfully inserted into product_prices.
2024-09-29 19:06:33,222 - ERROR - Failed to read Excel file reports/2014/week_18_Anexo_Bol_Semanal_may2_2014.xls with xlrd: Excel xlsx file; not supported
2024-09-29 19:06:33,341 - ERROR - Failed to read Excel file reports/2014/week_19_Anexo_Bol_Semanal_may3_2014.xls with xlrd: Excel xlsx file; not supported
2024-09-29 19:06:37,690 - WARNING - Invalid rows found and removed
2024-09-29 19:06:38,871 - INFO - Data successfully inserted into product_prices.
2024-09-29 19:06:42,517 - WARNING - Invalid rows found and removed
2024-09-29 19:06:43,697 - INFO - Data successfully inserted into product_prices.
2024-09-29 19:06:46,908 - WARNING - Invalid rows found and removed
2024-09-29 19:06:48,419 - INFO - Data successfully inserted into product_prices.
2024-09-29 19:06:52,854 - WARNING - Invalid rows found and removed
2024-09-29 19:06:54,112 - INFO - Data successfully inserted into product_prices.
2024-09-29 19:06:58,217 - WARNING - Invalid rows found and removed
2024-09-29 19:06:59,445 - INFO - Data successfully inserted into product_prices.
2024-09-29 19:07:04,144 - WARNING - Invalid rows found and removed
2024-09-29 19:07:05,740 - INFO - Data successfully inserted into product_prices.
2024-09-29 19:07:09,947 - WARNING - Invalid rows found and removed
2024-09-29 19:07:11,247 - INFO - Data successfully inserted into product_prices.
2024-09-29 19:07:15,231 - WARNING - Invalid rows found and removed
2024-09-29 19:07:16,689 - INFO - Data successfully inserted into product_prices.
2024-09-29 19:07:21,096 - WARNING - Invalid rows found and removed
2024-09-29 19:07:22,385 - INFO - Data successfully inserted into product_prices.
2024-09-29 19:07:26,656 - WARNING - Invalid rows found and removed
2024-09-29 19:07:27,714 - INFO - Data successfully inserted into product_prices.
2024-09-29 19:07:31,553 - WARNING - Invalid rows found and removed
2024-09-29 19:07:32,715 - INFO - Data successfully inserted into product_prices.
2024-09-29 19:07:36,166 - WARNING - Invalid rows found and removed
2024-09-29 19:07:37,346 - INFO - Data successfully inserted into product_prices.
2024-09-29 19:07:41,655 - WARNING - Invalid rows found and removed
2024-09-29 19:07:42,979 - INFO - Data successfully inserted into product_prices.
2024-09-29 19:07:46,937 - WARNING - Invalid rows found and removed
2024-09-29 19:07:48,207 - INFO - Data successfully inserted into product_prices.
2024-09-29 19:07:48,690 - ERROR - Failed to read Excel file reports/2014/week_32_Anexo_Bol_Semanal_ago2_2014.xls with xlrd: Excel xlsx file; not supported
2024-09-29 19:07:52,479 - WARNING - Invalid rows found and removed
2024-09-29 19:07:53,698 - INFO - Data successfully inserted into product_prices.
2024-09-29 19:07:58,340 - WARNING - Invalid rows found and removed
2024-09-29 19:07:59,607 - INFO - Data successfully inserted into product_prices.
2024-09-29 19:08:03,505 - WARNING - Invalid rows found and removed
2024-09-29 19:08:05,110 - INFO - Data successfully inserted into product_prices.
2024-09-29 19:08:09,235 - WARNING - Invalid rows found and removed
2024-09-29 19:08:10,323 - INFO - Data successfully inserted into product_prices.
2024-09-29 19:08:14,777 - WARNING - Invalid rows found and removed
2024-09-29 19:08:17,154 - INFO - Data successfully inserted into product_prices.
2024-09-29 19:08:22,455 - WARNING - Invalid rows found and removed
2024-09-29 19:08:23,727 - INFO - Data successfully inserted into product_prices.
2024-09-29 19:08:29,479 - WARNING - Invalid rows found and removed
2024-09-29 19:08:30,775 - INFO - Data successfully inserted into product_prices.
2024-09-29 19:08:35,634 - WARNING - Invalid rows found and removed
2024-09-29 19:08:36,938 - INFO - Data successfully inserted into product_prices.
2024-09-29 19:08:40,506 - WARNING - Invalid rows found and removed
2024-09-29 19:08:41,576 - INFO - Data successfully inserted into product_prices.
2024-09-29 19:08:44,661 - WARNING - Invalid rows found and removed
2024-09-29 19:08:46,027 - INFO - Data successfully inserted into product_prices.
2024-09-29 19:08:46,294 - ERROR - Failed to read Excel file reports/2014/week_42_Anexo_Bol_Semanal_oct25_2014.xls with xlrd: Excel xlsx file; not supported
2024-09-29 19:08:46,442 - ERROR - Failed to read Excel file reports/2014/week_43_Anexo_Bol_Semanal_nov01_2014.xls with xlrd: Excel xlsx file; not supported
2024-09-29 19:08:48,443 - WARNING - Invalid rows found and removed
2024-09-29 19:08:49,476 - INFO - Data successfully inserted into product_prices.
2024-09-29 19:08:49,771 - ERROR - Failed to read Excel file reports/2014/week_45_Anex_Bol_Semanal_nov15_2014.xls with xlrd: Excel xlsx file; not supported
2024-09-29 19:08:51,934 - WARNING - Invalid rows found and removed
2024-09-29 19:08:53,042 - INFO - Data successfully inserted into product_prices.
2024-09-29 19:08:55,168 - WARNING - Invalid rows found and removed
2024-09-29 19:08:56,244 - INFO - Data successfully inserted into product_prices.
2024-09-29 19:08:58,601 - WARNING - Invalid rows found and removed
2024-09-29 19:08:59,543 - INFO - Data successfully inserted into product_prices.
2024-09-29 19:09:02,092 - WARNING - Invalid rows found and removed
2024-09-29 19:09:03,238 - INFO - Data successfully inserted into product_prices.
2024-09-29 19:09:05,297 - WARNING - Invalid rows found and removed
2024-09-29 19:09:06,473 - INFO - Data successfully inserted into product_prices.
2024-09-29 19:09:08,576 - WARNING - Invalid rows found and removed
2024-09-29 19:09:09,726 - INFO - Data successfully inserted into product_prices.
2024-09-29 19:09:11,717 - WARNING - Invalid rows found and removed
2024-09-29 19:09:12,859 - INFO - Data successfully inserted into product_prices.
2024-09-29 19:09:16,779 - WARNING - Invalid rows found and removed
2024-09-29 19:09:17,969 - INFO - Data successfully inserted into product_prices.
2024-09-29 19:09:21,491 - WARNING - Invalid rows found and removed
2024-09-29 19:09:22,648 - INFO - Data successfully inserted into product_prices.
2024-09-29 19:09:27,357 - WARNING - Invalid rows found and removed
2024-09-29 19:09:28,674 - INFO - Data successfully inserted into product_prices.
2024-09-29 19:09:33,466 - WARNING - Invalid rows found and removed
2024-09-29 19:09:34,670 - INFO - Data successfully inserted into product_prices.
2024-09-29 19:09:38,573 - WARNING - Invalid rows found and removed
2024-09-29 19:09:39,806 - INFO - Data successfully inserted into product_prices.
2024-09-29 19:09:43,919 - WARNING - Invalid rows found and removed
2024-09-29 19:09:45,550 - INFO - Data successfully inserted into product_prices.
2024-09-29 19:09:51,443 - WARNING - Invalid rows found and removed
2024-09-29 19:09:52,808 - INFO - Data successfully inserted into product_prices.
2024-09-29 19:09:57,656 - WARNING - Invalid rows found and removed
2024-09-29 19:09:58,760 - INFO - Data successfully inserted into product_prices.
2024-09-29 19:10:02,288 - WARNING - Invalid rows found and removed
2024-09-29 19:10:03,608 - INFO - Data successfully inserted into product_prices.
2024-09-29 19:10:10,610 - WARNING - Invalid rows found and removed
2024-09-29 19:10:12,037 - INFO - Data successfully inserted into product_prices.
2024-09-29 19:10:18,025 - WARNING - Invalid rows found and removed
2024-09-29 19:10:19,511 - INFO - Data successfully inserted into product_prices.
2024-09-29 19:10:20,857 - WARNING - No 'cuadro' titles found in reports/2015/week_16_Anexo_13_17abr_2015.xls
2024-09-29 19:10:21,244 - INFO - Data successfully inserted into product_prices.
2024-09-29 19:10:26,274 - WARNING - Invalid rows found and removed
2024-09-29 19:10:27,460 - INFO - Data successfully inserted into product_prices.
2024-09-29 19:10:32,732 - WARNING - Invalid rows found and removed
2024-09-29 19:10:33,976 - INFO - Data successfully inserted into product_prices.
2024-09-29 19:10:39,839 - WARNING - Invalid rows found and removed
2024-09-29 19:10:41,023 - INFO - Data successfully inserted into product_prices.
2024-09-29 19:10:46,656 - WARNING - Invalid rows found and removed
2024-09-29 19:10:47,818 - INFO - Data successfully inserted into product_prices.
2024-09-29 19:10:54,142 - WARNING - Invalid rows found and removed
2024-09-29 19:10:55,392 - INFO - Data successfully inserted into product_prices.
2024-09-29 19:11:01,171 - WARNING - Invalid rows found and removed
2024-09-29 19:11:02,410 - INFO - Data successfully inserted into product_prices.
2024-09-29 19:11:08,058 - WARNING - Invalid rows found and removed
2024-09-29 19:11:09,262 - INFO - Data successfully inserted into product_prices.
2024-09-29 19:11:13,892 - WARNING - Invalid rows found and removed
2024-09-29 19:11:15,106 - INFO - Data successfully inserted into product_prices.
2024-09-29 19:11:20,195 - WARNING - Invalid rows found and removed
2024-09-29 19:11:21,457 - INFO - Data successfully inserted into product_prices.
2024-09-29 19:11:26,926 - WARNING - Invalid rows found and removed
2024-09-29 19:11:28,182 - INFO - Data successfully inserted into product_prices.
2024-09-29 19:11:33,537 - WARNING - Invalid rows found and removed
2024-09-29 19:11:34,665 - INFO - Data successfully inserted into product_prices.
2024-09-29 19:11:39,193 - WARNING - Invalid rows found and removed
2024-09-29 19:11:40,399 - INFO - Data successfully inserted into product_prices.
2024-09-29 19:11:45,564 - WARNING - Invalid rows found and removed
2024-09-29 19:11:46,803 - INFO - Data successfully inserted into product_prices.
2024-09-29 19:11:52,815 - WARNING - Invalid rows found and removed
2024-09-29 19:11:54,253 - INFO - Data successfully inserted into product_prices.
2024-09-29 19:12:00,173 - WARNING - Invalid rows found and removed
2024-09-29 19:12:01,432 - INFO - Data successfully inserted into product_prices.
2024-09-29 19:12:05,469 - WARNING - Invalid rows found and removed
2024-09-29 19:12:06,792 - INFO - Data successfully inserted into product_prices.
2024-09-29 19:12:10,415 - WARNING - Invalid rows found and removed
2024-09-29 19:12:11,660 - INFO - Data successfully inserted into product_prices.
2024-09-29 19:12:15,914 - WARNING - Invalid rows found and removed
2024-09-29 19:12:17,026 - INFO - Data successfully inserted into product_prices.
2024-09-29 19:12:21,227 - WARNING - Invalid rows found and removed
2024-09-29 19:12:22,359 - INFO - Data successfully inserted into product_prices.
2024-09-29 19:12:26,227 - WARNING - Invalid rows found and removed
2024-09-29 19:12:27,381 - INFO - Data successfully inserted into product_prices.
2024-09-29 19:12:31,488 - WARNING - Invalid rows found and removed
2024-09-29 19:12:32,626 - INFO - Data successfully inserted into product_prices.
2024-09-29 19:12:36,082 - WARNING - Invalid rows found and removed
2024-09-29 19:12:37,268 - INFO - Data successfully inserted into product_prices.
2024-09-29 19:12:40,672 - WARNING - Invalid rows found and removed
2024-09-29 19:12:41,792 - INFO - Data successfully inserted into product_prices.
2024-09-29 19:12:45,631 - WARNING - Invalid rows found and removed
2024-09-29 19:12:47,127 - INFO - Data successfully inserted into product_prices.
2024-09-29 19:12:50,628 - WARNING - Invalid rows found and removed
2024-09-29 19:12:51,862 - INFO - Data successfully inserted into product_prices.
2024-09-29 19:12:55,683 - WARNING - Invalid rows found and removed
2024-09-29 19:12:56,822 - INFO - Data successfully inserted into product_prices.
2024-09-29 19:13:00,696 - WARNING - Invalid rows found and removed
2024-09-29 19:13:01,875 - INFO - Data successfully inserted into product_prices.
2024-09-29 19:13:06,535 - WARNING - Invalid rows found and removed
2024-09-29 19:13:07,737 - INFO - Data successfully inserted into product_prices.
2024-09-29 19:13:12,093 - WARNING - Invalid rows found and removed
2024-09-29 19:13:13,980 - INFO - Data successfully inserted into product_prices.
2024-09-29 19:13:18,833 - WARNING - Invalid rows found and removed
2024-09-29 19:13:20,035 - INFO - Data successfully inserted into product_prices.
2024-09-29 19:13:25,839 - WARNING - Invalid rows found and removed
2024-09-29 19:13:27,079 - INFO - Data successfully inserted into product_prices.
2024-09-29 19:13:31,383 - WARNING - Invalid rows found and removed
2024-09-29 19:13:32,630 - INFO - Data successfully inserted into product_prices.
2024-09-29 19:13:38,069 - WARNING - Invalid rows found and removed
2024-09-29 19:13:39,326 - INFO - Data successfully inserted into product_prices.
2024-09-29 19:13:45,324 - WARNING - Invalid rows found and removed
2024-09-29 19:13:46,430 - INFO - Data successfully inserted into product_prices.
2024-09-29 19:13:51,821 - WARNING - Invalid rows found and removed
2024-09-29 19:13:53,027 - INFO - Data successfully inserted into product_prices.
2024-09-29 19:13:57,599 - WARNING - Invalid rows found and removed
2024-09-29 19:13:58,869 - INFO - Data successfully inserted into product_prices.
2024-09-29 19:14:03,577 - WARNING - Invalid rows found and removed
2024-09-29 19:14:04,881 - INFO - Data successfully inserted into product_prices.
2024-09-29 19:14:09,676 - WARNING - Invalid rows found and removed
2024-09-29 19:14:11,060 - INFO - Data successfully inserted into product_prices.
2024-09-29 19:14:16,167 - WARNING - Invalid rows found and removed
2024-09-29 19:14:17,449 - INFO - Data successfully inserted into product_prices.
2024-09-29 19:14:22,441 - WARNING - Invalid rows found and removed
2024-09-29 19:14:23,754 - INFO - Data successfully inserted into product_prices.
2024-09-29 19:14:27,467 - WARNING - Invalid rows found and removed
2024-09-29 19:14:28,575 - INFO - Data successfully inserted into product_prices.
2024-09-29 19:14:31,510 - WARNING - Invalid rows found and removed
2024-09-29 19:14:32,475 - INFO - Data successfully inserted into product_prices.
2024-09-29 19:14:34,405 - WARNING - Invalid rows found and removed
2024-09-29 19:14:35,794 - INFO - Data successfully inserted into product_prices.
2024-09-29 19:14:39,094 - WARNING - Invalid rows found and removed
2024-09-29 19:14:40,219 - INFO - Data successfully inserted into product_prices.
2024-09-29 19:14:42,293 - WARNING - Invalid rows found and removed
2024-09-29 19:14:43,328 - INFO - Data successfully inserted into product_prices.
2024-09-29 19:14:45,704 - WARNING - Invalid rows found and removed
2024-09-29 19:14:46,718 - INFO - Data successfully inserted into product_prices.
2024-09-29 19:14:49,545 - WARNING - Invalid rows found and removed
2024-09-29 19:14:50,644 - INFO - Data successfully inserted into product_prices.
2024-09-29 19:14:52,848 - WARNING - Invalid rows found and removed
2024-09-29 19:14:53,995 - INFO - Data successfully inserted into product_prices.
2024-09-29 19:14:56,118 - WARNING - Invalid rows found and removed
2024-09-29 19:14:57,119 - INFO - Data successfully inserted into product_prices.
2024-09-29 19:14:59,040 - WARNING - Invalid rows found and removed
2024-09-29 19:15:00,060 - INFO - Data successfully inserted into product_prices.
2024-09-29 19:15:01,997 - WARNING - Invalid rows found and removed
2024-09-29 19:15:03,099 - INFO - Data successfully inserted into product_prices.
2024-09-29 19:15:05,148 - WARNING - Invalid rows found and removed
2024-09-29 19:15:06,276 - INFO - Data successfully inserted into product_prices.
2024-09-29 19:15:08,710 - WARNING - Invalid rows found and removed
2024-09-29 19:15:09,795 - INFO - Data successfully inserted into product_prices.
2024-09-29 19:15:11,633 - WARNING - Invalid rows found and removed
2024-09-29 19:15:13,614 - INFO - Data successfully inserted into product_prices.
2024-09-29 19:15:15,528 - WARNING - Invalid rows found and removed
2024-09-29 19:15:16,575 - INFO - Data successfully inserted into product_prices.
2024-09-29 19:15:18,369 - WARNING - Invalid rows found and removed
2024-09-29 19:15:19,345 - INFO - Data successfully inserted into product_prices.
2024-09-29 19:15:27,887 - WARNING - Invalid rows found and removed
2024-09-29 19:15:29,175 - INFO - Data successfully inserted into product_prices.
2024-09-29 19:15:37,061 - WARNING - Invalid rows found and removed
2024-09-29 19:15:38,348 - INFO - Data successfully inserted into product_prices.
2024-09-29 19:15:47,229 - WARNING - Invalid rows found and removed
2024-09-29 19:15:48,520 - INFO - Data successfully inserted into product_prices.
2024-09-29 19:15:54,572 - WARNING - Invalid rows found and removed
2024-09-29 19:15:56,096 - INFO - Data successfully inserted into product_prices.
2024-09-29 19:16:03,765 - WARNING - Invalid rows found and removed
2024-09-29 19:16:04,982 - INFO - Data successfully inserted into product_prices.
2024-09-29 19:16:10,904 - WARNING - Invalid rows found and removed
2024-09-29 19:16:12,042 - INFO - Data successfully inserted into product_prices.
2024-09-29 19:16:18,764 - WARNING - Invalid rows found and removed
2024-09-29 19:16:19,911 - INFO - Data successfully inserted into product_prices.
2024-09-29 19:16:24,711 - WARNING - Invalid rows found and removed
2024-09-29 19:16:26,099 - INFO - Data successfully inserted into product_prices.
2024-09-29 19:16:30,957 - WARNING - Invalid rows found and removed
2024-09-29 19:16:32,045 - INFO - Data successfully inserted into product_prices.
2024-09-29 19:16:37,723 - WARNING - Invalid rows found and removed
2024-09-29 19:16:38,903 - INFO - Data successfully inserted into product_prices.
2024-09-29 19:16:44,096 - WARNING - Invalid rows found and removed
2024-09-29 19:16:45,232 - INFO - Data successfully inserted into product_prices.
2024-09-29 19:16:50,233 - WARNING - Invalid rows found and removed
2024-09-29 19:16:51,476 - INFO - Data successfully inserted into product_prices.
2024-09-29 19:16:56,870 - WARNING - Invalid rows found and removed
2024-09-29 19:16:57,970 - INFO - Data successfully inserted into product_prices.
2024-09-29 19:17:05,398 - WARNING - Invalid rows found and removed
2024-09-29 19:17:06,539 - INFO - Data successfully inserted into product_prices.
2024-09-29 19:17:10,795 - WARNING - Invalid rows found and removed
2024-09-29 19:17:12,059 - INFO - Data successfully inserted into product_prices.
2024-09-29 19:17:16,009 - WARNING - Invalid rows found and removed
2024-09-29 19:17:17,091 - INFO - Data successfully inserted into product_prices.
2024-09-29 19:17:23,414 - WARNING - Invalid rows found and removed
2024-09-29 19:17:24,545 - INFO - Data successfully inserted into product_prices.
2024-09-29 19:17:29,725 - WARNING - Invalid rows found and removed
2024-09-29 19:17:30,911 - INFO - Data successfully inserted into product_prices.
2024-09-29 19:17:38,616 - WARNING - Invalid rows found and removed
2024-09-29 19:17:39,903 - INFO - Data successfully inserted into product_prices.
2024-09-29 19:17:46,334 - WARNING - Invalid rows found and removed
2024-09-29 19:17:48,396 - INFO - Data successfully inserted into product_prices.
2024-09-29 19:17:55,282 - WARNING - Invalid rows found and removed
2024-09-29 19:17:56,647 - INFO - Data successfully inserted into product_prices.
2024-09-29 19:18:02,791 - WARNING - Invalid rows found and removed
2024-09-29 19:18:04,237 - INFO - Data successfully inserted into product_prices.
2024-09-29 19:18:10,183 - WARNING - Invalid rows found and removed
2024-09-29 19:18:11,296 - INFO - Data successfully inserted into product_prices.
2024-09-29 19:18:16,790 - WARNING - Invalid rows found and removed
2024-09-29 19:18:17,963 - INFO - Data successfully inserted into product_prices.
2024-09-29 19:18:18,214 - ERROR - Failed to read Excel file reports/2016/week_41_Sem_8oct_14oct_2016.xls with xlrd: Excel xlsx file; not supported
2024-09-29 19:18:23,481 - WARNING - Invalid rows found and removed
2024-09-29 19:18:24,648 - INFO - Data successfully inserted into product_prices.
2024-09-29 19:18:30,025 - WARNING - Invalid rows found and removed
2024-09-29 19:18:31,233 - INFO - Data successfully inserted into product_prices.
2024-09-29 19:18:31,809 - ERROR - Failed to read Excel file reports/2016/week_44_Sem_29oct_04nov_2016.xls with xlrd: Excel xlsx file; not supported
2024-09-29 19:18:36,898 - WARNING - Invalid rows found and removed
2024-09-29 19:18:38,273 - INFO - Data successfully inserted into product_prices.
2024-09-29 19:18:45,233 - WARNING - Invalid rows found and removed
2024-09-29 19:18:46,406 - INFO - Data successfully inserted into product_prices.
2024-09-29 19:18:52,381 - WARNING - Invalid rows found and removed
2024-09-29 19:18:53,717 - INFO - Data successfully inserted into product_prices.
2024-09-29 19:18:58,046 - WARNING - Invalid rows found and removed
2024-09-29 19:18:59,189 - INFO - Data successfully inserted into product_prices.
2024-09-29 19:19:04,602 - WARNING - Invalid rows found and removed
2024-09-29 19:19:05,854 - INFO - Data successfully inserted into product_prices.
2024-09-29 19:19:11,393 - WARNING - Invalid rows found and removed
2024-09-29 19:19:12,573 - INFO - Data successfully inserted into product_prices.
2024-09-29 19:19:18,814 - WARNING - Invalid rows found and removed
2024-09-29 19:19:20,005 - INFO - Data successfully inserted into product_prices.
2024-09-29 19:19:26,944 - WARNING - Invalid rows found and removed
2024-09-29 19:19:28,369 - INFO - Data successfully inserted into product_prices.
2024-09-29 19:19:36,464 - WARNING - Invalid rows found and removed
2024-09-29 19:19:37,821 - INFO - Data successfully inserted into product_prices.
2024-09-29 19:19:43,805 - WARNING - Invalid rows found and removed
2024-09-29 19:19:45,180 - INFO - Data successfully inserted into product_prices.
2024-09-29 19:19:51,291 - WARNING - Invalid rows found and removed
2024-09-29 19:19:52,507 - INFO - Data successfully inserted into product_prices.
2024-09-29 19:19:59,023 - WARNING - Invalid rows found and removed
2024-09-29 19:20:00,174 - INFO - Data successfully inserted into product_prices.
2024-09-29 19:20:03,686 - WARNING - Invalid rows found and removed
2024-09-29 19:20:04,736 - INFO - Data successfully inserted into product_prices.
2024-09-29 19:20:08,990 - WARNING - Invalid rows found and removed
2024-09-29 19:20:10,166 - INFO - Data successfully inserted into product_prices.
2024-09-29 19:20:16,168 - WARNING - Invalid rows found and removed
2024-09-29 19:20:17,284 - INFO - Data successfully inserted into product_prices.
2024-09-29 19:20:23,101 - WARNING - Invalid rows found and removed
2024-09-29 19:20:24,250 - INFO - Data successfully inserted into product_prices.
2024-09-29 19:20:30,104 - WARNING - Invalid rows found and removed
2024-09-29 19:20:31,178 - INFO - Data successfully inserted into product_prices.
2024-09-29 19:20:35,215 - WARNING - Invalid rows found and removed
2024-09-29 19:20:36,430 - INFO - Data successfully inserted into product_prices.
2024-09-29 19:20:41,766 - WARNING - Invalid rows found and removed
2024-09-29 19:20:42,767 - INFO - Data successfully inserted into product_prices.
2024-09-29 19:20:48,517 - WARNING - Invalid rows found and removed
2024-09-29 19:20:49,596 - INFO - Data successfully inserted into product_prices.
2024-09-29 19:20:54,576 - WARNING - Invalid rows found and removed
2024-09-29 19:20:56,129 - INFO - Data successfully inserted into product_prices.
2024-09-29 19:20:57,551 - ERROR - Failed to read Excel file reports/2017/week_17_Sem_22abr_28abr_2017.xls with xlrd: Excel xlsx file; not supported
2024-09-29 19:21:03,429 - WARNING - Invalid rows found and removed
2024-09-29 19:21:05,080 - INFO - Data successfully inserted into product_prices.
2024-09-29 19:21:10,275 - WARNING - Invalid rows found and removed
2024-09-29 19:21:11,663 - INFO - Data successfully inserted into product_prices.
2024-09-29 19:21:16,000 - WARNING - Invalid rows found and removed
2024-09-29 19:21:17,163 - INFO - Data successfully inserted into product_prices.
2024-09-29 19:21:22,463 - WARNING - Invalid rows found and removed
2024-09-29 19:21:23,862 - INFO - Data successfully inserted into product_prices.
2024-09-29 19:21:29,329 - WARNING - Invalid rows found and removed
2024-09-29 19:21:30,877 - INFO - Data successfully inserted into product_prices.
2024-09-29 19:21:36,797 - WARNING - Invalid rows found and removed
2024-09-29 19:21:37,988 - INFO - Data successfully inserted into product_prices.
2024-09-29 19:21:42,696 - WARNING - Invalid rows found and removed
2024-09-29 19:21:43,996 - INFO - Data successfully inserted into product_prices.
2024-09-29 19:21:50,380 - WARNING - Invalid rows found and removed
2024-09-29 19:21:51,915 - INFO - Data successfully inserted into product_prices.
2024-09-29 19:21:55,946 - WARNING - Invalid rows found and removed
2024-09-29 19:21:56,996 - INFO - Data successfully inserted into product_prices.
2024-09-29 19:22:01,463 - WARNING - Invalid rows found and removed
2024-09-29 19:22:02,596 - INFO - Data successfully inserted into product_prices.
2024-09-29 19:22:08,329 - WARNING - Invalid rows found and removed
2024-09-29 19:22:09,646 - INFO - Data successfully inserted into product_prices.
2024-09-29 19:22:15,380 - WARNING - Invalid rows found and removed
2024-09-29 19:22:16,543 - INFO - Data successfully inserted into product_prices.
2024-09-29 19:22:23,752 - WARNING - Invalid rows found and removed
2024-09-29 19:22:25,224 - INFO - Data successfully inserted into product_prices.
2024-09-29 19:22:30,342 - WARNING - Invalid rows found and removed
2024-09-29 19:22:31,530 - INFO - Data successfully inserted into product_prices.
2024-09-29 19:22:31,797 - ERROR - Failed to read Excel file reports/2017/week_30_Sem_22jul_28jul_2017.xls with xlrd: Excel xlsx file; not supported
2024-09-29 19:22:36,230 - WARNING - Invalid rows found and removed
2024-09-29 19:22:37,440 - INFO - Data successfully inserted into product_prices.
2024-09-29 19:22:42,347 - WARNING - Invalid rows found and removed
2024-09-29 19:22:43,442 - INFO - Data successfully inserted into product_prices.
2024-09-29 19:22:47,760 - WARNING - Invalid rows found and removed
2024-09-29 19:22:48,876 - INFO - Data successfully inserted into product_prices.
2024-09-29 19:22:53,905 - WARNING - Invalid rows found and removed
2024-09-29 19:22:56,141 - INFO - Data successfully inserted into product_prices.
2024-09-29 19:23:03,103 - WARNING - Invalid rows found and removed
2024-09-29 19:23:04,239 - INFO - Data successfully inserted into product_prices.
2024-09-29 19:23:10,541 - WARNING - Invalid rows found and removed
2024-09-29 19:23:12,053 - INFO - Data successfully inserted into product_prices.
2024-09-29 19:23:18,835 - WARNING - Invalid rows found and removed
2024-09-29 19:23:20,263 - INFO - Data successfully inserted into product_prices.
2024-09-29 19:23:20,733 - ERROR - Failed to read Excel file reports/2017/week_38_Sem_16sep_22sep_2017.xlsx with xlrd: Excel xlsx file; not supported
2024-09-29 19:23:27,067 - WARNING - Invalid rows found and removed
2024-09-29 19:23:28,145 - INFO - Data successfully inserted into product_prices.
2024-09-29 19:23:33,540 - WARNING - Invalid rows found and removed
2024-09-29 19:23:34,544 - INFO - Data successfully inserted into product_prices.
2024-09-29 19:23:39,171 - WARNING - Invalid rows found and removed
2024-09-29 19:23:40,307 - INFO - Data successfully inserted into product_prices.
2024-09-29 19:23:44,577 - WARNING - Invalid rows found and removed
2024-09-29 19:23:46,149 - INFO - Data successfully inserted into product_prices.
2024-09-29 19:23:46,428 - ERROR - Failed to read Excel file reports/2017/week_42_Sem_14oct_2017_20oct_2017.xlsx with xlrd: Excel xlsx file; not supported
2024-09-29 19:23:50,496 - WARNING - Invalid rows found and removed
2024-09-29 19:23:51,599 - INFO - Data successfully inserted into product_prices.
2024-09-29 19:23:55,311 - WARNING - Invalid rows found and removed
2024-09-29 19:23:56,425 - INFO - Data successfully inserted into product_prices.
2024-09-29 19:23:56,663 - ERROR - Failed to read Excel file reports/2017/week_45_Sem_4nov_2017_10nov_2017.xlsx with xlrd: Excel xlsx file; not supported
2024-09-29 19:24:00,599 - WARNING - Invalid rows found and removed
2024-09-29 19:24:01,705 - INFO - Data successfully inserted into product_prices.
2024-09-29 19:24:05,475 - WARNING - Invalid rows found and removed
2024-09-29 19:24:06,783 - INFO - Data successfully inserted into product_prices.
2024-09-29 19:24:11,080 - WARNING - Invalid rows found and removed
2024-09-29 19:24:12,227 - INFO - Data successfully inserted into product_prices.
2024-09-29 19:24:16,159 - WARNING - Invalid rows found and removed
2024-09-29 19:24:17,483 - INFO - Data successfully inserted into product_prices.
2024-09-29 19:24:21,121 - WARNING - Invalid rows found and removed
2024-09-29 19:24:22,241 - INFO - Data successfully inserted into product_prices.
2024-09-29 19:24:25,636 - WARNING - Invalid rows found and removed
2024-09-29 19:24:26,933 - INFO - Data successfully inserted into product_prices.
2024-09-29 19:24:30,399 - WARNING - Invalid rows found and removed
2024-09-29 19:24:31,416 - INFO - Data successfully inserted into product_prices.
2024-09-29 19:24:33,843 - WARNING - Invalid rows found and removed
2024-09-29 19:24:34,915 - INFO - Data successfully inserted into product_prices.
2024-09-29 19:24:37,077 - WARNING - Invalid rows found and removed
2024-09-29 19:24:38,375 - INFO - Data successfully inserted into product_prices.
2024-09-29 19:24:40,177 - WARNING - Invalid rows found and removed
2024-09-29 19:24:41,216 - INFO - Data successfully inserted into product_prices.
2024-09-29 19:24:43,626 - WARNING - Invalid rows found and removed
2024-09-29 19:24:44,667 - INFO - Data successfully inserted into product_prices.
2024-09-29 19:24:46,608 - WARNING - Invalid rows found and removed
2024-09-29 19:24:47,652 - INFO - Data successfully inserted into product_prices.
2024-09-29 19:24:50,140 - WARNING - Invalid rows found and removed
2024-09-29 19:24:51,236 - INFO - Data successfully inserted into product_prices.
2024-09-29 19:24:51,465 - ERROR - Failed to read Excel file reports/2018/week_10_Sem_03mar__09mar_2018.xlsx with xlrd: Excel xlsx file; not supported
2024-09-29 19:24:51,596 - ERROR - Failed to read Excel file reports/2018/week_11_Sem_10mar__16mar_2018.xlsx with xlrd: Excel xlsx file; not supported
2024-09-29 19:24:51,713 - ERROR - Failed to read Excel file reports/2018/week_12_Sem_17mar__23mar_2018.xlsx with xlrd: Excel xlsx file; not supported
2024-09-29 19:24:51,818 - ERROR - Failed to read Excel file reports/2018/week_13_Sem_24mar__28mar_2018.xlsx with xlrd: Excel xlsx file; not supported
2024-09-29 19:24:51,946 - ERROR - Failed to read Excel file reports/2018/week_14_Sem_31mar__06abr_2018.xlsx with xlrd: Excel xlsx file; not supported
2024-09-29 19:24:52,069 - ERROR - Failed to read Excel file reports/2018/week_15_Sem_07abr__13abr_2018.xlsx with xlrd: Excel xlsx file; not supported
2024-09-29 19:24:52,196 - ERROR - Failed to read Excel file reports/2018/week_16_Sem_14abr__20abr_2018.xlsx with xlrd: Excel xlsx file; not supported
2024-09-29 19:24:52,345 - ERROR - Failed to read Excel file reports/2018/week_17_Sem_21abr__27abr_2018.xlsx with xlrd: Excel xlsx file; not supported
2024-09-29 19:24:52,472 - ERROR - Failed to read Excel file reports/2018/week_18_Sem_28abr__04may_2018.xlsx with xlrd: Excel xlsx file; not supported
2024-09-29 19:24:52,613 - ERROR - Failed to read Excel file reports/2018/week_19_Sem_05may__11may_2018.xlsx with xlrd: Excel xlsx file; not supported
2024-09-29 19:24:54,777 - WARNING - Invalid rows found and removed
2024-09-29 19:24:55,810 - INFO - Data successfully inserted into product_prices.
2024-09-29 19:24:57,501 - WARNING - Invalid rows found and removed
2024-09-29 19:24:58,682 - INFO - Data successfully inserted into product_prices.
2024-09-29 19:25:01,126 - WARNING - Invalid rows found and removed
2024-09-29 19:25:02,264 - INFO - Data successfully inserted into product_prices.
2024-09-29 19:25:04,520 - ERROR - Error processing category 6 in file reports/2018/week_4_Sem_20ene_26ene_2018.xls: list index out of range
2024-09-29 19:25:04,609 - WARNING - Invalid rows found and removed
2024-09-29 19:25:05,588 - INFO - Data successfully inserted into product_prices.
2024-09-29 19:25:08,019 - WARNING - Invalid rows found and removed
2024-09-29 19:25:09,085 - INFO - Data successfully inserted into product_prices.
2024-09-29 19:25:10,970 - WARNING - Invalid rows found and removed
2024-09-29 19:25:12,271 - INFO - Data successfully inserted into product_prices.
2024-09-29 19:25:14,432 - WARNING - Invalid rows found and removed
2024-09-29 19:25:15,528 - INFO - Data successfully inserted into product_prices.
2024-09-29 19:25:18,204 - WARNING - Invalid rows found and removed
2024-09-29 19:25:19,264 - INFO - Data successfully inserted into product_prices.
2024-09-29 19:25:19,497 - ERROR - Failed to read Excel file reports/2018/week_9_Sem_24feb__02mar_2018.xlsx with xlrd: Excel xlsx file; not supported
2024-09-29 19:25:19,497 - INFO - Started working on second batch of files
2024-09-29 19:25:20,757 - WARNING - Invalid rows found and removed
2024-09-29 19:25:21,787 - INFO - Data successfully inserted into product_prices.
2024-09-29 19:25:23,337 - INFO - Data successfully inserted into product_prices.
2024-09-29 19:25:24,638 - WARNING - Invalid rows found and removed
2024-09-29 19:25:25,589 - INFO - Data successfully inserted into product_prices.
2024-09-29 19:25:26,911 - WARNING - Invalid rows found and removed
2024-09-29 19:25:27,905 - INFO - Data successfully inserted into product_prices.
2024-09-29 19:25:29,281 - WARNING - Invalid rows found and removed
2024-09-29 19:25:30,419 - INFO - Data successfully inserted into product_prices.
2024-09-29 19:25:31,711 - WARNING - Invalid rows found and removed
2024-09-29 19:25:32,743 - INFO - Data successfully inserted into product_prices.
2024-09-29 19:25:34,991 - WARNING - Invalid rows found and removed
2024-09-29 19:25:36,118 - INFO - Data successfully inserted into product_prices.
2024-09-29 19:25:38,878 - WARNING - Invalid rows found and removed
2024-09-29 19:25:40,107 - INFO - Data successfully inserted into product_prices.
2024-09-29 19:25:40,394 - ERROR - Failed to read Excel file reports/2021/week_1_Sem_02ene_2021__08ene_2021.xlsx with xlrd: Excel xlsx file; not supported
2024-09-29 19:25:40,763 - INFO - Data successfully inserted into product_prices.
2024-09-29 19:25:43,494 - WARNING - Invalid rows found and removed
2024-09-29 19:25:44,547 - INFO - Data successfully inserted into product_prices.
2024-09-29 19:25:47,263 - WARNING - Invalid rows found and removed
2024-09-29 19:25:48,428 - INFO - Data successfully inserted into product_prices.
2024-09-29 19:25:52,209 - WARNING - Invalid rows found and removed
2024-09-29 19:25:53,328 - INFO - Data successfully inserted into product_prices.
2024-09-29 19:25:56,390 - WARNING - Invalid rows found and removed
2024-09-29 19:25:57,533 - INFO - Data successfully inserted into product_prices.
2024-09-29 19:26:00,962 - WARNING - Invalid rows found and removed
2024-09-29 19:26:02,127 - INFO - Data successfully inserted into product_prices.
2024-09-29 19:26:05,518 - WARNING - Invalid rows found and removed
2024-09-29 19:26:06,692 - INFO - Data successfully inserted into product_prices.
2024-09-29 19:26:09,726 - WARNING - Invalid rows found and removed
2024-09-29 19:26:11,056 - INFO - Data successfully inserted into product_prices.
2024-09-29 19:26:13,955 - WARNING - Invalid rows found and removed
2024-09-29 19:26:15,329 - INFO - Data successfully inserted into product_prices.
2024-09-29 19:26:18,037 - WARNING - Invalid rows found and removed
2024-09-29 19:26:19,340 - INFO - Data successfully inserted into product_prices.
2024-09-29 19:26:22,822 - WARNING - Invalid rows found and removed
2024-09-29 19:26:23,915 - INFO - Data successfully inserted into product_prices.
2024-09-29 19:26:24,194 - ERROR - Failed to read Excel file reports/2021/week_2_Sem_09ene_2021__15ene_2021.xlsx with xlrd: Excel xlsx file; not supported
2024-09-29 19:26:24,780 - INFO - Data successfully inserted into product_prices.
2024-09-29 19:26:27,121 - WARNING - Invalid rows found and removed
2024-09-29 19:26:28,323 - INFO - Data successfully inserted into product_prices.
2024-09-29 19:26:31,378 - WARNING - Invalid rows found and removed
2024-09-29 19:26:32,497 - INFO - Data successfully inserted into product_prices.
2024-09-29 19:26:35,353 - WARNING - Invalid rows found and removed
2024-09-29 19:26:36,454 - INFO - Data successfully inserted into product_prices.
2024-09-29 19:26:39,802 - WARNING - Invalid rows found and removed
2024-09-29 19:26:40,944 - INFO - Data successfully inserted into product_prices.
2024-09-29 19:26:44,277 - WARNING - Invalid rows found and removed
2024-09-29 19:26:45,748 - INFO - Data successfully inserted into product_prices.
2024-09-29 19:26:49,354 - WARNING - Invalid rows found and removed
2024-09-29 19:26:50,544 - INFO - Data successfully inserted into product_prices.
2024-09-29 19:26:50,902 - ERROR - Failed to read Excel file reports/2021/week_36_Sem_04sep_2021_10sep_2021.xls with xlrd: Excel xlsx file; not supported
2024-09-29 19:26:51,248 - INFO - Data successfully inserted into product_prices.
2024-09-29 19:26:51,605 - ERROR - Failed to read Excel file reports/2021/week_37_Sem_11sep_2021_17sep_2021.xls with xlrd: Excel xlsx file; not supported
2024-09-29 19:26:51,964 - INFO - Data successfully inserted into product_prices.
2024-09-29 19:26:52,324 - ERROR - Failed to read Excel file reports/2021/week_38_Sem_18sep_2021_24sep_2021.xls with xlrd: Excel xlsx file; not supported
2024-09-29 19:26:52,633 - INFO - Data successfully inserted into product_prices.
2024-09-29 19:26:53,006 - ERROR - Failed to read Excel file reports/2021/week_39_Sem_25sep_2021_01oct_2021.xls with xlrd: Excel xlsx file; not supported
2024-09-29 19:26:53,323 - INFO - Data successfully inserted into product_prices.
2024-09-29 19:26:53,593 - ERROR - Failed to read Excel file reports/2021/week_3_Sem_16ene_2021__22ene_2021.xlsx with xlrd: Excel xlsx file; not supported
2024-09-29 19:26:53,872 - INFO - Data successfully inserted into product_prices.
2024-09-29 19:26:54,254 - ERROR - Failed to read Excel file reports/2021/week_40_Sem_02oct_2021_08oct_2021.xls with xlrd: Excel xlsx file; not supported
2024-09-29 19:26:54,551 - INFO - Data successfully inserted into product_prices.
2024-09-29 19:26:54,906 - ERROR - Failed to read Excel file reports/2021/week_41_Sem_09oct_2021_15oct_2021.xls with xlrd: Excel xlsx file; not supported
2024-09-29 19:26:55,201 - INFO - Data successfully inserted into product_prices.
2024-09-29 19:26:55,555 - ERROR - Failed to read Excel file reports/2021/week_42_Sem_16oct_2021_22oct_2021.xls with xlrd: Excel xlsx file; not supported
2024-09-29 19:26:55,852 - INFO - Data successfully inserted into product_prices.
2024-09-29 19:26:56,230 - ERROR - Failed to read Excel file reports/2021/week_43_Sem_23oct_2021_29oct_2021.xls with xlrd: Excel xlsx file; not supported
2024-09-29 19:26:56,566 - INFO - Data successfully inserted into product_prices.
2024-09-29 19:26:59,129 - WARNING - Invalid rows found and removed
2024-09-29 19:27:00,966 - INFO - Data successfully inserted into product_prices.
2024-09-29 19:27:01,284 - ERROR - Failed to read Excel file reports/2021/week_45_Sem_13nov_2021__19nov_2021.xlsx with xlrd: Excel xlsx file; not supported
2024-09-29 19:27:01,623 - INFO - Data successfully inserted into product_prices.
2024-09-29 19:27:01,895 - ERROR - Failed to read Excel file reports/2021/week_46_Sem_20nov_2021__26nov_2021.xlsx with xlrd: Excel xlsx file; not supported
2024-09-29 19:27:02,216 - INFO - Data successfully inserted into product_prices.
2024-09-29 19:27:02,511 - ERROR - Failed to read Excel file reports/2021/week_47_Sem_27nov_2021__03dic_2021.xlsx with xlrd: Excel xlsx file; not supported
2024-09-29 19:27:02,833 - INFO - Data successfully inserted into product_prices.
2024-09-29 19:27:03,094 - ERROR - Failed to read Excel file reports/2021/week_48_Sem_04dic_2021__10dic_2021.xlsx with xlrd: Excel xlsx file; not supported
2024-09-29 19:27:03,433 - INFO - Data successfully inserted into product_prices.
2024-09-29 19:27:03,695 - ERROR - Failed to read Excel file reports/2021/week_49_Sem_11dic_2021_17dic_2021.xlsx with xlrd: Excel xlsx file; not supported
2024-09-29 19:27:04,021 - INFO - Data successfully inserted into product_prices.
2024-09-29 19:27:04,311 - ERROR - Failed to read Excel file reports/2021/week_4_Sem_23ene_2021__29ene_2021.xlsx with xlrd: Excel xlsx file; not supported
2024-09-29 19:27:04,643 - INFO - Data successfully inserted into product_prices.
2024-09-29 19:27:04,943 - ERROR - Failed to read Excel file reports/2021/week_50_Sem_18dic_2021_24dic_2021.xlsx with xlrd: Excel xlsx file; not supported
2024-09-29 19:27:05,281 - INFO - Data successfully inserted into product_prices.
2024-09-29 19:27:05,576 - ERROR - Failed to read Excel file reports/2021/week_51_Sem_25dic_2021_31dic_2021.xlsx with xlrd: Excel xlsx file; not supported
2024-09-29 19:27:05,915 - INFO - Data successfully inserted into product_prices.
2024-09-29 19:27:06,227 - ERROR - Failed to read Excel file reports/2021/week_5_Sem_30ene_2021__05feb_2021.xlsx with xlrd: Excel xlsx file; not supported
2024-09-29 19:27:06,550 - INFO - Data successfully inserted into product_prices.
2024-09-29 19:27:06,853 - ERROR - Failed to read Excel file reports/2021/week_6_Sem_06feb_2021__12feb_2021.xlsx with xlrd: Excel xlsx file; not supported
2024-09-29 19:27:07,178 - INFO - Data successfully inserted into product_prices.
2024-09-29 19:27:07,494 - ERROR - Failed to read Excel file reports/2021/week_7_Sem_13feb_2021__19feb_2021.xlsx with xlrd: Excel xlsx file; not supported
2024-09-29 19:27:07,800 - INFO - Data successfully inserted into product_prices.
2024-09-29 19:27:08,077 - ERROR - Failed to read Excel file reports/2021/week_8_Sem_20feb_2021__26feb_2021.xlsx with xlrd: Excel xlsx file; not supported
2024-09-29 19:27:08,416 - INFO - Data successfully inserted into product_prices.
2024-09-29 19:27:08,727 - ERROR - Failed to read Excel file reports/2021/week_9_Sem_27feb_2021_05mar_2021.xlsx with xlrd: Excel xlsx file; not supported
2024-09-29 19:27:09,033 - INFO - Data successfully inserted into product_prices.
2024-09-29 19:27:09,342 - ERROR - Failed to read Excel file reports/2022/week_10_Sem_05mar_2022_11mar_2022.xlsx with xlrd: Excel xlsx file; not supported
2024-09-29 19:27:10,097 - INFO - Data successfully inserted into product_prices.
2024-09-29 19:27:10,424 - ERROR - Failed to read Excel file reports/2022/week_11_Anex_12mar_al_18mar_2022.xlsx with xlrd: Excel xlsx file; not supported
2024-09-29 19:27:10,750 - INFO - Data successfully inserted into product_prices.
2024-09-29 19:27:11,015 - ERROR - Failed to read Excel file reports/2022/week_12_anex_19mar_al_25mar_2022.xlsx with xlrd: Excel xlsx file; not supported
2024-09-29 19:27:11,349 - INFO - Data successfully inserted into product_prices.
2024-09-29 19:27:11,612 - ERROR - Failed to read Excel file reports/2022/week_13_anex_26mar_al_01abr_2022.xlsx with xlrd: Excel xlsx file; not supported
2024-09-29 19:27:11,901 - INFO - Data successfully inserted into product_prices.
2024-09-29 19:27:12,179 - ERROR - Failed to read Excel file reports/2022/week_14_anex_02abr_al_08abr_2022.xlsx with xlrd: Excel xlsx file; not supported
2024-09-29 19:27:12,551 - INFO - Data successfully inserted into product_prices.
2024-09-29 19:27:12,843 - ERROR - Failed to read Excel file reports/2022/week_15_anex_09abr_al_13abr_2022.xlsx with xlrd: Excel xlsx file; not supported
2024-09-29 19:27:13,151 - INFO - Data successfully inserted into product_prices.
2024-09-29 19:27:13,460 - ERROR - Failed to read Excel file reports/2022/week_16_anex_16abr_al_22abr_2022.xlsx with xlrd: Excel xlsx file; not supported
2024-09-29 19:27:13,783 - INFO - Data successfully inserted into product_prices.
2024-09-29 19:27:14,045 - ERROR - Failed to read Excel file reports/2022/week_17_anex_23abr_al_29abr_2022.xlsx with xlrd: Excel xlsx file; not supported
2024-09-29 19:27:14,397 - INFO - Data successfully inserted into product_prices.
2024-09-29 19:27:14,877 - ERROR - Failed to read Excel file reports/2022/week_18_anex_30abr_al_06may_2022.xlsx with xlrd: Excel xlsx file; not supported
2024-09-29 19:27:15,252 - INFO - Data successfully inserted into product_prices.
2024-09-29 19:27:15,515 - ERROR - Failed to read Excel file reports/2022/week_19_anex_07may_al_13may_2022.xlsx with xlrd: Excel xlsx file; not supported
2024-09-29 19:27:15,820 - INFO - Data successfully inserted into product_prices.
2024-09-29 19:27:16,112 - ERROR - Failed to read Excel file reports/2022/week_1_Sem_01ene_2022_07ene_2022.xlsx with xlrd: Excel xlsx file; not supported
2024-09-29 19:27:16,433 - INFO - Data successfully inserted into product_prices.
2024-09-29 19:27:16,727 - ERROR - Failed to read Excel file reports/2022/week_20_anex_14may_al_20may_2022.xlsx with xlrd: Excel xlsx file; not supported
2024-09-29 19:27:17,049 - INFO - Data successfully inserted into product_prices.
2024-09-29 19:27:17,343 - ERROR - Failed to read Excel file reports/2022/week_21_anex_21may_al_27may_2022.xlsx with xlrd: Excel xlsx file; not supported
2024-09-29 19:27:17,635 - INFO - Data successfully inserted into product_prices.
2024-09-29 19:27:18,027 - ERROR - Failed to read Excel file reports/2022/week_22_anex_28may_al_03jun_2022.xlsx with xlrd: Excel xlsx file; not supported
2024-09-29 19:27:18,311 - INFO - Data successfully inserted into product_prices.
2024-09-29 19:27:18,578 - ERROR - Failed to read Excel file reports/2022/week_23_anex_04jun_al_10jun_2022.xlsx with xlrd: Excel xlsx file; not supported
2024-09-29 19:27:18,885 - INFO - Data successfully inserted into product_prices.
2024-09-29 19:27:19,146 - ERROR - Failed to read Excel file reports/2022/week_24_anex_11jun_al_17jun_2022.xlsx with xlrd: Excel xlsx file; not supported
2024-09-29 19:27:19,466 - INFO - Data successfully inserted into product_prices.
2024-09-29 19:27:19,762 - ERROR - Failed to read Excel file reports/2022/week_25_anex_18jun_al_24jun_2022.xlsx with xlrd: Excel xlsx file; not supported
2024-09-29 19:27:20,068 - INFO - Data successfully inserted into product_prices.
2024-09-29 19:27:20,399 - ERROR - Failed to read Excel file reports/2022/week_26_anex_25jun_al_01jul_2022.xlsx with xlrd: Excel xlsx file; not supported
2024-09-29 19:27:21,100 - INFO - Data successfully inserted into product_prices.
2024-09-29 19:27:21,549 - ERROR - Failed to read Excel file reports/2022/week_27_anex_02jul_al_08jul_2022.xlsx with xlrd: Excel xlsx file; not supported
2024-09-29 19:27:21,851 - INFO - Data successfully inserted into product_prices.
2024-09-29 19:27:22,258 - ERROR - Failed to read Excel file reports/2022/week_28_anex_09jul_al_15jul_2022.xlsx with xlrd: Excel xlsx file; not supported
2024-09-29 19:27:22,567 - INFO - Data successfully inserted into product_prices.
2024-09-29 19:27:22,828 - ERROR - Failed to read Excel file reports/2022/week_29_anex_16jul_al_22jul_2022.xlsx with xlrd: Excel xlsx file; not supported
2024-09-29 19:27:23,196 - INFO - Data successfully inserted into product_prices.
2024-09-29 19:27:23,484 - ERROR - Failed to read Excel file reports/2022/week_2_Sem_08ene_2022_14ene_2022.xlsx with xlrd: Excel xlsx file; not supported
2024-09-29 19:27:23,832 - INFO - Data successfully inserted into product_prices.
2024-09-29 19:27:24,127 - ERROR - Failed to read Excel file reports/2022/week_30_anex_23jul_al_29jul_2022.xlsx with xlrd: Excel xlsx file; not supported
2024-09-29 19:27:24,434 - INFO - Data successfully inserted into product_prices.
2024-09-29 19:27:24,695 - ERROR - Failed to read Excel file reports/2022/week_31_anex_30jul_al_05ago_2022.xlsx with xlrd: Excel xlsx file; not supported
2024-09-29 19:27:25,048 - INFO - Data successfully inserted into product_prices.
2024-09-29 19:27:25,297 - ERROR - Failed to read Excel file reports/2022/week_32_anex_06ago_al_12ago_2022.xlsx with xlrd: Excel xlsx file; not supported
2024-09-29 19:27:25,618 - INFO - Data successfully inserted into product_prices.
2024-09-29 19:27:25,884 - ERROR - Failed to read Excel file reports/2022/week_33_anex_13ago_al_19ago_2022.xlsx with xlrd: Excel xlsx file; not supported
2024-09-29 19:27:26,213 - INFO - Data successfully inserted into product_prices.
2024-09-29 19:27:26,694 - ERROR - Failed to read Excel file reports/2022/week_34_anex_20ago_al_26ago_2022.xlsx with xlrd: Excel xlsx file; not supported
2024-09-29 19:27:26,986 - INFO - Data successfully inserted into product_prices.
2024-09-29 19:27:27,262 - ERROR - Failed to read Excel file reports/2022/week_35_anex_27ago_al_02sep_2022.xlsx with xlrd: Excel xlsx file; not supported
2024-09-29 19:27:27,567 - INFO - Data successfully inserted into product_prices.
2024-09-29 19:27:27,878 - ERROR - Failed to read Excel file reports/2022/week_36_anex_03sep_al_08sep_2022.xlsx with xlrd: Excel xlsx file; not supported
2024-09-29 19:27:28,186 - INFO - Data successfully inserted into product_prices.
2024-09-29 19:27:28,459 - ERROR - Failed to read Excel file reports/2022/week_37_anex_10sep_al_16sep_2022.xlsx with xlrd: Excel xlsx file; not supported
2024-09-29 19:27:28,777 - INFO - Data successfully inserted into product_prices.
2024-09-29 19:27:29,029 - ERROR - Failed to read Excel file reports/2022/week_38_anex_17sep_al_23sep_2022.xlsx with xlrd: Excel xlsx file; not supported
2024-09-29 19:27:29,318 - INFO - Data successfully inserted into product_prices.
2024-09-29 19:27:29,579 - ERROR - Failed to read Excel file reports/2022/week_39_anex_24sep_al_30sep_2022.xlsx with xlrd: Excel xlsx file; not supported
2024-09-29 19:27:30,338 - INFO - Data successfully inserted into product_prices.
2024-09-29 19:27:30,627 - ERROR - Failed to read Excel file reports/2022/week_3_Sem_15ene_2022_21ene_2022.xlsx with xlrd: Excel xlsx file; not supported
2024-09-29 19:27:30,992 - INFO - Data successfully inserted into product_prices.
2024-09-29 19:27:31,243 - ERROR - Failed to read Excel file reports/2022/week_40_anex_01oct_al_07oct_2022.xlsx with xlrd: Excel xlsx file; not supported
2024-09-29 19:27:31,526 - INFO - Data successfully inserted into product_prices.
2024-09-29 19:27:31,814 - ERROR - Failed to read Excel file reports/2022/week_41_anex_08oct_al_14oct_2022.xlsx with xlrd: Excel xlsx file; not supported
2024-09-29 19:27:32,148 - INFO - Data successfully inserted into product_prices.
2024-09-29 19:27:32,461 - ERROR - Failed to read Excel file reports/2022/week_44_anex_29oct_al_04nov_2022.xlsx with xlrd: Excel xlsx file; not supported
2024-09-29 19:27:32,784 - INFO - Data successfully inserted into product_prices.
2024-09-29 19:27:33,045 - ERROR - Failed to read Excel file reports/2022/week_45_anex_05nov_al_11nov_2022.xlsx with xlrd: Excel xlsx file; not supported
2024-09-29 19:27:33,382 - INFO - Data successfully inserted into product_prices.
2024-09-29 19:27:33,697 - ERROR - Failed to read Excel file reports/2022/week_46_anex_12nov_al_18nov_2022.xlsx with xlrd: Excel xlsx file; not supported
2024-09-29 19:27:34,036 - INFO - Data successfully inserted into product_prices.
2024-09-29 19:27:34,264 - ERROR - Failed to read Excel file reports/2022/week_47_anex_19nov_al_25nov_2022.xlsx with xlrd: Excel xlsx file; not supported
2024-09-29 19:27:34,599 - INFO - Data successfully inserted into product_prices.
2024-09-29 19:27:34,879 - ERROR - Failed to read Excel file reports/2022/week_48_anex_26nov_al_2dic_2022.xlsx with xlrd: Excel xlsx file; not supported
2024-09-29 19:27:35,216 - INFO - Data successfully inserted into product_prices.
2024-09-29 19:27:35,526 - ERROR - Failed to read Excel file reports/2022/week_49_anex_3dic_al_9dic_2022.xlsx with xlrd: Excel xlsx file; not supported
2024-09-29 19:27:35,912 - INFO - Data successfully inserted into product_prices.
2024-09-29 19:27:36,194 - ERROR - Failed to read Excel file reports/2022/week_4_Sem_22ene_2022_28ene_2022.xlsx with xlrd: Excel xlsx file; not supported
2024-09-29 19:27:36,571 - INFO - Data successfully inserted into product_prices.
2024-09-29 19:27:36,882 - ERROR - Failed to read Excel file reports/2022/week_50_anex_10dic_al_16dic_2022.xlsx with xlrd: Excel xlsx file; not supported
2024-09-29 19:27:37,293 - INFO - Data successfully inserted into product_prices.
2024-09-29 19:27:37,563 - ERROR - Failed to read Excel file reports/2022/week_51_anex_17dic_al_23dic_2022.xlsx with xlrd: Excel xlsx file; not supported
2024-09-29 19:27:37,885 - INFO - Data successfully inserted into product_prices.
2024-09-29 19:27:38,163 - ERROR - Failed to read Excel file reports/2022/week_52_anex_24dic_al_30dic_2022.xlsx with xlrd: Excel xlsx file; not supported
2024-09-29 19:27:38,483 - INFO - Data successfully inserted into product_prices.
2024-09-29 19:27:38,746 - ERROR - Failed to read Excel file reports/2022/week_53_anex_31dic_al_06ene_2023.xlsx with xlrd: Excel xlsx file; not supported
2024-09-29 19:27:39,284 - INFO - Data successfully inserted into product_prices.
2024-09-29 19:27:39,568 - ERROR - Failed to read Excel file reports/2022/week_5_Sem_29ene_2022_04feb_2022.xlsx with xlrd: Excel xlsx file; not supported
2024-09-29 19:27:40,116 - INFO - Data successfully inserted into product_prices.
2024-09-29 19:27:40,745 - ERROR - Failed to read Excel file reports/2022/week_6_Sem_05feb_2022_11feb_2022.xlsx with xlrd: Excel xlsx file; not supported
2024-09-29 19:27:41,161 - INFO - Data successfully inserted into product_prices.
2024-09-29 19:27:41,495 - ERROR - Failed to read Excel file reports/2022/week_7_Sem_12feb_2022_18feb_2022.xlsx with xlrd: Excel xlsx file; not supported
2024-09-29 19:27:41,847 - INFO - Data successfully inserted into product_prices.
2024-09-29 19:27:42,118 - ERROR - Failed to read Excel file reports/2022/week_8_Sem_19feb_2022_25feb_2022.xlsx with xlrd: Excel xlsx file; not supported
2024-09-29 19:27:42,454 - INFO - Data successfully inserted into product_prices.
2024-09-29 19:27:42,759 - ERROR - Failed to read Excel file reports/2022/week_9_Sem_26feb_2022_04mar_2022.xlsx with xlrd: Excel xlsx file; not supported
2024-09-29 19:27:43,099 - INFO - Data successfully inserted into product_prices.
2024-09-29 19:27:43,346 - ERROR - Failed to read Excel file reports/2023/week_10_anex_04mar_al_10mar_2023.xlsx with xlrd: Excel xlsx file; not supported
2024-09-29 19:27:43,667 - INFO - Data successfully inserted into product_prices.
2024-09-29 19:27:43,931 - ERROR - Failed to read Excel file reports/2023/week_11_anex_11mar_al_17mar_2023.xlsx with xlrd: Excel xlsx file; not supported
2024-09-29 19:27:44,265 - INFO - Data successfully inserted into product_prices.
2024-09-29 19:27:44,527 - ERROR - Failed to read Excel file reports/2023/week_12_anex_18mar_al_24mar_2023.xlsx with xlrd: Excel xlsx file; not supported
2024-09-29 19:27:44,861 - INFO - Data successfully inserted into product_prices.
2024-09-29 19:27:45,140 - ERROR - Failed to read Excel file reports/2023/week_13_anex_25mar_al_31mar_2023.xlsx with xlrd: Excel xlsx file; not supported
2024-09-29 19:27:45,497 - INFO - Data successfully inserted into product_prices.
2024-09-29 19:27:45,779 - ERROR - Failed to read Excel file reports/2023/week_14_anex_01abr_al_05abr_2023.xlsx with xlrd: Excel xlsx file; not supported
2024-09-29 19:27:46,099 - INFO - Data successfully inserted into product_prices.
2024-09-29 19:27:46,374 - ERROR - Failed to read Excel file reports/2023/week_15_anex_08abr_al_14abr_2023.xlsx with xlrd: Excel xlsx file; not supported
2024-09-29 19:27:46,667 - INFO - Data successfully inserted into product_prices.
2024-09-29 19:27:46,944 - ERROR - Failed to read Excel file reports/2023/week_16_anex_15abr_al_21abr_2023.xlsx with xlrd: Excel xlsx file; not supported
2024-09-29 19:27:47,266 - INFO - Data successfully inserted into product_prices.
2024-09-29 19:27:47,540 - ERROR - Failed to read Excel file reports/2023/week_17_anex_22abr_al_28abr_2023.xlsx with xlrd: Excel xlsx file; not supported
2024-09-29 19:27:47,915 - INFO - Data successfully inserted into product_prices.
2024-09-29 19:27:48,181 - ERROR - Failed to read Excel file reports/2023/week_18_anex_29abr_al_05may_2023.xlsx with xlrd: Excel xlsx file; not supported
2024-09-29 19:27:48,532 - INFO - Data successfully inserted into product_prices.
2024-09-29 19:27:48,795 - ERROR - Failed to read Excel file reports/2023/week_19_anex_06may_al_12may_2023.xlsx with xlrd: Excel xlsx file; not supported
2024-09-29 19:27:49,133 - INFO - Data successfully inserted into product_prices.
2024-09-29 19:27:49,397 - ERROR - Failed to read Excel file reports/2023/week_1_anex_31dic_al_06ene_2023.xlsx with xlrd: Excel xlsx file; not supported
2024-09-29 19:27:49,733 - INFO - Data successfully inserted into product_prices.
2024-09-29 19:27:50,288 - ERROR - Failed to read Excel file reports/2023/week_20_anex_13may_al_19may_2023.xlsx with xlrd: Excel xlsx file; not supported
2024-09-29 19:27:50,644 - INFO - Data successfully inserted into product_prices.
2024-09-29 19:27:50,912 - ERROR - Failed to read Excel file reports/2023/week_21_anex_20may_al_26may_2023.xlsx with xlrd: Excel xlsx file; not supported
2024-09-29 19:27:51,249 - INFO - Data successfully inserted into product_prices.
2024-09-29 19:27:51,512 - ERROR - Failed to read Excel file reports/2023/week_22_anex-SIPSASemanal-27may-02jun-2023.xlsx with xlrd: Excel xlsx file; not supported
2024-09-29 19:27:53,887 - INFO - Data successfully inserted into product_prices.
2024-09-29 19:27:54,178 - ERROR - Failed to read Excel file reports/2023/week_23_anex-SIPSASemanal-03jun-09jun-2023.xlsx with xlrd: Excel xlsx file; not supported
2024-09-29 19:27:54,532 - INFO - Data successfully inserted into product_prices.
2024-09-29 19:27:54,815 - ERROR - Failed to read Excel file reports/2023/week_24_anex-SIPSASemanal-10jun-16jun-2023.xlsx with xlrd: Excel xlsx file; not supported
2024-09-29 19:27:55,135 - INFO - Data successfully inserted into product_prices.
2024-09-29 19:27:55,418 - ERROR - Failed to read Excel file reports/2023/week_25_anex-SIPSASemanal-17jun-23jun-2023.xlsx with xlrd: Excel xlsx file; not supported
2024-09-29 19:27:55,737 - INFO - Data successfully inserted into product_prices.
2024-09-29 19:27:56,200 - ERROR - Failed to read Excel file reports/2023/week_26_anex-SIPSASemanal-24jun-30jun-2023.xlsx with xlrd: Excel xlsx file; not supported
2024-09-29 19:27:56,502 - INFO - Data successfully inserted into product_prices.
2024-09-29 19:27:57,221 - ERROR - Failed to read Excel file reports/2023/week_27_anex-SIPSASemanal-01jul-07jul-2023.xlsx with xlrd: Excel xlsx file; not supported
2024-09-29 19:27:57,519 - INFO - Data successfully inserted into product_prices.
2024-09-29 19:27:58,044 - ERROR - Failed to read Excel file reports/2023/week_28_anex-SIPSASemanal-08jul-14jul-2023.xlsx with xlrd: Excel xlsx file; not supported
2024-09-29 19:27:58,379 - INFO - Data successfully inserted into product_prices.
2024-09-29 19:27:58,621 - ERROR - Failed to read Excel file reports/2023/week_29_anex-SIPSASemanal-15jul-21jul-2023.xlsx with xlrd: Excel xlsx file; not supported
2024-09-29 19:27:58,942 - INFO - Data successfully inserted into product_prices.
2024-09-29 19:27:59,213 - ERROR - Failed to read Excel file reports/2023/week_2_anex_07ene_al_13ene_2023.xlsx with xlrd: Excel xlsx file; not supported
2024-09-29 19:27:59,519 - INFO - Data successfully inserted into product_prices.
2024-09-29 19:27:59,796 - ERROR - Failed to read Excel file reports/2023/week_30_anex-SIPSASemanal-22jul-28jul-2023.xlsx with xlrd: Excel xlsx file; not supported
2024-09-29 19:28:00,133 - INFO - Data successfully inserted into product_prices.
2024-09-29 19:28:00,411 - ERROR - Failed to read Excel file reports/2023/week_31_anex-SIPSASemanal-29jul-04ago-2023.xlsx with xlrd: Excel xlsx file; not supported
2024-09-29 19:28:00,766 - INFO - Data successfully inserted into product_prices.
2024-09-29 19:28:01,043 - ERROR - Failed to read Excel file reports/2023/week_32_anex-SIPSASemanal-05ago-11ago-2023.xlsx with xlrd: Excel xlsx file; not supported
2024-09-29 19:28:01,368 - INFO - Data successfully inserted into product_prices.
2024-09-29 19:28:01,677 - ERROR - Failed to read Excel file reports/2023/week_33_anex-SIPSASemanal-12ago-18ago-2023.xlsx with xlrd: Excel xlsx file; not supported
2024-09-29 19:28:02,017 - INFO - Data successfully inserted into product_prices.
2024-09-29 19:28:02,278 - ERROR - Failed to read Excel file reports/2023/week_34_anex-SIPSASemanal-19ago-25ago-2023.xlsx with xlrd: Excel xlsx file; not supported
2024-09-29 19:28:02,584 - INFO - Data successfully inserted into product_prices.
2024-09-29 19:28:02,832 - ERROR - Failed to read Excel file reports/2023/week_35_anex-SIPSASemanal-26ago-01sep-2023.xlsx with xlrd: Excel xlsx file; not supported
2024-09-29 19:28:03,165 - INFO - Data successfully inserted into product_prices.
2024-09-29 19:28:03,427 - ERROR - Failed to read Excel file reports/2023/week_36_anex-SIPSASemanal-02sep-08sep-2023.xlsx with xlrd: Excel xlsx file; not supported
2024-09-29 19:28:03,752 - INFO - Data successfully inserted into product_prices.
2024-09-29 19:28:04,018 - ERROR - Failed to read Excel file reports/2023/week_37_anex-SIPSASemanal-09sep-15sep-2023.xlsx with xlrd: Excel xlsx file; not supported
2024-09-29 19:28:04,365 - INFO - Data successfully inserted into product_prices.
2024-09-29 19:28:04,631 - ERROR - Failed to read Excel file reports/2023/week_38_anex-SIPSASemanal-16sep-22sep-2023.xlsx with xlrd: Excel xlsx file; not supported
2024-09-29 19:28:04,951 - INFO - Data successfully inserted into product_prices.
2024-09-29 19:28:05,227 - ERROR - Failed to read Excel file reports/2023/week_39_anex-SIPSASemanal-23sep-29sep-2023.xlsx with xlrd: Excel xlsx file; not supported
2024-09-29 19:28:06,097 - INFO - Data successfully inserted into product_prices.
2024-09-29 19:28:06,375 - ERROR - Failed to read Excel file reports/2023/week_3_anex_14ene_al_20ene_2023.xlsx with xlrd: Excel xlsx file; not supported
2024-09-29 19:28:06,727 - INFO - Data successfully inserted into product_prices.
2024-09-29 19:28:06,980 - ERROR - Failed to read Excel file reports/2023/week_40_anex-SIPSASemanal-30sep-06oct-2023.xlsx with xlrd: Excel xlsx file; not supported
2024-09-29 19:28:07,269 - INFO - Data successfully inserted into product_prices.
2024-09-29 19:28:07,547 - ERROR - Failed to read Excel file reports/2023/week_41_anex-SIPSASemanal-07oct-13oct-2023.xlsx with xlrd: Excel xlsx file; not supported
2024-09-29 19:28:07,867 - INFO - Data successfully inserted into product_prices.
2024-09-29 19:28:08,144 - ERROR - Failed to read Excel file reports/2023/week_42_anex-SIPSASemanal-14oct-20oct-2023.xlsx with xlrd: Excel xlsx file; not supported
2024-09-29 19:28:08,467 - INFO - Data successfully inserted into product_prices.
2024-09-29 19:28:08,743 - ERROR - Failed to read Excel file reports/2023/week_43_anex-SIPSASemanal-21oct-27oct-2023.xlsx with xlrd: Excel xlsx file; not supported
2024-09-29 19:28:09,066 - INFO - Data successfully inserted into product_prices.
2024-09-29 19:28:09,527 - ERROR - Failed to read Excel file reports/2023/week_44_anex-SIPSASemanal-28oct-03nov-2023.xlsx with xlrd: Excel xlsx file; not supported
2024-09-29 19:28:09,865 - INFO - Data successfully inserted into product_prices.
2024-09-29 19:28:10,209 - ERROR - Failed to read Excel file reports/2023/week_45_anex-SIPSASemanal-04nov-10nov-2023.xlsx with xlrd: Excel xlsx file; not supported
2024-09-29 19:28:10,533 - INFO - Data successfully inserted into product_prices.
2024-09-29 19:28:10,781 - ERROR - Failed to read Excel file reports/2023/week_46_anex-SIPSASemanal-11nov-17nov-2023.xlsx with xlrd: Excel xlsx file; not supported
2024-09-29 19:28:11,131 - INFO - Data successfully inserted into product_prices.
2024-09-29 19:28:11,381 - ERROR - Failed to read Excel file reports/2023/week_47_anex-SIPSASemanal-18nov-24nov-2023.xlsx with xlrd: Excel xlsx file; not supported
2024-09-29 19:28:11,766 - INFO - Data successfully inserted into product_prices.
2024-09-29 19:28:11,998 - ERROR - Failed to read Excel file reports/2023/week_48_anex-SIPSASemanal-25nov-01dic-2023.xlsx with xlrd: Excel xlsx file; not supported
2024-09-29 19:28:12,348 - INFO - Data successfully inserted into product_prices.
2024-09-29 19:28:12,612 - ERROR - Failed to read Excel file reports/2023/week_49_anex-SIPSASemanal-02dic-07dic-2023.xlsx with xlrd: Excel xlsx file; not supported
2024-09-29 19:28:12,981 - INFO - Data successfully inserted into product_prices.
2024-09-29 19:28:13,261 - ERROR - Failed to read Excel file reports/2023/week_4_anex_21ene_al_27ene_2023.xlsx with xlrd: Excel xlsx file; not supported
2024-09-29 19:28:13,568 - INFO - Data successfully inserted into product_prices.
2024-09-29 19:28:13,860 - ERROR - Failed to read Excel file reports/2023/week_50_anex-SIPSASemanal-09dic-15dic-2023.xlsx with xlrd: Excel xlsx file; not supported
2024-09-29 19:28:14,153 - INFO - Data successfully inserted into product_prices.
2024-09-29 19:28:14,406 - ERROR - Failed to read Excel file reports/2023/week_51_anex-SIPSASemanal-16dic-22dic-2023.xlsx with xlrd: Excel xlsx file; not supported
2024-09-29 19:28:15,891 - INFO - Data successfully inserted into product_prices.
2024-09-29 19:28:16,130 - ERROR - Failed to read Excel file reports/2023/week_52_anex-SIPSASemanal-23dic-29dic-2023.xlsx with xlrd: Excel xlsx file; not supported
2024-09-29 19:28:16,482 - INFO - Data successfully inserted into product_prices.
2024-09-29 19:28:16,763 - ERROR - Failed to read Excel file reports/2023/week_53_anex-SIPSASemanal-30dic-05ene-2024.xlsx with xlrd: Excel xlsx file; not supported
2024-09-29 19:28:17,131 - INFO - Data successfully inserted into product_prices.
2024-09-29 19:28:17,748 - ERROR - Failed to read Excel file reports/2023/week_54_anex-SIPSASemanal-24feb-01mar-2024.xlsx with xlrd: Excel xlsx file; not supported
2024-09-29 19:28:18,053 - INFO - Data successfully inserted into product_prices.
2024-09-29 19:28:18,329 - ERROR - Failed to read Excel file reports/2023/week_5_anex_28ene_al_03feb_2023.xlsx with xlrd: Excel xlsx file; not supported
2024-09-29 19:28:18,634 - INFO - Data successfully inserted into product_prices.
2024-09-29 19:28:18,881 - ERROR - Failed to read Excel file reports/2023/week_6_anex_04feb_al_10feb_2023.xlsx with xlrd: Excel xlsx file; not supported
2024-09-29 19:28:19,248 - INFO - Data successfully inserted into product_prices.
2024-09-29 19:28:19,517 - ERROR - Failed to read Excel file reports/2023/week_7_anex_11feb_al_17feb_2023.xlsx with xlrd: Excel xlsx file; not supported
2024-09-29 19:28:19,854 - INFO - Data successfully inserted into product_prices.
2024-09-29 19:28:20,113 - ERROR - Failed to read Excel file reports/2023/week_8_anex_18feb_al_24feb_2023.xlsx with xlrd: Excel xlsx file; not supported
2024-09-29 19:28:20,435 - INFO - Data successfully inserted into product_prices.
2024-09-29 19:28:21,030 - ERROR - Failed to read Excel file reports/2023/week_9_anex_25feb_al_03mar_2023.xlsx with xlrd: Excel xlsx file; not supported
2024-09-29 19:28:21,351 - INFO - Data successfully inserted into product_prices.
2024-09-29 19:28:21,596 - ERROR - Failed to read Excel file reports/2024/week_10_anex-SIPSASemanal-02mar-08mar-2024.xlsx with xlrd: Excel xlsx file; not supported
2024-09-29 19:28:21,916 - INFO - Data successfully inserted into product_prices.
2024-09-29 19:28:22,258 - ERROR - Failed to read Excel file reports/2024/week_11_anex-SIPSASemanal-09mar-16mar-2024.xlsx with xlrd: Excel xlsx file; not supported
2024-09-29 19:28:22,634 - INFO - Data successfully inserted into product_prices.
2024-09-29 19:28:22,880 - ERROR - Failed to read Excel file reports/2024/week_12_anex-SIPSASemanal-16mar-22mar-2024.xlsx with xlrd: Excel xlsx file; not supported
2024-09-29 19:28:23,184 - INFO - Data successfully inserted into product_prices.
2024-09-29 19:28:23,805 - ERROR - Failed to read Excel file reports/2024/week_13_anex-SIPSASemanal-23mar-27mar-2024.xlsx with xlrd: Excel xlsx file; not supported
2024-09-29 19:28:24,149 - INFO - Data successfully inserted into product_prices.
2024-09-29 19:28:24,413 - ERROR - Failed to read Excel file reports/2024/week_14_anex-SIPSASemanal-30mar-05abr-2024.xlsx with xlrd: Excel xlsx file; not supported
2024-09-29 19:28:24,965 - INFO - Data successfully inserted into product_prices.
2024-09-29 19:28:25,245 - ERROR - Failed to read Excel file reports/2024/week_15_anex-SIPSASemanal-06abr-12abr-2024.xlsx with xlrd: Excel xlsx file; not supported
2024-09-29 19:28:25,586 - INFO - Data successfully inserted into product_prices.
2024-09-29 19:28:25,895 - ERROR - Failed to read Excel file reports/2024/week_16_anex-SIPSASemanal-13abr-19abr-2024.xlsx with xlrd: Excel xlsx file; not supported
2024-09-29 19:28:26,247 - INFO - Data successfully inserted into product_prices.
2024-09-29 19:28:26,544 - ERROR - Failed to read Excel file reports/2024/week_17_anex-SIPSASemanal-20abr-26abr-2024.xlsx with xlrd: Excel xlsx file; not supported
2024-09-29 19:28:26,866 - INFO - Data successfully inserted into product_prices.
2024-09-29 19:28:27,114 - ERROR - Failed to read Excel file reports/2024/week_18_anex-SIPSASemanal-27abr-03may-2024.xlsx with xlrd: Excel xlsx file; not supported
2024-09-29 19:28:27,433 - INFO - Data successfully inserted into product_prices.
2024-09-29 19:28:27,695 - ERROR - Failed to read Excel file reports/2024/week_19_anex-SIPSASemanal-03may-10may-2024.xlsx with xlrd: Excel xlsx file; not supported
2024-09-29 19:28:28,036 - INFO - Data successfully inserted into product_prices.
2024-09-29 19:28:28,281 - ERROR - Failed to read Excel file reports/2024/week_1_anex-SIPSASemanal-30dic-05ene-2024.xlsx with xlrd: Excel xlsx file; not supported
2024-09-29 19:28:28,665 - INFO - Data successfully inserted into product_prices.
2024-09-29 19:28:28,930 - ERROR - Failed to read Excel file reports/2024/week_20_anex-SIPSASemanal-11may-17may-2024.xlsx with xlrd: Excel xlsx file; not supported
2024-09-29 19:28:29,283 - INFO - Data successfully inserted into product_prices.
2024-09-29 19:28:29,530 - ERROR - Failed to read Excel file reports/2024/week_21_anex-SIPSASemanal-18may-24may-2024.xlsx with xlrd: Excel xlsx file; not supported
2024-09-29 19:28:29,851 - INFO - Data successfully inserted into product_prices.
2024-09-29 19:28:30,315 - ERROR - Failed to read Excel file reports/2024/week_22_anex-SIPSASemanal-25may-31may-2024.xlsx with xlrd: Excel xlsx file; not supported
2024-09-29 19:28:30,647 - INFO - Data successfully inserted into product_prices.
2024-09-29 19:28:30,978 - ERROR - Failed to read Excel file reports/2024/week_23_anex-SIPSASemanal-1jun-7jun-2024.xlsx with xlrd: Excel xlsx file; not supported
2024-09-29 19:28:31,360 - INFO - Data successfully inserted into product_prices.
2024-09-29 19:28:31,662 - ERROR - Failed to read Excel file reports/2024/week_24_anex-SIPSASemanal-8jun-14jun-2024.xlsx with xlrd: Excel xlsx file; not supported
2024-09-29 19:28:31,970 - INFO - Data successfully inserted into product_prices.
2024-09-29 19:28:32,261 - ERROR - Failed to read Excel file reports/2024/week_25_anex-SIPSASemanal-15jun-21jun-2024.xlsx with xlrd: Excel xlsx file; not supported
2024-09-29 19:28:32,616 - INFO - Data successfully inserted into product_prices.
2024-09-29 19:28:33,383 - ERROR - Failed to read Excel file reports/2024/week_26_anex-SIPSASemanal-22jun-28jun-2024.xlsx with xlrd: Excel xlsx file; not supported
2024-09-29 19:28:33,711 - INFO - Data successfully inserted into product_prices.
2024-09-29 19:28:33,959 - ERROR - Failed to read Excel file reports/2024/week_27_anex-SIPSASemanal-29jun-5jul-2024.xlsx with xlrd: Excel xlsx file; not supported
2024-09-29 19:28:34,268 - INFO - Data successfully inserted into product_prices.
2024-09-29 19:28:34,530 - ERROR - Failed to read Excel file reports/2024/week_28_anex-SIPSASemanal-6jul-12jul-2024.xlsx with xlrd: Excel xlsx file; not supported
2024-09-29 19:28:34,898 - INFO - Data successfully inserted into product_prices.
2024-09-29 19:28:35,131 - ERROR - Failed to read Excel file reports/2024/week_29_anex-SIPSASemanal-13jul-19jul-2024.xlsx with xlrd: Excel xlsx file; not supported
2024-09-29 19:28:35,498 - INFO - Data successfully inserted into product_prices.
2024-09-29 19:28:35,747 - ERROR - Failed to read Excel file reports/2024/week_2_anex-SIPSASemanal-06ene-12ene-2024.xlsx with xlrd: Excel xlsx file; not supported
2024-09-29 19:28:36,084 - INFO - Data successfully inserted into product_prices.
2024-09-29 19:28:36,380 - ERROR - Failed to read Excel file reports/2024/week_30_anex-SIPSASemanal-20jul-26jul-2024.xlsx with xlrd: Excel xlsx file; not supported
2024-09-29 19:28:36,875 - INFO - Data successfully inserted into product_prices.
2024-09-29 19:28:37,162 - ERROR - Failed to read Excel file reports/2024/week_31_anex-SIPSASemanal-27jul-2ago-2024.xlsx with xlrd: Excel xlsx file; not supported
2024-09-29 19:28:37,452 - INFO - Data successfully inserted into product_prices.
2024-09-29 19:28:37,730 - ERROR - Failed to read Excel file reports/2024/week_32_anex-SIPSASemanal-3ago-9ago-2024.xlsx with xlrd: Excel xlsx file; not supported
2024-09-29 19:28:38,081 - INFO - Data successfully inserted into product_prices.
2024-09-29 19:28:38,378 - ERROR - Failed to read Excel file reports/2024/week_33_anex-SIPSASemanal-10ago-16ago-2024.xlsx with xlrd: Excel xlsx file; not supported
2024-09-29 19:28:38,716 - INFO - Data successfully inserted into product_prices.
2024-09-29 19:28:39,037 - ERROR - Failed to read Excel file reports/2024/week_34_anex-SIPSASemanal-17ago-23ago-2024.xlsx with xlrd: Excel xlsx file; not supported
2024-09-29 19:28:39,354 - INFO - Data successfully inserted into product_prices.
2024-09-29 19:28:39,644 - ERROR - Failed to read Excel file reports/2024/week_35_anex-SIPSASemanal-24ago-30ago-2024.xlsx with xlrd: Excel xlsx file; not supported
2024-09-29 19:28:40,201 - INFO - Data successfully inserted into product_prices.
2024-09-29 19:28:40,664 - ERROR - Failed to read Excel file reports/2024/week_36_anex-SIPSASemanal-31ago-6sep-2024.xlsx with xlrd: Excel xlsx file; not supported
2024-09-29 19:28:41,001 - INFO - Data successfully inserted into product_prices.
2024-09-29 19:28:41,280 - ERROR - Failed to read Excel file reports/2024/week_37_anex-SIPSASemanal-7sep-13sep-2024.xlsx with xlrd: Excel xlsx file; not supported
2024-09-29 19:28:41,615 - INFO - Data successfully inserted into product_prices.
2024-09-29 19:28:41,888 - ERROR - Failed to read Excel file reports/2024/week_38_anex-SIPSASemanal-14sep-20sep-2024.xlsx with xlrd: Excel xlsx file; not supported
2024-09-29 19:28:42,267 - INFO - Data successfully inserted into product_prices.
2024-09-29 19:28:42,532 - ERROR - Failed to read Excel file reports/2024/week_39_anex-SIPSASemanal-21sep-27sep-2024.xlsx with xlrd: Excel xlsx file; not supported
2024-09-29 19:28:42,883 - INFO - Data successfully inserted into product_prices.
2024-09-29 19:28:43,162 - ERROR - Failed to read Excel file reports/2024/week_3_anex-SIPSASemanal-13ene-19ene-2024.xlsx with xlrd: Excel xlsx file; not supported
2024-09-29 19:28:43,467 - INFO - Data successfully inserted into product_prices.
2024-09-29 19:28:43,744 - ERROR - Failed to read Excel file reports/2024/week_4_anex-SIPSASemanal-20ene-26ene-2024.xlsx with xlrd: Excel xlsx file; not supported
2024-09-29 19:28:44,067 - INFO - Data successfully inserted into product_prices.
2024-09-29 19:28:44,377 - ERROR - Failed to read Excel file reports/2024/week_5_anex-SIPSASemanal-27ene-02feb-2024.xlsx with xlrd: Excel xlsx file; not supported
2024-09-29 19:28:44,734 - INFO - Data successfully inserted into product_prices.
2024-09-29 19:28:45,004 - ERROR - Failed to read Excel file reports/2024/week_6_anex-SIPSASemanal-03feb-09feb-2024.xlsx with xlrd: Excel xlsx file; not supported
2024-09-29 19:28:45,570 - INFO - Data successfully inserted into product_prices.
2024-09-29 19:28:45,846 - ERROR - Failed to read Excel file reports/2024/week_7_anex-SIPSASemanal-10feb-16feb-2024.xlsx with xlrd: Excel xlsx file; not supported
2024-09-29 19:28:46,183 - INFO - Data successfully inserted into product_prices.
2024-09-29 19:28:46,448 - ERROR - Failed to read Excel file reports/2024/week_8_anex-SIPSASemanal-17feb-23feb-2024.xlsx with xlrd: Excel xlsx file; not supported
2024-09-29 19:28:46,769 - INFO - Data successfully inserted into product_prices.
2024-09-29 19:28:47,029 - ERROR - Failed to read Excel file reports/2024/week_9_anex-SIPSASemanal-24feb-01mar-2024.xlsx with xlrd: Excel xlsx file; not supported
2024-09-29 19:28:47,357 - INFO - Data successfully inserted into product_prices.
