2024-10-02 17:40:47,786 - INFO - Loaded existing files tracker from S3.
2024-10-02 17:40:50,027 - INFO - Working on 2024 files
2024-10-02 17:40:50,352 - INFO - Loaded existing files tracker from S3.
2024-10-02 17:40:50,568 - INFO - Year 2024 processed: 0 new files uploaded to S3 bucket sipsa-bucket.
2024-10-02 17:40:51,858 - INFO - Working on 2023 files
2024-10-02 17:40:52,164 - INFO - Loaded existing files tracker from S3.
2024-10-02 17:40:52,338 - INFO - Year 2023 processed: 0 new files uploaded to S3 bucket sipsa-bucket.
2024-10-02 17:40:53,863 - INFO - Working on 2022 files
2024-10-02 17:40:54,860 - INFO - Loaded existing files tracker from S3.
2024-10-02 17:40:54,927 - ERROR - Failed to download file from https://www.dane.gov.cohttps://www.dane.gov.co/files/investigaciones/agropecuario/sipsa/anex_22oct_al_28oct_2022.xlsx: HTTPSConnectionPool(host='www.dane.gov.cohttps', port=443): Max retries exceeded with url: /www.dane.gov.co/files/investigaciones/agropecuario/sipsa/anex_22oct_al_28oct_2022.xlsx (Caused by NewConnectionError('<urllib3.connection.HTTPSConnection object at 0x0000021CA83A0520>: Failed to establish a new connection: [Errno 11001] getaddrinfo failed'))
2024-10-02 17:40:54,935 - ERROR - Failed to download file from https://www.dane.gov.cohttps://www.dane.gov.co/files/investigaciones/agropecuario/sipsa/anex_15oct_al_21oct_2022.xlsx: HTTPSConnectionPool(host='www.dane.gov.cohttps', port=443): Max retries exceeded with url: /www.dane.gov.co/files/investigaciones/agropecuario/sipsa/anex_15oct_al_21oct_2022.xlsx (Caused by NewConnectionError('<urllib3.connection.HTTPSConnection object at 0x0000021CA83A04F0>: Failed to establish a new connection: [Errno 11001] getaddrinfo failed'))
2024-10-02 17:40:55,158 - INFO - Year 2022 processed: 0 new files uploaded to S3 bucket sipsa-bucket.
2024-10-02 17:40:56,687 - INFO - Working on 2021 files
2024-10-02 17:40:57,114 - INFO - Loaded existing files tracker from S3.
2024-10-02 17:40:57,243 - INFO - Year 2021 processed: 0 new files uploaded to S3 bucket sipsa-bucket.
2024-10-02 17:40:58,642 - INFO - Working on 2020 files
2024-10-02 17:40:58,876 - INFO - Loaded existing files tracker from S3.
2024-10-02 17:40:59,021 - INFO - Year 2020 processed: 0 new files uploaded to S3 bucket sipsa-bucket.
2024-10-02 17:41:00,312 - INFO - Working on 2019 files
2024-10-02 17:41:00,567 - INFO - Loaded existing files tracker from S3.
2024-10-02 17:41:00,722 - INFO - Year 2019 processed: 0 new files uploaded to S3 bucket sipsa-bucket.
2024-10-02 17:41:02,033 - INFO - Working on 2018 files
2024-10-02 17:41:02,279 - INFO - Loaded existing files tracker from S3.
2024-10-02 17:41:02,417 - INFO - Year 2018 processed: 0 new files uploaded to S3 bucket sipsa-bucket.
2024-10-02 17:41:03,694 - INFO - Working on 2017 files
2024-10-02 17:41:04,005 - INFO - Loaded existing files tracker from S3.
2024-10-02 17:41:04,187 - INFO - Year 2017 processed: 0 new files uploaded to S3 bucket sipsa-bucket.
2024-10-02 17:41:05,491 - INFO - Working on 2016 files
2024-10-02 17:41:05,882 - INFO - Loaded existing files tracker from S3.
2024-10-02 17:41:06,028 - INFO - Year 2016 processed: 0 new files uploaded to S3 bucket sipsa-bucket.
2024-10-02 17:41:07,335 - INFO - Working on 2015 files
2024-10-02 17:41:07,576 - INFO - Loaded existing files tracker from S3.
2024-10-02 17:41:07,714 - INFO - Year 2015 processed: 0 new files uploaded to S3 bucket sipsa-bucket.
2024-10-02 17:41:09,535 - INFO - Working on 14-1 files
2024-10-02 17:41:09,779 - INFO - Loaded existing files tracker from S3.
2024-10-02 17:41:09,895 - INFO - Year 14-1 processed: 0 new files uploaded to S3 bucket sipsa-bucket.
2024-10-02 17:41:11,238 - INFO - Working on 13-1 files
2024-10-02 17:41:11,525 - INFO - Loaded existing files tracker from S3.
2024-10-02 17:41:11,652 - INFO - Year 13-1 processed: 0 new files uploaded to S3 bucket sipsa-bucket.
2024-10-02 17:41:13,709 - INFO - Working on 12-1 files
2024-10-02 17:41:13,935 - INFO - Loaded existing files tracker from S3.
2024-10-02 17:41:14,067 - INFO - Year 12-1 processed: 0 new files uploaded to S3 bucket sipsa-bucket.
2024-10-02 17:41:14,068 - INFO - Log file logfile uploaded successfully to S3 bucket sipsa-bucket.
2024-10-02 17:41:14,068 - INFO - Fetching first format paths from bucket: sipsa-bucket
2024-10-02 17:41:14,661 - INFO - Found 285 files for the first format.
2024-10-02 17:41:14,661 - INFO - Fetching second format paths from bucket: sipsa-bucket
2024-10-02 17:41:15,059 - INFO - Found 333 files for the second format.
2024-10-02 17:41:15,060 - INFO - Started working on first batch of files
2024-10-02 17:41:15,086 - INFO - Skipping file week_1_Anexo_Bol_Semanal_SIPSA_Noviembre_16_2012.xls as it is already loaded into RDS.
2024-10-02 17:41:15,088 - INFO - Skipping file week_2_Anexo_Bol_Semanal_SIPSA_Noviembre_23_2012.xls as it is already loaded into RDS.
2024-10-02 17:41:15,089 - INFO - Skipping file week_3_Anexo_Bol_Semanal_SIPSA_Noviembre_24_2012.xls as it is already loaded into RDS.
2024-10-02 17:41:15,093 - INFO - Skipping file week_4_Anexo_Bol_Semanal_SIPSA_Diciembre_1_2012.xls as it is already loaded into RDS.
2024-10-02 17:41:15,097 - INFO - Skipping file week_5_Anexo_Bol_Semanal_SIPSA_Diciembre_8_2012.xls as it is already loaded into RDS.
2024-10-02 17:41:15,098 - INFO - Skipping file week_6_Anexo_Bol_Semanal_SIPSA_Diciembre_15_2012.xls as it is already loaded into RDS.
2024-10-02 17:41:15,100 - INFO - Skipping file week_7_Anexo_Bol_Semanal_SIPSA_Diciembre_28_2012.xls as it is already loaded into RDS.
2024-10-02 17:41:15,102 - INFO - Skipping file week_10_Anexo_Bol_Semanal_SIPSA_marzo2_2013.xls as it is already loaded into RDS.
2024-10-02 17:41:15,104 - INFO - Skipping file week_11_Anexo_Bol_Semanal_SIPSA_marzo9_2013.xls as it is already loaded into RDS.
2024-10-02 17:41:15,106 - INFO - Skipping file week_12_Anexo_Bol_Semanal_SIPSA_marzo16_2013.xls as it is already loaded into RDS.
2024-10-02 17:41:15,107 - INFO - Skipping file week_13_Anexo_Bol_Semanal_SIPSA_marzo23_2013.xls as it is already loaded into RDS.
2024-10-02 17:41:15,111 - INFO - Skipping file week_14_Anexo_Bol_Semanal_SIPSA_abril5_2013.xls as it is already loaded into RDS.
2024-10-02 17:41:15,114 - INFO - Skipping file week_15_Anexo_Bol_Semanal_SIPSA_abril6_2013.xls as it is already loaded into RDS.
2024-10-02 17:41:15,116 - INFO - Skipping file week_16_Anexo_Bol_Semanal_SIPSA_abril20_2013.xls as it is already loaded into RDS.
2024-10-02 17:41:15,118 - INFO - Skipping file week_17_Anexo_Bol_Semanal_SIPSA_abril27_2013.xls as it is already loaded into RDS.
2024-10-02 17:41:15,120 - INFO - Skipping file week_18_Anexo_Bol_Semanal_SIPSA_mayo04_2013.xls as it is already loaded into RDS.
2024-10-02 17:41:15,123 - INFO - Skipping file week_19_Anexo_Bol_Semanal_SIPSA_mayo11_2013.xls as it is already loaded into RDS.
2024-10-02 17:41:15,125 - INFO - Skipping file week_1_Anexo_Bol_Semanal_SIPSA_enero_04_2013.xls as it is already loaded into RDS.
2024-10-02 17:41:15,127 - INFO - Skipping file week_20_Anexo_Bol_Semanal_SIPSA_mayo18_2013.xls as it is already loaded into RDS.
2024-10-02 17:41:15,129 - INFO - Skipping file week_21_Anexo_Bol_Semanal_SIPSA_mayo25_2013.xls as it is already loaded into RDS.
2024-10-02 17:41:15,131 - INFO - Skipping file week_22_Anexo_Bol_Semanal_jun5_2013.xls as it is already loaded into RDS.
2024-10-02 17:41:15,132 - INFO - Skipping file week_23_Anexo_Bol_Semanal_jun8_2013.xls as it is already loaded into RDS.
2024-10-02 17:41:15,134 - INFO - Skipping file week_24_Anexo_Bol_Semanal_jun15_2013.xls as it is already loaded into RDS.
2024-10-02 17:41:15,136 - INFO - Skipping file week_25_Anexo_Bol_Semanal_jun22_2013.xls as it is already loaded into RDS.
2024-10-02 17:41:15,138 - INFO - Skipping file week_26_Anexo_Bol_Semanal_jun29_2013.xls as it is already loaded into RDS.
2024-10-02 17:41:15,140 - INFO - Skipping file week_27_Anexo_Bol_Semanal_jul6_2013.xls as it is already loaded into RDS.
2024-10-02 17:41:15,142 - INFO - Skipping file week_28_Anexo_Bol_Semanal_jul13_2013.xls as it is already loaded into RDS.
2024-10-02 17:41:15,144 - INFO - Skipping file week_29_Anexo_Bol_Semanal_jul20_2013.xls as it is already loaded into RDS.
2024-10-02 17:41:15,146 - INFO - Skipping file week_2_Anexo_Bol_Semanal_SIPSA_enero_11_2013.xls as it is already loaded into RDS.
2024-10-02 17:41:15,148 - INFO - Skipping file week_30_Anexo_Bol_Semanal_jul27_2013.xls as it is already loaded into RDS.
2024-10-02 17:41:15,149 - INFO - Skipping file week_31_Anexo_Bol_Semanal_ago3_2013.xls as it is already loaded into RDS.
2024-10-02 17:41:15,151 - INFO - Skipping file week_32_Anexo_Bol_Semanal_ago10_2013.xls as it is already loaded into RDS.
2024-10-02 17:41:15,153 - INFO - Skipping file week_33_Anexo_Bol_Semanal_ago20_2013.xls as it is already loaded into RDS.
2024-10-02 17:41:15,155 - INFO - Skipping file week_34_Anexo_Bol_Semanal_ago30_2013.xls as it is already loaded into RDS.
2024-10-02 17:41:15,157 - INFO - Skipping file week_35_Anexo_Bol_Semanal_sept6_2013.xls as it is already loaded into RDS.
2024-10-02 17:41:15,159 - INFO - Skipping file week_36_Anexo_Bol_Semanal_sept7_2013.xls as it is already loaded into RDS.
2024-10-02 17:41:15,161 - INFO - Skipping file week_37_Anexo_Bol_Semanal_sept14_2013.xls as it is already loaded into RDS.
2024-10-02 17:41:15,163 - INFO - Skipping file week_38_Anexo_Bol_Semanal_sept23_2013.xls as it is already loaded into RDS.
2024-10-02 17:41:15,165 - INFO - Skipping file week_39_Anexo_Bol_Semanal_oct4_2013.xls as it is already loaded into RDS.
2024-10-02 17:41:15,167 - INFO - Skipping file week_3_Anexo_Bol_Semanal_SIPSA_enero_12_2013.xls as it is already loaded into RDS.
2024-10-02 17:41:15,169 - INFO - Skipping file week_40_Anexo_Bol_Semanal_oct5_2013.xls as it is already loaded into RDS.
2024-10-02 17:41:15,170 - INFO - Skipping file week_41_Anexo_Bol_Semanal_oct12_2013.xls as it is already loaded into RDS.
2024-10-02 17:41:15,175 - INFO - Skipping file week_42_Anexo_Bol_Semanal_oct19_2013.xls as it is already loaded into RDS.
2024-10-02 17:41:15,179 - INFO - Skipping file week_43_Anexo_Bol_Semanal_oct26_2013.xls as it is already loaded into RDS.
2024-10-02 17:41:15,181 - INFO - Skipping file week_44_Anexo_Bol_Semanal_nov2_2013.xls as it is already loaded into RDS.
2024-10-02 17:41:15,182 - INFO - Skipping file week_45_Anexo_Bol_Semanal_nov9_2013.xls as it is already loaded into RDS.
2024-10-02 17:41:15,184 - INFO - Skipping file week_46_Anexo_Bol_Semanal_nov16_2013.xls as it is already loaded into RDS.
2024-10-02 17:41:15,186 - INFO - Skipping file week_47_Anexo_Bol_Semanal_nov23_2013.xls as it is already loaded into RDS.
2024-10-02 17:41:15,188 - INFO - Skipping file week_48_Anexo_Bol_Semanal_nov29_2013.xls as it is already loaded into RDS.
2024-10-02 17:41:15,190 - INFO - Skipping file week_49_Anexo_Bol_Semanal_dic13_2013.xls as it is already loaded into RDS.
2024-10-02 17:41:15,193 - INFO - Skipping file week_4_Anexo_Bol_Semanal_SIPSA_enero_19_2013.xls as it is already loaded into RDS.
2024-10-02 17:41:15,195 - INFO - Skipping file week_50_Anexo_Bol_Semanal_dic14_2013.xls as it is already loaded into RDS.
2024-10-02 17:41:15,197 - INFO - Skipping file week_51_Anexo_Bol_Semanal_dic21_2013.xls as it is already loaded into RDS.
2024-10-02 17:41:15,199 - INFO - Skipping file week_5_Anexo_Bol_Semanal_SIPSA_enero_26_2013.xls as it is already loaded into RDS.
2024-10-02 17:41:15,200 - INFO - Skipping file week_6_Anexo_Bol_Semanal_SIPSA_febrero_2_2013.xls as it is already loaded into RDS.
2024-10-02 17:41:15,202 - INFO - Skipping file week_7_Anexo_Bol_Semanal_SIPSA_febrero_9_2013.xls as it is already loaded into RDS.
2024-10-02 17:41:15,206 - INFO - Skipping file week_8_Anexo_Bol_Semanal_SIPSA_febrero_16_2013.xls as it is already loaded into RDS.
2024-10-02 17:41:15,208 - INFO - Skipping file week_9_Anexo_Bol_Semanal_SIPSA_febrero_23_2013.xls as it is already loaded into RDS.
2024-10-02 17:41:15,210 - INFO - Skipping file week_10_Anexo_Bol_Semanal_mar1_2014.xls as it is already loaded into RDS.
2024-10-02 17:41:15,212 - INFO - Skipping file week_11_Anexo_Bol_Semanal_mar8_2014.xls as it is already loaded into RDS.
2024-10-02 17:41:15,214 - INFO - Skipping file week_12_Anexo_Bol_Semanal_mar15_2014.xls as it is already loaded into RDS.
2024-10-02 17:41:15,215 - INFO - Skipping file week_13_Anexo_Bol_Semanal_mar22_2014.xls as it is already loaded into RDS.
2024-10-02 17:41:15,217 - INFO - Skipping file week_14_Anexo_Bol_Semanal_mar29_2014.xls as it is already loaded into RDS.
2024-10-02 17:41:15,219 - INFO - Skipping file week_15_Anexo_Bol_Semanal_abr5_2014.xls as it is already loaded into RDS.
2024-10-02 17:41:15,221 - INFO - Skipping file week_16_Anexo_Bol_Semanal_abr16_2014.xls as it is already loaded into RDS.
2024-10-02 17:41:15,223 - INFO - Skipping file week_17_Anexo_Bol_Semanal_abr19_2014.xls as it is already loaded into RDS.
2024-10-02 17:41:15,225 - INFO - Skipping file week_18_Anexo_Bol_Semanal_may2_2014.xls as it is already loaded into RDS.
2024-10-02 17:41:15,227 - INFO - Skipping file week_19_Anexo_Bol_Semanal_may3_2014.xls as it is already loaded into RDS.
2024-10-02 17:41:15,229 - INFO - Skipping file week_1_Anexo_Bol_Semanal_ene3_2014.xls as it is already loaded into RDS.
2024-10-02 17:41:15,235 - INFO - Skipping file week_20_Anexo_Bol_Semanal_100may10_2014.xls as it is already loaded into RDS.
2024-10-02 17:41:15,237 - INFO - Skipping file week_21_Anexo_Bol_Semanal_may17_2014.xls as it is already loaded into RDS.
2024-10-02 17:41:15,239 - INFO - Skipping file week_22_Anexo_Bol_Semanal_may24_2014.xls as it is already loaded into RDS.
2024-10-02 17:41:15,241 - INFO - Skipping file week_23_Anexo_Bol_Semanal_jun6_2014.xls as it is already loaded into RDS.
2024-10-02 17:41:15,243 - INFO - Skipping file week_24_Anexo_Bol_Semanal_jun7_2014.xls as it is already loaded into RDS.
2024-10-02 17:41:15,245 - INFO - Skipping file week_25_Anexo_Bol_Semanal_jun16_2014.xls as it is already loaded into RDS.
2024-10-02 17:41:15,247 - INFO - Skipping file week_26_Anexo_Bol_Semanal_jun21_2014.xls as it is already loaded into RDS.
2024-10-02 17:41:15,248 - INFO - Skipping file week_27_Anexo_Bol_Semanal_jun28_2014.xls as it is already loaded into RDS.
2024-10-02 17:41:15,251 - INFO - Skipping file week_28_Anexo_Bol_Semanal_jul11_2014.xls as it is already loaded into RDS.
2024-10-02 17:41:15,253 - INFO - Skipping file week_29_Anexo_Bol_Semanal_jul18_2014.xls as it is already loaded into RDS.
2024-10-02 17:41:15,254 - INFO - Skipping file week_2_Anexo_Bol_Semanal_ene4_2014.xls as it is already loaded into RDS.
2024-10-02 17:41:15,256 - INFO - Skipping file week_30_Anexo_Bol_Semanal_jul19_2014.xls as it is already loaded into RDS.
2024-10-02 17:41:15,258 - INFO - Skipping file week_31_Anexo_Bol_Semanal_jul26_2014.xls as it is already loaded into RDS.
2024-10-02 17:41:15,260 - INFO - Skipping file week_32_Anexo_Bol_Semanal_ago2_2014.xls as it is already loaded into RDS.
2024-10-02 17:41:15,262 - INFO - Skipping file week_33_Anexo_Bol_Semanal_ago23_2014.xls as it is already loaded into RDS.
2024-10-02 17:41:15,264 - INFO - Skipping file week_34_Anexo_Bol_Semanal_ago30_2014.xls as it is already loaded into RDS.
2024-10-02 17:41:15,267 - INFO - Skipping file week_35_Anexo_Bol_Semanal_sep6_2014.xls as it is already loaded into RDS.
2024-10-02 17:41:15,269 - INFO - Skipping file week_36_Anexo_Bol_Semanal_sep13_2014.xls as it is already loaded into RDS.
2024-10-02 17:41:15,270 - INFO - Skipping file week_37_Anexo_Bol_Semanal_sep26_2014.xls as it is already loaded into RDS.
2024-10-02 17:41:15,272 - INFO - Skipping file week_38_Anexo_Bol_Semanal_sep27_2014.xls as it is already loaded into RDS.
2024-10-02 17:41:15,274 - INFO - Skipping file week_39_Anexo_Bol_Semanal_oct4_2014.xls as it is already loaded into RDS.
2024-10-02 17:41:15,276 - INFO - Skipping file week_3_Anexo_Bol_Semanal_ene11_2014.xls as it is already loaded into RDS.
2024-10-02 17:41:15,278 - INFO - Skipping file week_40_Anexo_Bol_Semanal_oct11_2014.xls as it is already loaded into RDS.
2024-10-02 17:41:15,281 - INFO - Skipping file week_41_Anexo_Bol_Semanal_oct24_2014.xls as it is already loaded into RDS.
2024-10-02 17:41:15,285 - INFO - Skipping file week_42_Anexo_Bol_Semanal_oct25_2014.xls as it is already loaded into RDS.
2024-10-02 17:41:15,287 - INFO - Skipping file week_43_Anexo_Bol_Semanal_nov01_2014.xls as it is already loaded into RDS.
2024-10-02 17:41:15,289 - INFO - Skipping file week_44_Anexo_Bol_Semanal_nov08_2014.xls as it is already loaded into RDS.
2024-10-02 17:41:15,290 - INFO - Skipping file week_45_Anex_Bol_Semanal_nov15_2014.xls as it is already loaded into RDS.
2024-10-02 17:41:15,295 - INFO - Skipping file week_46_Anex_Bol_Semanal_nov22_2014.xls as it is already loaded into RDS.
2024-10-02 17:41:15,297 - INFO - Skipping file week_47_Anex_Bol_Semanal_nov29_05dic_2014.xls as it is already loaded into RDS.
2024-10-02 17:41:15,299 - INFO - Skipping file week_48_Anex_Bol_Semanal_dic6_dic12_2014.xls as it is already loaded into RDS.
2024-10-02 17:41:15,301 - INFO - Skipping file week_49_Anex_Bol_Semanal_dic_20_26_2014.xls as it is already loaded into RDS.
2024-10-02 17:41:15,303 - INFO - Skipping file week_4_Anexo_Bol_Semanal_ene18_2014.xls as it is already loaded into RDS.
2024-10-02 17:41:15,305 - INFO - Skipping file week_50_Anex_Bol_Semanal_dic13_19_2014.xls as it is already loaded into RDS.
2024-10-02 17:41:15,307 - INFO - Skipping file week_51_Anex_Bol_Semanal_dic_20_26_2014.xls as it is already loaded into RDS.
2024-10-02 17:41:15,310 - INFO - Skipping file week_5_Anexo_Bol_Semanal_ene25_2014.xls as it is already loaded into RDS.
2024-10-02 17:41:15,312 - INFO - Skipping file week_6_Anexo_Bol_Semanal_feb1_2014.xls as it is already loaded into RDS.
2024-10-02 17:41:15,315 - INFO - Skipping file week_7_Anexo_Bol_Semanal_feb8_2014.xls as it is already loaded into RDS.
2024-10-02 17:41:15,317 - INFO - Skipping file week_8_Anexo_Bol_Semanal_feb15_2014.xls as it is already loaded into RDS.
2024-10-02 17:41:15,319 - INFO - Skipping file week_9_Anexo_Bol_Semanal_feb22_2014.xls as it is already loaded into RDS.
2024-10-02 17:41:15,321 - INFO - Skipping file week_10_Anexo_28feb_6mar_2015.xls as it is already loaded into RDS.
2024-10-02 17:41:15,323 - INFO - Skipping file week_11_Anexo_7mar_13mar_2015.xls as it is already loaded into RDS.
2024-10-02 17:41:15,327 - INFO - Skipping file week_12_Anexo_14mar_20mar_2015.xls as it is already loaded into RDS.
2024-10-02 17:41:15,329 - INFO - Skipping file week_13_Anexo_21mar_27mar_2015.xls as it is already loaded into RDS.
2024-10-02 17:41:15,331 - INFO - Skipping file week_14_Anexo_28mar_1abr_2015.xls as it is already loaded into RDS.
2024-10-02 17:41:15,333 - INFO - Skipping file week_15_Anexo_4_10abr_2015.xls as it is already loaded into RDS.
2024-10-02 17:41:15,335 - INFO - Skipping file week_16_Anexo_13_17abr_2015.xls as it is already loaded into RDS.
2024-10-02 17:41:15,337 - INFO - Skipping file week_17_Anexo_18_24abr_2015.xls as it is already loaded into RDS.
2024-10-02 17:41:15,339 - INFO - Skipping file week_18_Anexo_25_30abr_2015.xls as it is already loaded into RDS.
2024-10-02 17:41:15,342 - INFO - Skipping file week_19_Sem_1may_8may_2015.xls as it is already loaded into RDS.
2024-10-02 17:41:15,344 - INFO - Skipping file week_1_Sem_27dic_02ne_2015.xls as it is already loaded into RDS.
2024-10-02 17:41:15,346 - INFO - Skipping file week_20_Sem_9may_15may_2015.xls as it is already loaded into RDS.
2024-10-02 17:41:15,348 - INFO - Skipping file week_21_Sem_16may_22may_2015.xls as it is already loaded into RDS.
2024-10-02 17:41:15,350 - INFO - Skipping file week_22_Sem_23may_29may_2015.xls as it is already loaded into RDS.
2024-10-02 17:41:15,352 - INFO - Skipping file week_23_Sem_30may_5jun_2015.xls as it is already loaded into RDS.
2024-10-02 17:41:15,354 - INFO - Skipping file week_24_Sem_6jun_12jun_2015.xls as it is already loaded into RDS.
2024-10-02 17:41:15,356 - INFO - Skipping file week_25_Sem_13jun_19jun_2015.xls as it is already loaded into RDS.
2024-10-02 17:41:15,359 - INFO - Skipping file week_26_Sem_20jun_26jun_2015.xls as it is already loaded into RDS.
2024-10-02 17:41:15,361 - INFO - Skipping file week_27_Sem_27jun_3jul_2015.xls as it is already loaded into RDS.
2024-10-02 17:41:15,363 - INFO - Skipping file week_28_Sem_4jul_10jul_2015.xls as it is already loaded into RDS.
2024-10-02 17:41:15,364 - INFO - Skipping file week_29_Sem_11jul_17jul_2015.xls as it is already loaded into RDS.
2024-10-02 17:41:15,367 - INFO - Skipping file week_2_Anexo_03ene_09ene_2015.xls as it is already loaded into RDS.
2024-10-02 17:41:15,369 - INFO - Skipping file week_30_Sem_18jul_24jul_2015.xls as it is already loaded into RDS.
2024-10-02 17:41:15,372 - INFO - Skipping file week_31_Sem_25jul_31jul_2015.xls as it is already loaded into RDS.
2024-10-02 17:41:15,373 - INFO - Skipping file week_32_Sem_01ago_06ago_2015.xls as it is already loaded into RDS.
2024-10-02 17:41:15,377 - INFO - Skipping file week_33_Sem_08ago_14ago_2015.xls as it is already loaded into RDS.
2024-10-02 17:41:15,378 - INFO - Skipping file week_34_Sem_15ago_21ago_2015.xls as it is already loaded into RDS.
2024-10-02 17:41:15,380 - INFO - Skipping file week_35_Sem_22ago_28ago_2015.xls as it is already loaded into RDS.
2024-10-02 17:41:15,383 - INFO - Skipping file week_36_Sem_29ago_4sep_2015.xls as it is already loaded into RDS.
2024-10-02 17:41:15,384 - INFO - Skipping file week_37_Sem_5sep_11sep_2015.xls as it is already loaded into RDS.
2024-10-02 17:41:15,386 - INFO - Skipping file week_38_Sem_12sep_18sep_2015.xls as it is already loaded into RDS.
2024-10-02 17:41:15,388 - INFO - Skipping file week_39_Sem_19sep_25sep_2015.xls as it is already loaded into RDS.
2024-10-02 17:41:15,390 - INFO - Skipping file week_3_Anexo_10ene_16ene_2015.xls as it is already loaded into RDS.
2024-10-02 17:41:15,393 - INFO - Skipping file week_40_Sem_26sep_02oct_2015.xls as it is already loaded into RDS.
2024-10-02 17:41:15,396 - INFO - Skipping file week_41_Sem_03oct_09oct_2015.xls as it is already loaded into RDS.
2024-10-02 17:41:15,398 - INFO - Skipping file week_42_Sem_10oct_16oct_2015.xls as it is already loaded into RDS.
2024-10-02 17:41:15,399 - INFO - Skipping file week_43_Sem_17oct_23oct_2015.xls as it is already loaded into RDS.
2024-10-02 17:41:15,401 - INFO - Skipping file week_44_Sem_24oct_30oct_2015.xls as it is already loaded into RDS.
2024-10-02 17:41:15,403 - INFO - Skipping file week_45_Sem_31oct_06nov_2015.xls as it is already loaded into RDS.
2024-10-02 17:41:15,405 - INFO - Skipping file week_46_Sem_7nov_13nov_2015.xls as it is already loaded into RDS.
2024-10-02 17:41:15,406 - INFO - Skipping file week_47_Sem_14nov_20nov_2015.xls as it is already loaded into RDS.
2024-10-02 17:41:15,411 - INFO - Skipping file week_48_Sem_21nov_27nov_2015.xls as it is already loaded into RDS.
2024-10-02 17:41:15,413 - INFO - Skipping file week_49_Sem_28nov_4dic_2015.xls as it is already loaded into RDS.
2024-10-02 17:41:15,416 - INFO - Skipping file week_4_Anexo_17ene_23ene_2015.xls as it is already loaded into RDS.
2024-10-02 17:41:15,418 - INFO - Skipping file week_50_Sem_5dic_11dic_2015.xls as it is already loaded into RDS.
2024-10-02 17:41:15,419 - INFO - Skipping file week_51_Sem_12dic_18dic_2015.xls as it is already loaded into RDS.
2024-10-02 17:41:15,421 - INFO - Skipping file week_52_Sem_19dic_24dic_2015.xls as it is already loaded into RDS.
2024-10-02 17:41:15,426 - INFO - Skipping file week_53_Sem_26dic_31dic_2015.xls as it is already loaded into RDS.
2024-10-02 17:41:15,428 - INFO - Skipping file week_5_Anexo_24ene_30ene_2015.xls as it is already loaded into RDS.
2024-10-02 17:41:15,430 - INFO - Skipping file week_6_Anexo_31ene_06feb_2015.xls as it is already loaded into RDS.
2024-10-02 17:41:15,431 - INFO - Skipping file week_7_Anexo_7feb_13feb_2015.xls as it is already loaded into RDS.
2024-10-02 17:41:15,433 - INFO - Skipping file week_8_Anexo_14feb_20feb_2015.xls as it is already loaded into RDS.
2024-10-02 17:41:15,435 - INFO - Skipping file week_9_Anexo_21feb_27feb_2015.xls as it is already loaded into RDS.
2024-10-02 17:41:15,437 - INFO - Skipping file week_10_Sem_5mar_11mar_2016.xls as it is already loaded into RDS.
2024-10-02 17:41:15,438 - INFO - Skipping file week_11_Sem_12mar_18mar_2016.xls as it is already loaded into RDS.
2024-10-02 17:41:15,442 - INFO - Skipping file week_12_Sem_19mar_23mar_2016.xls as it is already loaded into RDS.
2024-10-02 17:41:15,444 - INFO - Skipping file week_13_Sem_26mar_1abr_2016.xls as it is already loaded into RDS.
2024-10-02 17:41:15,446 - INFO - Skipping file week_14_Sem_2abr_8abr_2016.xls as it is already loaded into RDS.
2024-10-02 17:41:15,448 - INFO - Skipping file week_15_Sem_9abr_15abr_2016.xls as it is already loaded into RDS.
2024-10-02 17:41:15,450 - INFO - Skipping file week_16_Sem_16abr_22abr_2016.xls as it is already loaded into RDS.
2024-10-02 17:41:15,453 - INFO - Skipping file week_17_Sem_23abr_29abr_2016.xls as it is already loaded into RDS.
2024-10-02 17:41:15,455 - INFO - Skipping file week_18_Sem_30abr_06may_2016.xls as it is already loaded into RDS.
2024-10-02 17:41:15,457 - INFO - Skipping file week_19_Sem_7may_13may_2016.xls as it is already loaded into RDS.
2024-10-02 17:41:15,459 - INFO - Skipping file week_1_Sem_2ene_8ene_2016.xls as it is already loaded into RDS.
2024-10-02 17:41:15,461 - INFO - Skipping file week_20_Sem_14may_20may_2016.xls as it is already loaded into RDS.
2024-10-02 17:41:15,463 - INFO - Skipping file week_21_Sem_21may_27may_2016.xls as it is already loaded into RDS.
2024-10-02 17:41:15,464 - INFO - Skipping file week_22_Sem_28may_3jun_2016.xls as it is already loaded into RDS.
2024-10-02 17:41:15,466 - INFO - Skipping file week_23_Sem_4jun_10jun_2016.xls as it is already loaded into RDS.
2024-10-02 17:41:15,469 - INFO - Skipping file week_24_Sem_11jun_17jun_2016.xls as it is already loaded into RDS.
2024-10-02 17:41:15,470 - INFO - Skipping file week_25_Sem_18jun_24jun_2016.xls as it is already loaded into RDS.
2024-10-02 17:41:15,473 - INFO - Skipping file week_26_Sem_24jun_1jul_2016.xls as it is already loaded into RDS.
2024-10-02 17:41:15,475 - INFO - Skipping file week_27_Sem_2jul_8jul_2016.xls as it is already loaded into RDS.
2024-10-02 17:41:15,477 - INFO - Skipping file week_28_Sem_9jul_15jul_2016.xls as it is already loaded into RDS.
2024-10-02 17:41:15,479 - INFO - Skipping file week_29_Sem_16jul_22jul_2016.xls as it is already loaded into RDS.
2024-10-02 17:41:15,480 - INFO - Skipping file week_2_Sem_9ene_15ene_2016.xls as it is already loaded into RDS.
2024-10-02 17:41:15,482 - INFO - Skipping file week_30_Sem_23jul_29jul_2016.xls as it is already loaded into RDS.
2024-10-02 17:41:15,484 - INFO - Skipping file week_31_Sem_30jul_5ago_2016.xls as it is already loaded into RDS.
2024-10-02 17:41:15,485 - INFO - Skipping file week_32_Sem_6ago_12ago_2016.xls as it is already loaded into RDS.
2024-10-02 17:41:15,490 - INFO - Skipping file week_33_Sem_13ago_19ago_2016.xls as it is already loaded into RDS.
2024-10-02 17:41:15,495 - INFO - Skipping file week_34_Sem_20ago_26ago_2016.xls as it is already loaded into RDS.
2024-10-02 17:41:15,497 - INFO - Skipping file week_35_Sem_27ago_2sep_2016.xls as it is already loaded into RDS.
2024-10-02 17:41:15,498 - INFO - Skipping file week_36_Sem_3sep_9sep_2016.xls as it is already loaded into RDS.
2024-10-02 17:41:15,500 - INFO - Skipping file week_37_Sem_10sep_16sep_2016.xls as it is already loaded into RDS.
2024-10-02 17:41:15,502 - INFO - Skipping file week_38_Sem_17sep_23sept_2016.xls as it is already loaded into RDS.
2024-10-02 17:41:15,505 - INFO - Skipping file week_39_Sem_24sep_30sep_2016.xls as it is already loaded into RDS.
2024-10-02 17:41:15,510 - INFO - Skipping file week_3_Sem_16ene_22ene_2016.xls as it is already loaded into RDS.
2024-10-02 17:41:15,513 - INFO - Skipping file week_40_Sem_1oct_7oct_2016.xls as it is already loaded into RDS.
2024-10-02 17:41:15,516 - INFO - Skipping file week_41_Sem_8oct_14oct_2016.xls as it is already loaded into RDS.
2024-10-02 17:41:15,519 - INFO - Skipping file week_42_Sem_15oct_21oct_2016.xls as it is already loaded into RDS.
2024-10-02 17:41:15,523 - INFO - Skipping file week_43_Sem_22oct_28oct_2016.xls as it is already loaded into RDS.
2024-10-02 17:41:15,531 - INFO - Skipping file week_44_Sem_29oct_04nov_2016.xls as it is already loaded into RDS.
2024-10-02 17:41:15,542 - INFO - Skipping file week_45_Sem_5nov_11nov_2016.xls as it is already loaded into RDS.
2024-10-02 17:41:15,548 - INFO - Skipping file week_46_Sem_12nov_18nov_2016.xls as it is already loaded into RDS.
2024-10-02 17:41:15,553 - INFO - Skipping file week_47_Sem_19nov_25nov_2016.xls as it is already loaded into RDS.
2024-10-02 17:41:15,558 - INFO - Skipping file week_48_Sem_26nov_2dic_2016.xls as it is already loaded into RDS.
2024-10-02 17:41:15,564 - INFO - Skipping file week_49_Sem_3dic_9dic_2016.xls as it is already loaded into RDS.
2024-10-02 17:41:15,569 - INFO - Skipping file week_4_Sem_23ene_29ene_2016.xls as it is already loaded into RDS.
2024-10-02 17:41:15,576 - INFO - Skipping file week_50_Sem_10dic_16dic_2016.xls as it is already loaded into RDS.
2024-10-02 17:41:15,582 - INFO - Skipping file week_51_Sem_17dic_23dic_2016.xls as it is already loaded into RDS.
2024-10-02 17:41:15,586 - INFO - Skipping file week_52_Sem_24dic_30dic_2016.xls as it is already loaded into RDS.
2024-10-02 17:41:15,591 - INFO - Skipping file week_5_Sem_30ene_5feb_2016.xls as it is already loaded into RDS.
2024-10-02 17:41:15,596 - INFO - Skipping file week_6_Sem_6feb_12feb_2016.xls as it is already loaded into RDS.
2024-10-02 17:41:15,602 - INFO - Skipping file week_7_Sem_13feb_19feb_2016.xls as it is already loaded into RDS.
2024-10-02 17:41:15,609 - INFO - Skipping file week_8_Sem_20feb_26feb_2016.xls as it is already loaded into RDS.
2024-10-02 17:41:15,618 - INFO - Skipping file week_9_Sem_27feb_4mar_2016.xls as it is already loaded into RDS.
2024-10-02 17:41:15,623 - INFO - Skipping file week_10_Sem_4mar_10mar_2017.xls as it is already loaded into RDS.
2024-10-02 17:41:15,630 - INFO - Skipping file week_11_Sem_11mar_17mar_2017.xls as it is already loaded into RDS.
2024-10-02 17:41:15,642 - INFO - Skipping file week_12_Sem_18mar_24mar_2016.xls as it is already loaded into RDS.
2024-10-02 17:41:15,651 - INFO - Skipping file week_13_Sem_25mar_31mar_2017.xls as it is already loaded into RDS.
2024-10-02 17:41:15,656 - INFO - Skipping file week_14_Sem_1abr_7abr_2017.xls as it is already loaded into RDS.
2024-10-02 17:41:15,663 - INFO - Skipping file week_15_Sem_8abr_12abr_2017.xls as it is already loaded into RDS.
2024-10-02 17:41:15,669 - INFO - Skipping file week_16_Sem_13abr_21abr_2017.xls as it is already loaded into RDS.
2024-10-02 17:41:15,676 - INFO - Skipping file week_17_Sem_22abr_28abr_2017.xls as it is already loaded into RDS.
2024-10-02 17:41:15,688 - INFO - Skipping file week_18_Sem_29abr_5may_2017.xls as it is already loaded into RDS.
2024-10-02 17:41:15,698 - INFO - Skipping file week_19_Sem_6may_12may_2017.xls as it is already loaded into RDS.
2024-10-02 17:41:15,707 - INFO - Skipping file week_1_Sem_31dic_2016_6ene_2017.xls as it is already loaded into RDS.
2024-10-02 17:41:15,714 - INFO - Skipping file week_20_Sem_13may_19may_2017.xls as it is already loaded into RDS.
2024-10-02 17:41:15,721 - INFO - Skipping file week_21_Sem_20may_26may_2017.xls as it is already loaded into RDS.
2024-10-02 17:41:15,729 - INFO - Skipping file week_22_Sem_27may_2jun_2017.xls as it is already loaded into RDS.
2024-10-02 17:41:15,734 - INFO - Skipping file week_23_Sem_3jun_9jun_2017.xls as it is already loaded into RDS.
2024-10-02 17:41:15,743 - INFO - Skipping file week_24_Sem_10jun_16jun_2017.xls as it is already loaded into RDS.
2024-10-02 17:41:15,750 - INFO - Skipping file week_25_Sem_17jun_23jun_2017.xls as it is already loaded into RDS.
2024-10-02 17:41:15,756 - INFO - Skipping file week_26_Sem_24jun_30jun_2017.xls as it is already loaded into RDS.
2024-10-02 17:41:15,761 - INFO - Skipping file week_27_Sem_1jul_7jul_2017.xls as it is already loaded into RDS.
2024-10-02 17:41:15,766 - INFO - Skipping file week_28_Sem_8jul_14jul_2017.xls as it is already loaded into RDS.
2024-10-02 17:41:15,771 - INFO - Skipping file week_29_Sem_15jul_21jul_2017.xls as it is already loaded into RDS.
2024-10-02 17:41:15,777 - INFO - Skipping file week_2_Sem_7ene_2017_13ene_2017.xls as it is already loaded into RDS.
2024-10-02 17:41:15,782 - INFO - Skipping file week_30_Sem_22jul_28jul_2017.xls as it is already loaded into RDS.
2024-10-02 17:41:15,789 - INFO - Skipping file week_31_Sem_29jul_4ago_2017.xls as it is already loaded into RDS.
2024-10-02 17:41:15,795 - INFO - Skipping file week_32_Sem_5ago_11ago_2017.xls as it is already loaded into RDS.
2024-10-02 17:41:15,802 - INFO - Skipping file week_33_Sem_12ago_18ago_2017.xls as it is already loaded into RDS.
2024-10-02 17:41:15,808 - INFO - Skipping file week_34_Sem_19ago_25ago_2017.xls as it is already loaded into RDS.
2024-10-02 17:41:15,816 - INFO - Skipping file week_35_Sem_26ago_1sep_2017.xls as it is already loaded into RDS.
2024-10-02 17:41:15,827 - INFO - Skipping file week_36_Sem_2sep_8sep_2017.xls as it is already loaded into RDS.
2024-10-02 17:41:15,833 - INFO - Skipping file week_37_Sem_9sep_15sep_2017.xls as it is already loaded into RDS.
2024-10-02 17:41:15,838 - INFO - Skipping file week_38_Sem_16sep_22sep_2017.xlsx as it is already loaded into RDS.
2024-10-02 17:41:15,844 - INFO - Skipping file week_39_Sem_23sep_29sep_2017.xls as it is already loaded into RDS.
2024-10-02 17:41:15,850 - INFO - Skipping file week_3_Sem_14ene_2017_20ene_2017.xls as it is already loaded into RDS.
2024-10-02 17:41:15,855 - INFO - Skipping file week_40_Sem_30sep_6oct_2017.xls as it is already loaded into RDS.
2024-10-02 17:41:15,864 - INFO - Skipping file week_41_Sem_7oct_13oct_2017.xls as it is already loaded into RDS.
2024-10-02 17:41:15,870 - INFO - Skipping file week_42_Sem_14oct_2017_20oct_2017.xlsx as it is already loaded into RDS.
2024-10-02 17:41:15,877 - INFO - Skipping file week_43_Sem_21oct_27oct_2017.xls as it is already loaded into RDS.
2024-10-02 17:41:15,882 - INFO - Skipping file week_44_Sem_28oct_3nov_2017.xls as it is already loaded into RDS.
2024-10-02 17:41:15,888 - INFO - Skipping file week_45_Sem_4nov_2017_10nov_2017.xlsx as it is already loaded into RDS.
2024-10-02 17:41:15,894 - INFO - Skipping file week_46_Sem_11nov_17nov_2017.xls as it is already loaded into RDS.
2024-10-02 17:41:15,901 - INFO - Skipping file week_47_Sem_18nov_24nov_2017.xls as it is already loaded into RDS.
2024-10-02 17:41:15,906 - INFO - Skipping file week_48_Sem_25nov_1dic_2017.xls as it is already loaded into RDS.
2024-10-02 17:41:15,913 - INFO - Skipping file week_49_Sem_2dic_7dic_2017.xls as it is already loaded into RDS.
2024-10-02 17:41:15,918 - INFO - Skipping file week_4_Sem_21ene_27ene_2017.xls as it is already loaded into RDS.
2024-10-02 17:41:15,925 - INFO - Skipping file week_50_Sem_9dic_15dic_2017.xls as it is already loaded into RDS.
2024-10-02 17:41:15,941 - INFO - Skipping file week_51_Sem_16dic_22dic_2017.xls as it is already loaded into RDS.
2024-10-02 17:41:15,956 - INFO - Skipping file week_52_Sem_23dic_29dic_2017.xls as it is already loaded into RDS.
2024-10-02 17:41:15,964 - INFO - Skipping file week_5_Sem_28ene_3feb_2017.xls as it is already loaded into RDS.
2024-10-02 17:41:15,969 - INFO - Skipping file week_6_Sem_4feb_10feb_2017.xls as it is already loaded into RDS.
2024-10-02 17:41:15,973 - INFO - Skipping file week_7_Sem_11feb_17feb_2017.xls as it is already loaded into RDS.
2024-10-02 17:41:15,980 - INFO - Skipping file week_8_Sem_18feb_24feb_2017.xls as it is already loaded into RDS.
2024-10-02 17:41:15,986 - INFO - Skipping file week_9_Sem_25feb_3mar_2017.xls as it is already loaded into RDS.
2024-10-02 17:41:15,992 - INFO - Skipping file week_10_Sem_03mar__09mar_2018.xlsx as it is already loaded into RDS.
2024-10-02 17:41:15,999 - INFO - Skipping file week_11_Sem_10mar__16mar_2018.xlsx as it is already loaded into RDS.
2024-10-02 17:41:16,005 - INFO - Skipping file week_12_Sem_17mar__23mar_2018.xlsx as it is already loaded into RDS.
2024-10-02 17:41:16,011 - INFO - Skipping file week_13_Sem_24mar__28mar_2018.xlsx as it is already loaded into RDS.
2024-10-02 17:41:16,017 - INFO - Skipping file week_14_Sem_31mar__06abr_2018.xlsx as it is already loaded into RDS.
2024-10-02 17:41:16,022 - INFO - Skipping file week_15_Sem_07abr__13abr_2018.xlsx as it is already loaded into RDS.
2024-10-02 17:41:16,028 - INFO - Skipping file week_16_Sem_14abr__20abr_2018.xlsx as it is already loaded into RDS.
2024-10-02 17:41:16,034 - INFO - Skipping file week_17_Sem_21abr__27abr_2018.xlsx as it is already loaded into RDS.
2024-10-02 17:41:16,040 - INFO - Skipping file week_18_Sem_28abr__04may_2018.xlsx as it is already loaded into RDS.
2024-10-02 17:41:16,045 - INFO - Skipping file week_19_Sem_05may__11may_2018.xlsx as it is already loaded into RDS.
2024-10-02 17:41:16,050 - INFO - Skipping file week_1_Sem_30dic_5ene_2018.xls as it is already loaded into RDS.
2024-10-02 17:41:16,054 - INFO - Skipping file week_2_Sem_6ene_12ene_2018.xls as it is already loaded into RDS.
2024-10-02 17:41:16,060 - INFO - Skipping file week_3_Sem_13ene_19ene_2018.xls as it is already loaded into RDS.
2024-10-02 17:41:16,065 - INFO - Skipping file week_4_Sem_20ene_26ene_2018.xls as it is already loaded into RDS.
2024-10-02 17:41:16,069 - INFO - Skipping file week_5_Sem_27ene_2feb_2018.xls as it is already loaded into RDS.
2024-10-02 17:41:16,072 - INFO - Skipping file week_6_Sem_3feb_9feb_2018.xls as it is already loaded into RDS.
2024-10-02 17:41:16,075 - INFO - Skipping file week_7_Sem_10feb_16feb_2018.xls as it is already loaded into RDS.
2024-10-02 17:41:16,080 - INFO - Skipping file week_8_Sem_17feb_23feb_2018.xls as it is already loaded into RDS.
2024-10-02 17:41:16,085 - INFO - Skipping file week_9_Sem_24feb__02mar_2018.xlsx as it is already loaded into RDS.
2024-10-02 17:41:16,086 - INFO - Started working on second batch of files
2024-10-02 17:41:16,091 - INFO - Skipping file week_20_Sem_12may__18may_2018.xlsx as it is already loaded into RDS.
2024-10-02 17:41:16,095 - INFO - Skipping file week_21_Sem_19may__25may_2018.xlsx as it is already loaded into RDS.
2024-10-02 17:41:16,097 - INFO - Skipping file week_22_Sem_26may__01jun_2018.xlsx as it is already loaded into RDS.
2024-10-02 17:41:16,102 - INFO - Skipping file week_23_Sem_02jun__08jun_2018.xlsx as it is already loaded into RDS.
2024-10-02 17:41:16,112 - INFO - Skipping file week_24_Sem_09jun__15jun_2018.xlsx as it is already loaded into RDS.
2024-10-02 17:41:16,118 - INFO - Skipping file week_25_Sem_16jun__22jun_2018.xlsx as it is already loaded into RDS.
2024-10-02 17:41:16,122 - INFO - Skipping file week_26_Sem_23jun__29jun_2018.xlsx as it is already loaded into RDS.
2024-10-02 17:41:16,133 - INFO - Skipping file week_27_Sem_30jun__06jul_2018.xlsx as it is already loaded into RDS.
2024-10-02 17:41:16,138 - INFO - Skipping file week_28_Sem_07jul__13jul_2018.xlsx as it is already loaded into RDS.
2024-10-02 17:41:16,143 - INFO - Skipping file week_29_Sem_14jul__19jul_2018.xlsx as it is already loaded into RDS.
2024-10-02 17:41:16,147 - INFO - Skipping file week_30_Sem_20jul__27jul_2018.xlsx as it is already loaded into RDS.
2024-10-02 17:41:16,149 - INFO - Skipping file week_31_Sem_28jul__03ago_2018.xlsx as it is already loaded into RDS.
2024-10-02 17:41:16,151 - INFO - Skipping file week_32_Sem_04ago__10ago_2018.xlsx as it is already loaded into RDS.
2024-10-02 17:41:16,153 - INFO - Skipping file week_33_Sem_11ago__17ago_2018.xlsx as it is already loaded into RDS.
2024-10-02 17:41:16,155 - INFO - Skipping file week_34_Sem_18ago__24ago_2018.xlsx as it is already loaded into RDS.
2024-10-02 17:41:16,156 - INFO - Skipping file week_35_Sem_25ago__31ago_2018.xlsx as it is already loaded into RDS.
2024-10-02 17:41:16,161 - INFO - Skipping file week_36_Sem_01sep__07sep_2018.xlsx as it is already loaded into RDS.
2024-10-02 17:41:16,164 - INFO - Skipping file week_37_Sem_08sep__14sep_2018.xlsx as it is already loaded into RDS.
2024-10-02 17:41:16,166 - INFO - Skipping file week_38_Sem_15sep__21sep_2018.xlsx as it is already loaded into RDS.
2024-10-02 17:41:16,168 - INFO - Skipping file week_39_Sem_22sep__28sep_2018.xlsx as it is already loaded into RDS.
2024-10-02 17:41:16,170 - INFO - Skipping file week_40_Sem_29sep__05oct_2018.xlsx as it is already loaded into RDS.
2024-10-02 17:41:16,172 - INFO - Skipping file week_41_Sem_06oct__12oct_2018.xlsx as it is already loaded into RDS.
2024-10-02 17:41:16,174 - INFO - Skipping file week_42_Sem_13oct__19oct_2018.xlsx as it is already loaded into RDS.
2024-10-02 17:41:16,177 - INFO - Skipping file week_43_Sem_20oct__26oct_2018.xlsx as it is already loaded into RDS.
2024-10-02 17:41:16,180 - INFO - Skipping file week_44_Sem_27oct__02nov_2018.xlsx as it is already loaded into RDS.
2024-10-02 17:41:16,182 - INFO - Skipping file week_45_Sem_03nov__09nov_2018.xlsx as it is already loaded into RDS.
2024-10-02 17:41:16,185 - INFO - Skipping file week_46_Sem_10nov__16nov_2018.xlsx as it is already loaded into RDS.
2024-10-02 17:41:16,187 - INFO - Skipping file week_47_Sem_17nov__23nov_2018.xlsx as it is already loaded into RDS.
2024-10-02 17:41:16,189 - INFO - Skipping file week_48_Sem_24nov__30nov_2018.xlsx as it is already loaded into RDS.
2024-10-02 17:41:16,194 - INFO - Skipping file week_49_Sem_01dic__07dic_2018.xlsx as it is already loaded into RDS.
2024-10-02 17:41:16,196 - INFO - Skipping file week_50_Sem_08dic__14dic_2018.xlsx as it is already loaded into RDS.
2024-10-02 17:41:16,198 - INFO - Skipping file week_51_Sem_15dic__21dic_2018.xlsx as it is already loaded into RDS.
2024-10-02 17:41:16,200 - INFO - Skipping file week_52_Sem_22dic__28dic_2018.xlsx as it is already loaded into RDS.
2024-10-02 17:41:16,202 - INFO - Skipping file week_10_Sem_02mar_2019__08mar_2019.xlsx as it is already loaded into RDS.
2024-10-02 17:41:16,204 - INFO - Skipping file week_11_Sem_09mar_2019__15mar_2019.xlsx as it is already loaded into RDS.
2024-10-02 17:41:16,206 - INFO - Skipping file week_12_Sem_16mar_2019__22mar_2019.xlsx as it is already loaded into RDS.
2024-10-02 17:41:16,208 - INFO - Skipping file week_13_Sem_23mar_2019__29mar_2019.xlsx as it is already loaded into RDS.
2024-10-02 17:41:16,211 - INFO - Skipping file week_14_Sem_30mar_2019__05abr_2019.xlsx as it is already loaded into RDS.
2024-10-02 17:41:16,215 - INFO - Skipping file week_15_Sem_06abr_2019__12abr_2019.xlsx as it is already loaded into RDS.
2024-10-02 17:41:16,221 - INFO - Skipping file week_16_Sem_13abr_2019__17abr_2019.xlsx as it is already loaded into RDS.
2024-10-02 17:41:16,223 - INFO - Skipping file week_17_Sem_20abr_2019__26abr_2019.xlsx as it is already loaded into RDS.
2024-10-02 17:41:16,227 - INFO - Skipping file week_18_Sem_27abr_2019__03may_2019.xlsx as it is already loaded into RDS.
2024-10-02 17:41:16,229 - INFO - Skipping file week_19_Sem_04may_2019__10may_2019.xlsx as it is already loaded into RDS.
2024-10-02 17:41:16,231 - INFO - Skipping file week_1_Sem_29dic_2018_4ene_2019.xlsx as it is already loaded into RDS.
2024-10-02 17:41:16,233 - INFO - Skipping file week_20_Sem_11may_2019__17may_2019.xlsx as it is already loaded into RDS.
2024-10-02 17:41:16,235 - INFO - Skipping file week_21_Sem_18may_2019_24may_2019.xlsx as it is already loaded into RDS.
2024-10-02 17:41:16,237 - INFO - Skipping file week_22_Sem_25may_2019__31may_2019.xlsx as it is already loaded into RDS.
2024-10-02 17:41:16,239 - INFO - Skipping file week_23_Sem_01jun_2019__07jun_2019.xlsx as it is already loaded into RDS.
2024-10-02 17:41:16,243 - INFO - Skipping file week_24_Sem_08jun_2019__14jun_2019.xlsx as it is already loaded into RDS.
2024-10-02 17:41:16,245 - INFO - Skipping file week_25_Sem_15jun_2019__21jun_2019.xlsx as it is already loaded into RDS.
2024-10-02 17:41:16,247 - INFO - Skipping file week_26_Sem_22jun_2019__28jun_2019.xlsx as it is already loaded into RDS.
2024-10-02 17:41:16,249 - INFO - Skipping file week_27_Sem_29jun_2019__05jul_2019.xlsx as it is already loaded into RDS.
2024-10-02 17:41:16,251 - INFO - Skipping file week_28_Sem_06jul_2019__12jul_2019.xlsx as it is already loaded into RDS.
2024-10-02 17:41:16,253 - INFO - Skipping file week_29_Sem_13jul_2019__19jul_2019.xlsx as it is already loaded into RDS.
2024-10-02 17:41:16,255 - INFO - Skipping file week_2_Sem_5ene_2019_11ene_2019.xlsx as it is already loaded into RDS.
2024-10-02 17:41:16,257 - INFO - Skipping file week_30_Sem_20jul_2019__26jul_2019.xlsx as it is already loaded into RDS.
2024-10-02 17:41:16,260 - INFO - Skipping file week_31_Sem_27jul_2019__02ago_2019.xlsx as it is already loaded into RDS.
2024-10-02 17:41:16,262 - INFO - Skipping file week_32_Sem_03ago_2019__09ago_2019.xlsx as it is already loaded into RDS.
2024-10-02 17:41:16,264 - INFO - Skipping file week_33_Sem_10ago_2019__16ago_2019.xlsx as it is already loaded into RDS.
2024-10-02 17:41:16,267 - INFO - Skipping file week_34_Sem_17ago_2019__23ago_2019.xlsx as it is already loaded into RDS.
2024-10-02 17:41:16,269 - INFO - Skipping file week_35_Sem_24ago_2019__30ago_2019.xlsx as it is already loaded into RDS.
2024-10-02 17:41:16,272 - INFO - Skipping file week_36_Sem_31ago_2019__06sep_2019.xlsx as it is already loaded into RDS.
2024-10-02 17:41:16,275 - INFO - Skipping file week_37_Sem_07sep_2019__13sep_2019.xlsx as it is already loaded into RDS.
2024-10-02 17:41:16,277 - INFO - Skipping file week_38_Sem_14sep_2019__20sep_2019.xlsx as it is already loaded into RDS.
2024-10-02 17:41:16,279 - INFO - Skipping file week_39_Sem_21sep_2019__27sep_2019.xlsx as it is already loaded into RDS.
2024-10-02 17:41:16,281 - INFO - Skipping file week_3_Sem_12ene_2019_18ene_2019.xlsx as it is already loaded into RDS.
2024-10-02 17:41:16,283 - INFO - Skipping file week_40_Sem_28sep_2019__04oct_2019.xlsx as it is already loaded into RDS.
2024-10-02 17:41:16,285 - INFO - Skipping file week_41_Sem_05oct_2019__11oct_2019.xlsx as it is already loaded into RDS.
2024-10-02 17:41:16,287 - INFO - Skipping file week_42_Sem_12oct_2019__18oct_2019.xlsx as it is already loaded into RDS.
2024-10-02 17:41:16,289 - INFO - Skipping file week_43_Sem_19oct_2019__25oct_2019.xlsx as it is already loaded into RDS.
2024-10-02 17:41:16,292 - INFO - Skipping file week_44_Sem_26oct_2019__01nov_2019.xlsx as it is already loaded into RDS.
2024-10-02 17:41:16,294 - INFO - Skipping file week_45_Sem_02nov_2019__08nov_2019.xlsx as it is already loaded into RDS.
2024-10-02 17:41:16,297 - INFO - Skipping file week_46_Sem_09nov_2019__15nov_2019.xlsx as it is already loaded into RDS.
2024-10-02 17:41:16,300 - INFO - Skipping file week_47_Sem_16nov_2019__22nov_2019.xlsx as it is already loaded into RDS.
2024-10-02 17:41:16,302 - INFO - Skipping file week_48_Sem_23nov_2019__29nov_2019.xlsx as it is already loaded into RDS.
2024-10-02 17:41:16,305 - INFO - Skipping file week_49_Sem_30nov_2019__06dic_2019.xlsx as it is already loaded into RDS.
2024-10-02 17:41:16,310 - INFO - Skipping file week_4_Sem_19ene_2019__25ene_2019.xlsx as it is already loaded into RDS.
2024-10-02 17:41:16,312 - INFO - Skipping file week_50_Sem_07dic_2019__13dic_2019.xlsx as it is already loaded into RDS.
2024-10-02 17:41:16,315 - INFO - Skipping file week_51_Sem_14dic_2019__20dic_2019.xlsx as it is already loaded into RDS.
2024-10-02 17:41:16,317 - INFO - Skipping file week_52_Sem_21dic_2019__27dic_2019.xlsx as it is already loaded into RDS.
2024-10-02 17:41:16,319 - INFO - Skipping file week_5_Sem_26ene_2019__01feb_2019.xlsx as it is already loaded into RDS.
2024-10-02 17:41:16,321 - INFO - Skipping file week_6_Sem_02feb_2019__08feb_2019.xlsx as it is already loaded into RDS.
2024-10-02 17:41:16,324 - INFO - Skipping file week_7_Sem_09feb_2019__15feb_2019.xlsx as it is already loaded into RDS.
2024-10-02 17:41:16,328 - INFO - Skipping file week_8_Sem_16feb_2019__22feb_2019.xlsx as it is already loaded into RDS.
2024-10-02 17:41:16,330 - INFO - Skipping file week_9_Sem_23feb_2019__01mar_2019.xlsx as it is already loaded into RDS.
2024-10-02 17:41:16,332 - INFO - Skipping file week_10_Sem_29feb_2020__06mar_2020.xlsx as it is already loaded into RDS.
2024-10-02 17:41:16,333 - INFO - Skipping file week_11_Sem_07mar_2020__13mar_2020.xlsx as it is already loaded into RDS.
2024-10-02 17:41:16,335 - INFO - Skipping file week_12_Sem_14mar_2020__20mar_2020.xlsx as it is already loaded into RDS.
2024-10-02 17:41:16,337 - INFO - Skipping file week_13_Sem_21mar_2020__27mar_2020.xlsx as it is already loaded into RDS.
2024-10-02 17:41:16,340 - INFO - Skipping file week_14_Sem_28mar_2020__03abr_2020.xlsx as it is already loaded into RDS.
2024-10-02 17:41:16,344 - INFO - Skipping file week_15_Sem_04abr_2020__08abr_2020.xlsx as it is already loaded into RDS.
2024-10-02 17:41:16,346 - INFO - Skipping file week_16_Sem_11abr_2020__17abr_2020.xlsx as it is already loaded into RDS.
2024-10-02 17:41:16,348 - INFO - Skipping file week_17_Sem_18abr_2020__24abr_2020.xlsx as it is already loaded into RDS.
2024-10-02 17:41:16,350 - INFO - Skipping file week_18_Sem_25abr_2020__30abr_2020.xlsx as it is already loaded into RDS.
2024-10-02 17:41:16,352 - INFO - Skipping file week_19_Sem_01may_2020__08may_2020.xlsx as it is already loaded into RDS.
2024-10-02 17:41:16,355 - INFO - Skipping file week_1_Sem_28dic_2019__03ene_2020.xlsx as it is already loaded into RDS.
2024-10-02 17:41:16,357 - INFO - Skipping file week_20_Sem_09may_2020__15may_2020.xlsx as it is already loaded into RDS.
2024-10-02 17:41:16,360 - INFO - Skipping file week_21_Sem_16may_2020__22may_2020.xlsx as it is already loaded into RDS.
2024-10-02 17:41:16,362 - INFO - Skipping file week_22_Sem_23may_2020__29may_2020.xlsx as it is already loaded into RDS.
2024-10-02 17:41:16,364 - INFO - Skipping file week_23_Sem_30may_2020__05jun_2020.xlsx as it is already loaded into RDS.
2024-10-02 17:41:16,366 - INFO - Skipping file week_24_Sem_06jun_2020__12jun_2020.xlsx as it is already loaded into RDS.
2024-10-02 17:41:16,368 - INFO - Skipping file week_25_Sem_13jun_2020__19jun_2020.xlsx as it is already loaded into RDS.
2024-10-02 17:41:16,371 - INFO - Skipping file week_26_Sem_20jun_2020__26jun_2020.xlsx as it is already loaded into RDS.
2024-10-02 17:41:16,373 - INFO - Skipping file week_27_Sem_27jun_2020__03jul_2020.xlsx as it is already loaded into RDS.
2024-10-02 17:41:16,375 - INFO - Skipping file week_28_Sem_04jul_2020__10jul_2020.xlsx as it is already loaded into RDS.
2024-10-02 17:41:16,377 - INFO - Skipping file week_29_Sem_11jul_2020__17jul_2020.xlsx as it is already loaded into RDS.
2024-10-02 17:41:16,379 - INFO - Skipping file week_2_Sem_04ene_2020__10ene_2020.xlsx as it is already loaded into RDS.
2024-10-02 17:41:16,381 - INFO - Skipping file week_30_Sem_18jul_2020__24jul_2020.xlsx as it is already loaded into RDS.
2024-10-02 17:41:16,383 - INFO - Skipping file week_31_Sem_25jul_2020__31jul_2020.xlsx as it is already loaded into RDS.
2024-10-02 17:41:16,386 - INFO - Skipping file week_32_Sem_01ago_2020__06ago_2020.xlsx as it is already loaded into RDS.
2024-10-02 17:41:16,388 - INFO - Skipping file week_33_Sem_07ago_2020__14ago_2020.xlsx as it is already loaded into RDS.
2024-10-02 17:41:16,390 - INFO - Skipping file week_34_Sem_15ago_2020__21ago_2020.xlsx as it is already loaded into RDS.
2024-10-02 17:41:16,393 - INFO - Skipping file week_35_Sem_22ago_2020__28ago_2020.xlsx as it is already loaded into RDS.
2024-10-02 17:41:16,395 - INFO - Skipping file week_36_Sem_29ago_2020__04sep_2020.xlsx as it is already loaded into RDS.
2024-10-02 17:41:16,397 - INFO - Skipping file week_37_Sem_05sep_2020__11sep_2020.xlsx as it is already loaded into RDS.
2024-10-02 17:41:16,399 - INFO - Skipping file week_38_Sem_12sep_2020__18sep_2020.xlsx as it is already loaded into RDS.
2024-10-02 17:41:16,404 - INFO - Skipping file week_39_Sem_19sep_2020__25sep_2020.xlsx as it is already loaded into RDS.
2024-10-02 17:41:16,406 - INFO - Skipping file week_3_Sem_11ene_2020__17ene_2020.xlsx as it is already loaded into RDS.
2024-10-02 17:41:16,411 - INFO - Skipping file week_40_Sem_26sep_2020__02oct_2020.xlsx as it is already loaded into RDS.
2024-10-02 17:41:16,413 - INFO - Skipping file week_41_Sem_05oct_2020__090ct_2020.xlsx as it is already loaded into RDS.
2024-10-02 17:41:16,415 - INFO - Skipping file week_42_Sem_12oct_2020__16oct_2020.xlsx as it is already loaded into RDS.
2024-10-02 17:41:16,418 - INFO - Skipping file week_43_Sem_17oct_2020__23oct_2020.xlsx as it is already loaded into RDS.
2024-10-02 17:41:16,420 - INFO - Skipping file week_44_Sem_24oct_2020__30oct_2020.xlsx as it is already loaded into RDS.
2024-10-02 17:41:16,422 - INFO - Skipping file week_45_Sem_31oct_2020__06nov_2020.xlsx as it is already loaded into RDS.
2024-10-02 17:41:16,423 - INFO - Skipping file week_46_Sem_07nov_2020__13nov_2020.xlsx as it is already loaded into RDS.
2024-10-02 17:41:16,426 - INFO - Skipping file week_47_Sem_14nov_2020__20nov_2020.xlsx as it is already loaded into RDS.
2024-10-02 17:41:16,428 - INFO - Skipping file week_48_Sem_21nov_2020__27nov_2020.xlsx as it is already loaded into RDS.
2024-10-02 17:41:16,430 - INFO - Skipping file week_49_Sem_28nov_2020__04dic_2020.xlsx as it is already loaded into RDS.
2024-10-02 17:41:16,433 - INFO - Skipping file week_4_Sem_18ene_2020__24ene_2020.xlsx as it is already loaded into RDS.
2024-10-02 17:41:16,435 - INFO - Skipping file week_50_Sem_05dic_2020__11dic_2020.xlsx as it is already loaded into RDS.
2024-10-02 17:41:16,437 - INFO - Skipping file week_51_Sem_12dic_2020__18dic_2020.xlsx as it is already loaded into RDS.
2024-10-02 17:41:16,439 - INFO - Skipping file week_52_Sem_19dic_2020__24dic_2020.xlsx as it is already loaded into RDS.
2024-10-02 17:41:16,442 - INFO - Skipping file week_53_Sem_26dic_2020__31dic_2020.xlsx as it is already loaded into RDS.
2024-10-02 17:41:16,444 - INFO - Skipping file week_5_Sem_25ene_2020__31ene_2020.xlsx as it is already loaded into RDS.
2024-10-02 17:41:16,446 - INFO - Skipping file week_6_Sem_01feb_2020__07feb_2020.xlsx as it is already loaded into RDS.
2024-10-02 17:41:16,449 - INFO - Skipping file week_7_Sem_08feb_2020__14feb_2020.xlsx as it is already loaded into RDS.
2024-10-02 17:41:16,452 - INFO - Skipping file week_8_Sem_15feb_2020__21feb_2020.xlsx as it is already loaded into RDS.
2024-10-02 17:41:16,454 - INFO - Skipping file week_9_Sem_22feb_2020__28feb_2020.xlsx as it is already loaded into RDS.
2024-10-02 17:41:16,456 - INFO - Skipping file week_10_Sem_06mar_2021_12mar_2021.xls as it is already loaded into RDS.
2024-10-02 17:41:16,459 - INFO - Skipping file week_11_Sem_13mar_2021_19mar_2021.xls as it is already loaded into RDS.
2024-10-02 17:41:16,461 - INFO - Skipping file week_12_Sem_20mar_2021_26mar_2021.xls as it is already loaded into RDS.
2024-10-02 17:41:16,463 - INFO - Skipping file week_13_Sem_27mar_2021_31mar_2021.xls as it is already loaded into RDS.
2024-10-02 17:41:16,465 - INFO - Skipping file week_14_Sem_03abr_2021_09abr_2021.xls as it is already loaded into RDS.
2024-10-02 17:41:16,467 - INFO - Skipping file week_15_Sem_10abr_2021_16abr_2021.xls as it is already loaded into RDS.
2024-10-02 17:41:16,469 - INFO - Skipping file week_16_Sem_17abr_2021_23abr_2021.xls as it is already loaded into RDS.
2024-10-02 17:41:16,471 - INFO - Skipping file week_17_Sem_24abr_2021_30abr_2021.xls as it is already loaded into RDS.
2024-10-02 17:41:16,473 - INFO - Skipping file week_18_Sem_01may_2021_07may_2021.xls as it is already loaded into RDS.
2024-10-02 17:41:16,476 - INFO - Skipping file week_19_Sem_08may_2021_14may_2021.xls as it is already loaded into RDS.
2024-10-02 17:41:16,478 - INFO - Skipping file week_1_Sem_02ene_2021__08ene_2021.xlsx as it is already loaded into RDS.
2024-10-02 17:41:16,480 - INFO - Skipping file week_20_Sem_15may_2021_21may_2021.xls as it is already loaded into RDS.
2024-10-02 17:41:16,482 - INFO - Skipping file week_21_Sem_22may_2021_28may_2021.xls as it is already loaded into RDS.
2024-10-02 17:41:16,484 - INFO - Skipping file week_22_Sem_29may_2021_04jun_2021.xls as it is already loaded into RDS.
2024-10-02 17:41:16,486 - INFO - Skipping file week_23_Sem_05jun_2021_11jun_2021.xls as it is already loaded into RDS.
2024-10-02 17:41:16,488 - INFO - Skipping file week_24_Sem_12jun_2021_18jun_2021.xls as it is already loaded into RDS.
2024-10-02 17:41:16,490 - INFO - Skipping file week_25_Sem_19jun_2021_25jun_2021.xls as it is already loaded into RDS.
2024-10-02 17:41:16,492 - INFO - Skipping file week_26_Sem_26jun_2021_02jul_2021.xls as it is already loaded into RDS.
2024-10-02 17:41:16,494 - INFO - Skipping file week_27_Sem_03jul_2021_09jul_2021.xls as it is already loaded into RDS.
2024-10-02 17:41:16,497 - INFO - Skipping file week_28_Sem_10jul_2021_16jul_2021.xls as it is already loaded into RDS.
2024-10-02 17:41:16,499 - INFO - Skipping file week_29_Sem_17jul_2021_23jul_2021.xls as it is already loaded into RDS.
2024-10-02 17:41:16,501 - INFO - Skipping file week_2_Sem_09ene_2021__15ene_2021.xlsx as it is already loaded into RDS.
2024-10-02 17:41:16,503 - INFO - Skipping file week_30_Sem_24jul_2021_30jul_2021.xls as it is already loaded into RDS.
2024-10-02 17:41:16,505 - INFO - Skipping file week_31_Sem_31jul_2021_06ago_2021.xls as it is already loaded into RDS.
2024-10-02 17:41:16,507 - INFO - Skipping file week_32_Sem_07ago_2021_13ago_2021.xls as it is already loaded into RDS.
2024-10-02 17:41:16,509 - INFO - Skipping file week_33_Sem_14ago_2021_20ago_2021.xls as it is already loaded into RDS.
2024-10-02 17:41:16,514 - INFO - Skipping file week_34_Sem_21ago_2021_27ago_2021.xls as it is already loaded into RDS.
2024-10-02 17:41:16,516 - INFO - Skipping file week_35_Sem_28ago_2021_03sep_2021.xls as it is already loaded into RDS.
2024-10-02 17:41:16,518 - INFO - Skipping file week_36_Sem_04sep_2021_10sep_2021.xls as it is already loaded into RDS.
2024-10-02 17:41:16,520 - INFO - Skipping file week_37_Sem_11sep_2021_17sep_2021.xls as it is already loaded into RDS.
2024-10-02 17:41:16,522 - INFO - Skipping file week_38_Sem_18sep_2021_24sep_2021.xls as it is already loaded into RDS.
2024-10-02 17:41:16,527 - INFO - Skipping file week_39_Sem_25sep_2021_01oct_2021.xls as it is already loaded into RDS.
2024-10-02 17:41:16,532 - INFO - Skipping file week_3_Sem_16ene_2021__22ene_2021.xlsx as it is already loaded into RDS.
2024-10-02 17:41:16,534 - INFO - Skipping file week_40_Sem_02oct_2021_08oct_2021.xls as it is already loaded into RDS.
2024-10-02 17:41:16,537 - INFO - Skipping file week_41_Sem_09oct_2021_15oct_2021.xls as it is already loaded into RDS.
2024-10-02 17:41:16,539 - INFO - Skipping file week_42_Sem_16oct_2021_22oct_2021.xls as it is already loaded into RDS.
2024-10-02 17:41:16,543 - INFO - Skipping file week_43_Sem_23oct_2021_29oct_2021.xls as it is already loaded into RDS.
2024-10-02 17:41:16,545 - INFO - Skipping file week_44_Sem_30oct_2021__05nov_2021.xls as it is already loaded into RDS.
2024-10-02 17:41:16,547 - INFO - Skipping file week_45_Sem_13nov_2021__19nov_2021.xlsx as it is already loaded into RDS.
2024-10-02 17:41:16,549 - INFO - Skipping file week_46_Sem_20nov_2021__26nov_2021.xlsx as it is already loaded into RDS.
2024-10-02 17:41:16,551 - INFO - Skipping file week_47_Sem_27nov_2021__03dic_2021.xlsx as it is already loaded into RDS.
2024-10-02 17:41:16,553 - INFO - Skipping file week_48_Sem_04dic_2021__10dic_2021.xlsx as it is already loaded into RDS.
2024-10-02 17:41:16,555 - INFO - Skipping file week_49_Sem_11dic_2021_17dic_2021.xlsx as it is already loaded into RDS.
2024-10-02 17:41:16,557 - INFO - Skipping file week_4_Sem_23ene_2021__29ene_2021.xlsx as it is already loaded into RDS.
2024-10-02 17:41:16,560 - INFO - Skipping file week_50_Sem_18dic_2021_24dic_2021.xlsx as it is already loaded into RDS.
2024-10-02 17:41:16,562 - INFO - Skipping file week_51_Sem_25dic_2021_31dic_2021.xlsx as it is already loaded into RDS.
2024-10-02 17:41:16,564 - INFO - Skipping file week_5_Sem_30ene_2021__05feb_2021.xlsx as it is already loaded into RDS.
2024-10-02 17:41:16,566 - INFO - Skipping file week_6_Sem_06feb_2021__12feb_2021.xlsx as it is already loaded into RDS.
2024-10-02 17:41:16,568 - INFO - Skipping file week_7_Sem_13feb_2021__19feb_2021.xlsx as it is already loaded into RDS.
2024-10-02 17:41:16,569 - INFO - Skipping file week_8_Sem_20feb_2021__26feb_2021.xlsx as it is already loaded into RDS.
2024-10-02 17:41:16,572 - INFO - Skipping file week_9_Sem_27feb_2021_05mar_2021.xlsx as it is already loaded into RDS.
2024-10-02 17:41:16,573 - INFO - Skipping file week_10_Sem_05mar_2022_11mar_2022.xlsx as it is already loaded into RDS.
2024-10-02 17:41:16,576 - INFO - Skipping file week_11_Anex_12mar_al_18mar_2022.xlsx as it is already loaded into RDS.
2024-10-02 17:41:16,578 - INFO - Skipping file week_12_anex_19mar_al_25mar_2022.xlsx as it is already loaded into RDS.
2024-10-02 17:41:16,580 - INFO - Skipping file week_13_anex_26mar_al_01abr_2022.xlsx as it is already loaded into RDS.
2024-10-02 17:41:16,582 - INFO - Skipping file week_14_anex_02abr_al_08abr_2022.xlsx as it is already loaded into RDS.
2024-10-02 17:41:16,584 - INFO - Skipping file week_15_anex_09abr_al_13abr_2022.xlsx as it is already loaded into RDS.
2024-10-02 17:41:16,586 - INFO - Skipping file week_16_anex_16abr_al_22abr_2022.xlsx as it is already loaded into RDS.
2024-10-02 17:41:16,588 - INFO - Skipping file week_17_anex_23abr_al_29abr_2022.xlsx as it is already loaded into RDS.
2024-10-02 17:41:16,591 - INFO - Skipping file week_18_anex_30abr_al_06may_2022.xlsx as it is already loaded into RDS.
2024-10-02 17:41:16,593 - INFO - Skipping file week_19_anex_07may_al_13may_2022.xlsx as it is already loaded into RDS.
2024-10-02 17:41:16,599 - INFO - Skipping file week_1_Sem_01ene_2022_07ene_2022.xlsx as it is already loaded into RDS.
2024-10-02 17:41:16,602 - INFO - Skipping file week_20_anex_14may_al_20may_2022.xlsx as it is already loaded into RDS.
2024-10-02 17:41:16,604 - INFO - Skipping file week_21_anex_21may_al_27may_2022.xlsx as it is already loaded into RDS.
2024-10-02 17:41:16,607 - INFO - Skipping file week_22_anex_28may_al_03jun_2022.xlsx as it is already loaded into RDS.
2024-10-02 17:41:16,610 - INFO - Skipping file week_23_anex_04jun_al_10jun_2022.xlsx as it is already loaded into RDS.
2024-10-02 17:41:16,612 - INFO - Skipping file week_24_anex_11jun_al_17jun_2022.xlsx as it is already loaded into RDS.
2024-10-02 17:41:16,615 - INFO - Skipping file week_25_anex_18jun_al_24jun_2022.xlsx as it is already loaded into RDS.
2024-10-02 17:41:16,617 - INFO - Skipping file week_26_anex_25jun_al_01jul_2022.xlsx as it is already loaded into RDS.
2024-10-02 17:41:16,619 - INFO - Skipping file week_27_anex_02jul_al_08jul_2022.xlsx as it is already loaded into RDS.
2024-10-02 17:41:16,622 - INFO - Skipping file week_28_anex_09jul_al_15jul_2022.xlsx as it is already loaded into RDS.
2024-10-02 17:41:16,624 - INFO - Skipping file week_29_anex_16jul_al_22jul_2022.xlsx as it is already loaded into RDS.
2024-10-02 17:41:16,628 - INFO - Skipping file week_2_Sem_08ene_2022_14ene_2022.xlsx as it is already loaded into RDS.
2024-10-02 17:41:16,630 - INFO - Skipping file week_30_anex_23jul_al_29jul_2022.xlsx as it is already loaded into RDS.
2024-10-02 17:41:16,632 - INFO - Skipping file week_31_anex_30jul_al_05ago_2022.xlsx as it is already loaded into RDS.
2024-10-02 17:41:16,635 - INFO - Skipping file week_32_anex_06ago_al_12ago_2022.xlsx as it is already loaded into RDS.
2024-10-02 17:41:16,637 - INFO - Skipping file week_33_anex_13ago_al_19ago_2022.xlsx as it is already loaded into RDS.
2024-10-02 17:41:16,641 - INFO - Skipping file week_34_anex_20ago_al_26ago_2022.xlsx as it is already loaded into RDS.
2024-10-02 17:41:16,645 - INFO - Skipping file week_35_anex_27ago_al_02sep_2022.xlsx as it is already loaded into RDS.
2024-10-02 17:41:16,647 - INFO - Skipping file week_36_anex_03sep_al_08sep_2022.xlsx as it is already loaded into RDS.
2024-10-02 17:41:16,649 - INFO - Skipping file week_37_anex_10sep_al_16sep_2022.xlsx as it is already loaded into RDS.
2024-10-02 17:41:16,652 - INFO - Skipping file week_38_anex_17sep_al_23sep_2022.xlsx as it is already loaded into RDS.
2024-10-02 17:41:16,654 - INFO - Skipping file week_39_anex_24sep_al_30sep_2022.xlsx as it is already loaded into RDS.
2024-10-02 17:41:16,656 - INFO - Skipping file week_3_Sem_15ene_2022_21ene_2022.xlsx as it is already loaded into RDS.
2024-10-02 17:41:16,660 - INFO - Skipping file week_40_anex_01oct_al_07oct_2022.xlsx as it is already loaded into RDS.
2024-10-02 17:41:16,662 - INFO - Skipping file week_41_anex_08oct_al_14oct_2022.xlsx as it is already loaded into RDS.
2024-10-02 17:41:16,664 - INFO - Skipping file week_44_anex_29oct_al_04nov_2022.xlsx as it is already loaded into RDS.
2024-10-02 17:41:16,666 - INFO - Skipping file week_45_anex_05nov_al_11nov_2022.xlsx as it is already loaded into RDS.
2024-10-02 17:41:16,668 - INFO - Skipping file week_46_anex_12nov_al_18nov_2022.xlsx as it is already loaded into RDS.
2024-10-02 17:41:16,670 - INFO - Skipping file week_47_anex_19nov_al_25nov_2022.xlsx as it is already loaded into RDS.
2024-10-02 17:41:16,673 - INFO - Skipping file week_48_anex_26nov_al_2dic_2022.xlsx as it is already loaded into RDS.
2024-10-02 17:41:16,675 - INFO - Skipping file week_49_anex_3dic_al_9dic_2022.xlsx as it is already loaded into RDS.
2024-10-02 17:41:16,677 - INFO - Skipping file week_4_Sem_22ene_2022_28ene_2022.xlsx as it is already loaded into RDS.
2024-10-02 17:41:16,679 - INFO - Skipping file week_50_anex_10dic_al_16dic_2022.xlsx as it is already loaded into RDS.
2024-10-02 17:41:16,681 - INFO - Skipping file week_51_anex_17dic_al_23dic_2022.xlsx as it is already loaded into RDS.
2024-10-02 17:41:16,683 - INFO - Skipping file week_52_anex_24dic_al_30dic_2022.xlsx as it is already loaded into RDS.
2024-10-02 17:41:16,686 - INFO - Skipping file week_53_anex_31dic_al_06ene_2023.xlsx as it is already loaded into RDS.
2024-10-02 17:41:16,688 - INFO - Skipping file week_5_Sem_29ene_2022_04feb_2022.xlsx as it is already loaded into RDS.
2024-10-02 17:41:16,690 - INFO - Skipping file week_6_Sem_05feb_2022_11feb_2022.xlsx as it is already loaded into RDS.
2024-10-02 17:41:16,693 - INFO - Skipping file week_7_Sem_12feb_2022_18feb_2022.xlsx as it is already loaded into RDS.
2024-10-02 17:41:16,695 - INFO - Skipping file week_8_Sem_19feb_2022_25feb_2022.xlsx as it is already loaded into RDS.
2024-10-02 17:41:16,697 - INFO - Skipping file week_9_Sem_26feb_2022_04mar_2022.xlsx as it is already loaded into RDS.
2024-10-02 17:41:16,699 - INFO - Skipping file week_10_anex_04mar_al_10mar_2023.xlsx as it is already loaded into RDS.
2024-10-02 17:41:16,700 - INFO - Skipping file week_11_anex_11mar_al_17mar_2023.xlsx as it is already loaded into RDS.
2024-10-02 17:41:16,704 - INFO - Skipping file week_12_anex_18mar_al_24mar_2023.xlsx as it is already loaded into RDS.
2024-10-02 17:41:16,706 - INFO - Skipping file week_13_anex_25mar_al_31mar_2023.xlsx as it is already loaded into RDS.
2024-10-02 17:41:16,708 - INFO - Skipping file week_14_anex_01abr_al_05abr_2023.xlsx as it is already loaded into RDS.
2024-10-02 17:41:16,711 - INFO - Skipping file week_15_anex_08abr_al_14abr_2023.xlsx as it is already loaded into RDS.
2024-10-02 17:41:16,713 - INFO - Skipping file week_16_anex_15abr_al_21abr_2023.xlsx as it is already loaded into RDS.
2024-10-02 17:41:16,715 - INFO - Skipping file week_17_anex_22abr_al_28abr_2023.xlsx as it is already loaded into RDS.
2024-10-02 17:41:16,719 - INFO - Skipping file week_18_anex_29abr_al_05may_2023.xlsx as it is already loaded into RDS.
2024-10-02 17:41:16,723 - INFO - Skipping file week_19_anex_06may_al_12may_2023.xlsx as it is already loaded into RDS.
2024-10-02 17:41:16,727 - INFO - Skipping file week_1_anex_31dic_al_06ene_2023.xlsx as it is already loaded into RDS.
2024-10-02 17:41:16,729 - INFO - Skipping file week_20_anex_13may_al_19may_2023.xlsx as it is already loaded into RDS.
2024-10-02 17:41:16,731 - INFO - Skipping file week_21_anex_20may_al_26may_2023.xlsx as it is already loaded into RDS.
2024-10-02 17:41:16,734 - INFO - Skipping file week_22_anex-SIPSASemanal-27may-02jun-2023.xlsx as it is already loaded into RDS.
2024-10-02 17:41:16,736 - INFO - Skipping file week_23_anex-SIPSASemanal-03jun-09jun-2023.xlsx as it is already loaded into RDS.
2024-10-02 17:41:16,738 - INFO - Skipping file week_24_anex-SIPSASemanal-10jun-16jun-2023.xlsx as it is already loaded into RDS.
2024-10-02 17:41:16,740 - INFO - Skipping file week_25_anex-SIPSASemanal-17jun-23jun-2023.xlsx as it is already loaded into RDS.
2024-10-02 17:41:16,743 - INFO - Skipping file week_26_anex-SIPSASemanal-24jun-30jun-2023.xlsx as it is already loaded into RDS.
2024-10-02 17:41:16,745 - INFO - Skipping file week_27_anex-SIPSASemanal-01jul-07jul-2023.xlsx as it is already loaded into RDS.
2024-10-02 17:41:16,747 - INFO - Skipping file week_28_anex-SIPSASemanal-08jul-14jul-2023.xlsx as it is already loaded into RDS.
2024-10-02 17:41:16,750 - INFO - Skipping file week_29_anex-SIPSASemanal-15jul-21jul-2023.xlsx as it is already loaded into RDS.
2024-10-02 17:41:16,753 - INFO - Skipping file week_2_anex_07ene_al_13ene_2023.xlsx as it is already loaded into RDS.
2024-10-02 17:41:16,755 - INFO - Skipping file week_30_anex-SIPSASemanal-22jul-28jul-2023.xlsx as it is already loaded into RDS.
2024-10-02 17:41:16,757 - INFO - Skipping file week_31_anex-SIPSASemanal-29jul-04ago-2023.xlsx as it is already loaded into RDS.
2024-10-02 17:41:16,760 - INFO - Skipping file week_32_anex-SIPSASemanal-05ago-11ago-2023.xlsx as it is already loaded into RDS.
2024-10-02 17:41:16,762 - INFO - Skipping file week_33_anex-SIPSASemanal-12ago-18ago-2023.xlsx as it is already loaded into RDS.
2024-10-02 17:41:16,764 - INFO - Skipping file week_34_anex-SIPSASemanal-19ago-25ago-2023.xlsx as it is already loaded into RDS.
2024-10-02 17:41:16,767 - INFO - Skipping file week_35_anex-SIPSASemanal-26ago-01sep-2023.xlsx as it is already loaded into RDS.
2024-10-02 17:41:16,770 - INFO - Skipping file week_36_anex-SIPSASemanal-02sep-08sep-2023.xlsx as it is already loaded into RDS.
2024-10-02 17:41:16,772 - INFO - Skipping file week_37_anex-SIPSASemanal-09sep-15sep-2023.xlsx as it is already loaded into RDS.
2024-10-02 17:41:16,775 - INFO - Skipping file week_38_anex-SIPSASemanal-16sep-22sep-2023.xlsx as it is already loaded into RDS.
2024-10-02 17:41:16,777 - INFO - Skipping file week_39_anex-SIPSASemanal-23sep-29sep-2023.xlsx as it is already loaded into RDS.
2024-10-02 17:41:16,779 - INFO - Skipping file week_3_anex_14ene_al_20ene_2023.xlsx as it is already loaded into RDS.
2024-10-02 17:41:16,781 - INFO - Skipping file week_40_anex-SIPSASemanal-30sep-06oct-2023.xlsx as it is already loaded into RDS.
2024-10-02 17:41:16,783 - INFO - Skipping file week_41_anex-SIPSASemanal-07oct-13oct-2023.xlsx as it is already loaded into RDS.
2024-10-02 17:41:16,785 - INFO - Skipping file week_42_anex-SIPSASemanal-14oct-20oct-2023.xlsx as it is already loaded into RDS.
2024-10-02 17:41:16,787 - INFO - Skipping file week_43_anex-SIPSASemanal-21oct-27oct-2023.xlsx as it is already loaded into RDS.
2024-10-02 17:41:16,789 - INFO - Skipping file week_44_anex-SIPSASemanal-28oct-03nov-2023.xlsx as it is already loaded into RDS.
2024-10-02 17:41:16,792 - INFO - Skipping file week_45_anex-SIPSASemanal-04nov-10nov-2023.xlsx as it is already loaded into RDS.
2024-10-02 17:41:16,794 - INFO - Skipping file week_46_anex-SIPSASemanal-11nov-17nov-2023.xlsx as it is already loaded into RDS.
2024-10-02 17:41:16,796 - INFO - Skipping file week_47_anex-SIPSASemanal-18nov-24nov-2023.xlsx as it is already loaded into RDS.
2024-10-02 17:41:16,798 - INFO - Skipping file week_48_anex-SIPSASemanal-25nov-01dic-2023.xlsx as it is already loaded into RDS.
2024-10-02 17:41:16,801 - INFO - Skipping file week_49_anex-SIPSASemanal-02dic-07dic-2023.xlsx as it is already loaded into RDS.
2024-10-02 17:41:16,802 - INFO - Skipping file week_4_anex_21ene_al_27ene_2023.xlsx as it is already loaded into RDS.
2024-10-02 17:41:16,805 - INFO - Skipping file week_50_anex-SIPSASemanal-09dic-15dic-2023.xlsx as it is already loaded into RDS.
2024-10-02 17:41:16,807 - INFO - Skipping file week_51_anex-SIPSASemanal-16dic-22dic-2023.xlsx as it is already loaded into RDS.
2024-10-02 17:41:16,809 - INFO - Skipping file week_52_anex-SIPSASemanal-23dic-29dic-2023.xlsx as it is already loaded into RDS.
2024-10-02 17:41:16,811 - INFO - Skipping file week_53_anex-SIPSASemanal-30dic-05ene-2024.xlsx as it is already loaded into RDS.
2024-10-02 17:41:16,816 - INFO - Skipping file week_54_anex-SIPSASemanal-24feb-01mar-2024.xlsx as it is already loaded into RDS.
2024-10-02 17:41:16,819 - INFO - Skipping file week_5_anex_28ene_al_03feb_2023.xlsx as it is already loaded into RDS.
2024-10-02 17:41:16,821 - INFO - Skipping file week_6_anex_04feb_al_10feb_2023.xlsx as it is already loaded into RDS.
2024-10-02 17:41:16,823 - INFO - Skipping file week_7_anex_11feb_al_17feb_2023.xlsx as it is already loaded into RDS.
2024-10-02 17:41:16,827 - INFO - Skipping file week_8_anex_18feb_al_24feb_2023.xlsx as it is already loaded into RDS.
2024-10-02 17:41:16,830 - INFO - Skipping file week_9_anex_25feb_al_03mar_2023.xlsx as it is already loaded into RDS.
2024-10-02 17:41:16,832 - INFO - Skipping file week_10_anex-SIPSASemanal-02mar-08mar-2024.xlsx as it is already loaded into RDS.
2024-10-02 17:41:16,834 - INFO - Skipping file week_11_anex-SIPSASemanal-09mar-16mar-2024.xlsx as it is already loaded into RDS.
2024-10-02 17:41:16,836 - INFO - Skipping file week_12_anex-SIPSASemanal-16mar-22mar-2024.xlsx as it is already loaded into RDS.
2024-10-02 17:41:16,839 - INFO - Skipping file week_13_anex-SIPSASemanal-23mar-27mar-2024.xlsx as it is already loaded into RDS.
2024-10-02 17:41:16,842 - INFO - Skipping file week_14_anex-SIPSASemanal-30mar-05abr-2024.xlsx as it is already loaded into RDS.
2024-10-02 17:41:16,845 - INFO - Skipping file week_15_anex-SIPSASemanal-06abr-12abr-2024.xlsx as it is already loaded into RDS.
2024-10-02 17:41:16,848 - INFO - Skipping file week_16_anex-SIPSASemanal-13abr-19abr-2024.xlsx as it is already loaded into RDS.
2024-10-02 17:41:16,850 - INFO - Skipping file week_17_anex-SIPSASemanal-20abr-26abr-2024.xlsx as it is already loaded into RDS.
2024-10-02 17:41:16,853 - INFO - Skipping file week_18_anex-SIPSASemanal-27abr-03may-2024.xlsx as it is already loaded into RDS.
2024-10-02 17:41:16,855 - INFO - Skipping file week_19_anex-SIPSASemanal-03may-10may-2024.xlsx as it is already loaded into RDS.
2024-10-02 17:41:16,857 - INFO - Skipping file week_1_anex-SIPSASemanal-30dic-05ene-2024.xlsx as it is already loaded into RDS.
2024-10-02 17:41:16,860 - INFO - Skipping file week_20_anex-SIPSASemanal-11may-17may-2024.xlsx as it is already loaded into RDS.
2024-10-02 17:41:16,862 - INFO - Skipping file week_21_anex-SIPSASemanal-18may-24may-2024.xlsx as it is already loaded into RDS.
2024-10-02 17:41:16,865 - INFO - Skipping file week_22_anex-SIPSASemanal-25may-31may-2024.xlsx as it is already loaded into RDS.
2024-10-02 17:41:16,867 - INFO - Skipping file week_23_anex-SIPSASemanal-1jun-7jun-2024.xlsx as it is already loaded into RDS.
2024-10-02 17:41:16,869 - INFO - Skipping file week_24_anex-SIPSASemanal-8jun-14jun-2024.xlsx as it is already loaded into RDS.
2024-10-02 17:41:16,871 - INFO - Skipping file week_25_anex-SIPSASemanal-15jun-21jun-2024.xlsx as it is already loaded into RDS.
2024-10-02 17:41:16,873 - INFO - Skipping file week_26_anex-SIPSASemanal-22jun-28jun-2024.xlsx as it is already loaded into RDS.
2024-10-02 17:41:16,877 - INFO - Skipping file week_27_anex-SIPSASemanal-29jun-5jul-2024.xlsx as it is already loaded into RDS.
2024-10-02 17:41:16,879 - INFO - Skipping file week_28_anex-SIPSASemanal-6jul-12jul-2024.xlsx as it is already loaded into RDS.
2024-10-02 17:41:16,881 - INFO - Skipping file week_29_anex-SIPSASemanal-13jul-19jul-2024.xlsx as it is already loaded into RDS.
2024-10-02 17:41:16,883 - INFO - Skipping file week_2_anex-SIPSASemanal-06ene-12ene-2024.xlsx as it is already loaded into RDS.
2024-10-02 17:41:16,885 - INFO - Skipping file week_30_anex-SIPSASemanal-20jul-26jul-2024.xlsx as it is already loaded into RDS.
2024-10-02 17:41:16,887 - INFO - Skipping file week_31_anex-SIPSASemanal-27jul-2ago-2024.xlsx as it is already loaded into RDS.
2024-10-02 17:41:16,889 - INFO - Skipping file week_32_anex-SIPSASemanal-3ago-9ago-2024.xlsx as it is already loaded into RDS.
2024-10-02 17:41:16,892 - INFO - Skipping file week_33_anex-SIPSASemanal-10ago-16ago-2024.xlsx as it is already loaded into RDS.
2024-10-02 17:41:16,894 - INFO - Skipping file week_34_anex-SIPSASemanal-17ago-23ago-2024.xlsx as it is already loaded into RDS.
2024-10-02 17:41:16,896 - INFO - Skipping file week_35_anex-SIPSASemanal-24ago-30ago-2024.xlsx as it is already loaded into RDS.
2024-10-02 17:41:16,898 - INFO - Skipping file week_36_anex-SIPSASemanal-31ago-6sep-2024.xlsx as it is already loaded into RDS.
2024-10-02 17:41:16,900 - INFO - Skipping file week_37_anex-SIPSASemanal-7sep-13sep-2024.xlsx as it is already loaded into RDS.
2024-10-02 17:41:16,902 - INFO - Skipping file week_38_anex-SIPSASemanal-14sep-20sep-2024.xlsx as it is already loaded into RDS.
2024-10-02 17:41:16,904 - INFO - Skipping file week_39_anex-SIPSASemanal-21sep-27sep-2024.xlsx as it is already loaded into RDS.
2024-10-02 17:41:16,907 - INFO - Skipping file week_3_anex-SIPSASemanal-13ene-19ene-2024.xlsx as it is already loaded into RDS.
2024-10-02 17:41:16,910 - INFO - Skipping file week_4_anex-SIPSASemanal-20ene-26ene-2024.xlsx as it is already loaded into RDS.
2024-10-02 17:41:16,912 - INFO - Skipping file week_5_anex-SIPSASemanal-27ene-02feb-2024.xlsx as it is already loaded into RDS.
2024-10-02 17:41:16,914 - INFO - Skipping file week_6_anex-SIPSASemanal-03feb-09feb-2024.xlsx as it is already loaded into RDS.
2024-10-02 17:41:16,916 - INFO - Skipping file week_7_anex-SIPSASemanal-10feb-16feb-2024.xlsx as it is already loaded into RDS.
2024-10-02 17:41:16,918 - INFO - Skipping file week_8_anex-SIPSASemanal-17feb-23feb-2024.xlsx as it is already loaded into RDS.
2024-10-02 17:41:16,920 - INFO - Skipping file week_9_anex-SIPSASemanal-24feb-01mar-2024.xlsx as it is already loaded into RDS.
2024-10-02 17:41:16,921 - INFO - Uploading log file  to S3 bsucket s3.ServiceResource()
2024-10-02 17:41:17,077 - INFO - Log file uploaded to S3: s3://s3.ServiceResource()/logs/sipsa_process_10_02_2024.log
